+ date
+ echo MONITOR: START at Fri Aug 26 09:45:04 UTC 2016
MONITOR: START at Fri Aug 26 09:45:04 UTC 2016
+ python=python
+ input_file=/notebooks/daiwk/mxnet/example/neural-style//input//baidu.jpg
+ style_file=/notebooks/daiwk/mxnet/example/neural-style//style//style-picasso.jpg
+ output_name=baidu_picasso
+ max_num_epochs=200
+ mkdir -p output/baidu_picasso/
+ /bin/rm -rf output/baidu_picasso/*
+ output_file=output/baidu_picasso/baidu_picasso_200.jpg
+ python run.py --content-image /notebooks/daiwk/mxnet/example/neural-style//input//baidu.jpg --style-image /notebooks/daiwk/mxnet/example/neural-style//style//style-picasso.jpg --gpu -1 --save-epochs 5 --max-num-epochs 200 --output output/baidu_picasso/baidu_picasso_200.jpg
libdc1394 error: Failed to initialize libdc1394
INFO:root:load the content image, size = (588, 940)
INFO:root:resize the content image to (375, 600)
[09:45:05] src/operator/./reshape-inl.h:249: Using target_shape will be deprecated.
[09:45:05] src/operator/./reshape-inl.h:249: Using target_shape will be deprecated.
[09:45:05] src/operator/./reshape-inl.h:249: Using target_shape will be deprecated.
[09:45:05] src/operator/./reshape-inl.h:249: Using target_shape will be deprecated.
[09:45:05] src/operator/./reshape-inl.h:249: Using target_shape will be deprecated.
[09:45:05] src/operator/./reshape-inl.h:249: Using target_shape will be deprecated.
[09:45:05] src/operator/./reshape-inl.h:249: Using target_shape will be deprecated.
[09:45:05] src/operator/./reshape-inl.h:249: Using target_shape will be deprecated.
[09:45:05] src/operator/./reshape-inl.h:249: Using target_shape will be deprecated.
[09:45:05] src/operator/./reshape-inl.h:249: Using target_shape will be deprecated.
[09:45:05] src/operator/./reshape-inl.h:249: Using target_shape will be deprecated.
[09:45:05] src/operator/./reshape-inl.h:249: Using target_shape will be deprecated.
[09:45:05] src/operator/./reshape-inl.h:249: Using target_shape will be deprecated.
[09:45:05] src/operator/./reshape-inl.h:249: Using target_shape will be deprecated.
[09:45:05] src/operator/./reshape-inl.h:249: Using target_shape will be deprecated.
[09:45:44] src/operator/./reshape-inl.h:249: Using target_shape will be deprecated.
[09:45:44] src/operator/./reshape-inl.h:249: Using target_shape will be deprecated.
[09:45:44] src/operator/./reshape-inl.h:249: Using target_shape will be deprecated.
[09:45:44] src/operator/./reshape-inl.h:249: Using target_shape will be deprecated.
[09:45:44] src/operator/./reshape-inl.h:249: Using target_shape will be deprecated.
Skip argument target_gram_0
Skip argument target_gram_1
Skip argument target_gram_2
Skip argument target_gram_3
Skip argument target_gram_4
Skip argument target_content
[09:45:44] src/operator/./reshape-inl.h:249: Using target_shape will be deprecated.
[09:45:44] src/operator/./reshape-inl.h:249: Using target_shape will be deprecated.
[09:45:44] src/operator/./reshape-inl.h:249: Using target_shape will be deprecated.
[09:45:44] src/operator/./reshape-inl.h:249: Using target_shape will be deprecated.
[09:45:44] src/operator/./reshape-inl.h:249: Using target_shape will be deprecated.
[09:45:44] src/operator/./reshape-inl.h:249: Using target_shape will be deprecated.
[09:45:44] src/operator/./reshape-inl.h:249: Using target_shape will be deprecated.
[09:45:44] src/operator/./reshape-inl.h:249: Using target_shape will be deprecated.
[09:45:44] src/operator/./reshape-inl.h:249: Using target_shape will be deprecated.
[09:45:44] src/operator/./reshape-inl.h:249: Using target_shape will be deprecated.
INFO:root:start training arguments Namespace(content_image='/notebooks/daiwk/mxnet/example/neural-style//input//baidu.jpg', content_weight=10, gpu=-1, lr=0.001, max_long_edge=600, max_num_epochs=200, model='vgg19', output='output/baidu_picasso/baidu_picasso_200.jpg', remove_noise=0.02, save_epochs=5, stop_eps=0.005, style_image='/notebooks/daiwk/mxnet/example/neural-style//style//style-picasso.jpg', style_weight=1, tv_weight=0.01)
INFO:root:epoch 0, relative change 0.996426
INFO:root:epoch 1, relative change 0.642994
INFO:root:epoch 2, relative change 0.479239
INFO:root:epoch 3, relative change 0.387547
INFO:root:epoch 4, relative change 0.323315
INFO:root:save output to output/tmp_5.jpg
/usr/local/lib/python2.7/dist-packages/skimage/util/dtype.py:110: UserWarning: Possible precision loss when converting from float64 to uint8
  "%s to %s" % (dtypeobj_in, dtypeobj))
INFO:root:epoch 5, relative change 0.250405
INFO:root:epoch 6, relative change 0.189900
INFO:root:epoch 7, relative change 0.157925
INFO:root:epoch 8, relative change 0.141766
INFO:root:epoch 9, relative change 0.133005
INFO:root:save output to output/tmp_10.jpg
INFO:root:epoch 10, relative change 0.128651
INFO:root:epoch 11, relative change 0.128305
INFO:root:epoch 12, relative change 0.129720
INFO:root:epoch 13, relative change 0.129713
INFO:root:epoch 14, relative change 0.127348
INFO:root:save output to output/tmp_15.jpg
INFO:root:epoch 15, relative change 0.119977
INFO:root:epoch 16, relative change 0.108686
INFO:root:epoch 17, relative change 0.098635
INFO:root:epoch 18, relative change 0.090513
INFO:root:epoch 19, relative change 0.083967
INFO:root:save output to output/tmp_20.jpg
INFO:root:epoch 20, relative change 0.079723
INFO:root:epoch 21, relative change 0.077479
INFO:root:epoch 22, relative change 0.076320
INFO:root:epoch 23, relative change 0.075910
INFO:root:epoch 24, relative change 0.076048
INFO:root:save output to output/tmp_25.jpg
INFO:root:epoch 25, relative change 0.076018
INFO:root:epoch 26, relative change 0.075913
INFO:root:epoch 27, relative change 0.075155
INFO:root:epoch 28, relative change 0.073932
INFO:root:epoch 29, relative change 0.072460
INFO:root:save output to output/tmp_30.jpg
INFO:root:epoch 30, relative change 0.070904
INFO:root:epoch 31, relative change 0.069458
INFO:root:epoch 32, relative change 0.068019
INFO:root:epoch 33, relative change 0.066886
INFO:root:epoch 34, relative change 0.065797
INFO:root:save output to output/tmp_35.jpg
INFO:root:epoch 35, relative change 0.064668
INFO:root:epoch 36, relative change 0.063569
INFO:root:epoch 37, relative change 0.062358
INFO:root:epoch 38, relative change 0.061457
INFO:root:epoch 39, relative change 0.060423
INFO:root:save output to output/tmp_40.jpg
INFO:root:epoch 40, relative change 0.059657
INFO:root:epoch 41, relative change 0.058332
INFO:root:epoch 42, relative change 0.056824
INFO:root:epoch 43, relative change 0.053182
INFO:root:epoch 44, relative change 0.050862
INFO:root:save output to output/tmp_45.jpg
INFO:root:epoch 45, relative change 0.050666
INFO:root:epoch 46, relative change 0.051250
INFO:root:epoch 47, relative change 0.052104
INFO:root:epoch 48, relative change 0.049987
INFO:root:epoch 49, relative change 0.047688
INFO:root:save output to output/tmp_50.jpg
INFO:root:epoch 50, relative change 0.044577
INFO:root:epoch 51, relative change 0.042230
INFO:root:epoch 52, relative change 0.041232
INFO:root:epoch 53, relative change 0.038037
INFO:root:epoch 54, relative change 0.038608
INFO:root:save output to output/tmp_55.jpg
INFO:root:epoch 55, relative change 0.039799
INFO:root:epoch 56, relative change 0.035051
INFO:root:epoch 57, relative change 0.036814
INFO:root:epoch 58, relative change 0.034192
INFO:root:epoch 59, relative change 0.031153
INFO:root:save output to output/tmp_60.jpg
INFO:root:epoch 60, relative change 0.031920
INFO:root:epoch 61, relative change 0.031988
INFO:root:epoch 62, relative change 0.028554
INFO:root:epoch 63, relative change 0.031553
INFO:root:epoch 64, relative change 0.030684
INFO:root:save output to output/tmp_65.jpg
INFO:root:epoch 65, relative change 0.026255
INFO:root:epoch 66, relative change 0.030091
INFO:root:epoch 67, relative change 0.029144
INFO:root:epoch 68, relative change 0.024944
INFO:root:epoch 69, relative change 0.028711
INFO:root:save output to output/tmp_70.jpg
INFO:root:epoch 70, relative change 0.027091
INFO:root:epoch 71, relative change 0.024492
INFO:root:epoch 72, relative change 0.025342
INFO:root:epoch 73, relative change 0.023673
INFO:root:epoch 74, relative change 0.023487
INFO:root:save output to output/tmp_75.jpg
INFO:root:epoch 75, relative change 0.023539
INFO:root:epoch 76, relative change 0.021752
INFO:root:epoch 77, relative change 0.022610
INFO:root:epoch 78, relative change 0.022612
INFO:root:epoch 79, relative change 0.020295
INFO:root:save output to output/tmp_80.jpg
INFO:root:epoch 80, relative change 0.022477
INFO:root:Update[81]: Change learning rate to 9.00000e-04
INFO:root:epoch 81, relative change 0.020703
INFO:root:epoch 82, relative change 0.020508
INFO:root:epoch 83, relative change 0.018424
INFO:root:epoch 84, relative change 0.020555
INFO:root:save output to output/tmp_85.jpg
INFO:root:epoch 85, relative change 0.017587
INFO:root:epoch 86, relative change 0.020640
INFO:root:epoch 87, relative change 0.016994
INFO:root:epoch 88, relative change 0.021299
INFO:root:epoch 89, relative change 0.016741
INFO:root:save output to output/tmp_90.jpg
INFO:root:epoch 90, relative change 0.019236
INFO:root:epoch 91, relative change 0.017753
INFO:root:epoch 92, relative change 0.016236
INFO:root:epoch 93, relative change 0.019451
INFO:root:epoch 94, relative change 0.016472
INFO:root:save output to output/tmp_95.jpg
INFO:root:epoch 95, relative change 0.019750
INFO:root:epoch 96, relative change 0.015559
INFO:root:epoch 97, relative change 0.018202
INFO:root:epoch 98, relative change 0.015103
INFO:root:epoch 99, relative change 0.017875
INFO:root:save output to output/tmp_100.jpg
INFO:root:epoch 100, relative change 0.014353
INFO:root:epoch 101, relative change 0.017728
INFO:root:epoch 102, relative change 0.013997
INFO:root:epoch 103, relative change 0.017160
INFO:root:epoch 104, relative change 0.013900
INFO:root:save output to output/tmp_105.jpg
INFO:root:epoch 105, relative change 0.016732
INFO:root:epoch 106, relative change 0.013781
INFO:root:epoch 107, relative change 0.015957
INFO:root:epoch 108, relative change 0.013704
INFO:root:epoch 109, relative change 0.015177
INFO:root:save output to output/tmp_110.jpg
INFO:root:epoch 110, relative change 0.013900
INFO:root:epoch 111, relative change 0.013815
INFO:root:epoch 112, relative change 0.014843
INFO:root:epoch 113, relative change 0.013178
INFO:root:epoch 114, relative change 0.016806
INFO:root:save output to output/tmp_115.jpg
INFO:root:epoch 115, relative change 0.012884
INFO:root:epoch 116, relative change 0.017697
INFO:root:epoch 117, relative change 0.012660
INFO:root:epoch 118, relative change 0.016826
INFO:root:epoch 119, relative change 0.011817
INFO:root:save output to output/tmp_120.jpg
INFO:root:epoch 120, relative change 0.016089
INFO:root:epoch 121, relative change 0.011825
INFO:root:epoch 122, relative change 0.016976
INFO:root:epoch 123, relative change 0.011847
INFO:root:epoch 124, relative change 0.015404
INFO:root:save output to output/tmp_125.jpg
INFO:root:epoch 125, relative change 0.012815
INFO:root:epoch 126, relative change 0.014704
INFO:root:epoch 127, relative change 0.012514
INFO:root:epoch 128, relative change 0.013706
INFO:root:epoch 129, relative change 0.011591
INFO:root:save output to output/tmp_130.jpg
INFO:root:epoch 130, relative change 0.015893
INFO:root:epoch 131, relative change 0.012026
INFO:root:epoch 132, relative change 0.015896
INFO:root:epoch 133, relative change 0.012616
INFO:root:epoch 134, relative change 0.015160
INFO:root:save output to output/tmp_135.jpg
INFO:root:epoch 135, relative change 0.011387
INFO:root:epoch 136, relative change 0.014135
INFO:root:epoch 137, relative change 0.011564
INFO:root:epoch 138, relative change 0.014632
INFO:root:epoch 139, relative change 0.011368
INFO:root:save output to output/tmp_140.jpg
INFO:root:epoch 140, relative change 0.014797
INFO:root:epoch 141, relative change 0.011482
INFO:root:epoch 142, relative change 0.015766
INFO:root:epoch 143, relative change 0.011539
INFO:root:epoch 144, relative change 0.015665
INFO:root:save output to output/tmp_145.jpg
INFO:root:epoch 145, relative change 0.011568
INFO:root:epoch 146, relative change 0.014539
INFO:root:epoch 147, relative change 0.011427
INFO:root:epoch 148, relative change 0.013588
INFO:root:epoch 149, relative change 0.011713
INFO:root:save output to output/tmp_150.jpg
INFO:root:epoch 150, relative change 0.013183
INFO:root:epoch 151, relative change 0.011274
INFO:root:epoch 152, relative change 0.012299
INFO:root:epoch 153, relative change 0.010581
INFO:root:epoch 154, relative change 0.013246
INFO:root:save output to output/tmp_155.jpg
INFO:root:epoch 155, relative change 0.011361
INFO:root:epoch 156, relative change 0.012940
INFO:root:epoch 157, relative change 0.010504
INFO:root:epoch 158, relative change 0.014849
INFO:root:epoch 159, relative change 0.011943
INFO:root:save output to output/tmp_160.jpg
INFO:root:epoch 160, relative change 0.014280
INFO:root:Update[161]: Change learning rate to 8.10000e-04
INFO:root:epoch 161, relative change 0.011209
INFO:root:epoch 162, relative change 0.013429
INFO:root:epoch 163, relative change 0.010399
INFO:root:epoch 164, relative change 0.012570
INFO:root:save output to output/tmp_165.jpg
INFO:root:epoch 165, relative change 0.010570
INFO:root:epoch 166, relative change 0.012623
INFO:root:epoch 167, relative change 0.010594
INFO:root:epoch 168, relative change 0.011449
INFO:root:epoch 169, relative change 0.010319
INFO:root:save output to output/tmp_170.jpg
INFO:root:epoch 170, relative change 0.011062
INFO:root:epoch 171, relative change 0.009699
INFO:root:epoch 172, relative change 0.011693
INFO:root:epoch 173, relative change 0.009469
INFO:root:epoch 174, relative change 0.013348
INFO:root:save output to output/tmp_175.jpg
INFO:root:epoch 175, relative change 0.011212
INFO:root:epoch 176, relative change 0.011048
INFO:root:epoch 177, relative change 0.011105
INFO:root:epoch 178, relative change 0.011464
INFO:root:epoch 179, relative change 0.009732
INFO:root:save output to output/tmp_180.jpg
INFO:root:epoch 180, relative change 0.011121
INFO:root:epoch 181, relative change 0.010171
INFO:root:epoch 182, relative change 0.010502
INFO:root:epoch 183, relative change 0.009785
INFO:root:epoch 184, relative change 0.009715
INFO:root:save output to output/tmp_185.jpg
INFO:root:epoch 185, relative change 0.010236
INFO:root:epoch 186, relative change 0.008967
INFO:root:epoch 187, relative change 0.011246
INFO:root:epoch 188, relative change 0.009903
INFO:root:epoch 189, relative change 0.012768
INFO:root:save output to output/tmp_190.jpg
INFO:root:epoch 190, relative change 0.008695
INFO:root:epoch 191, relative change 0.012428
INFO:root:epoch 192, relative change 0.011410
INFO:root:epoch 193, relative change 0.010467
INFO:root:epoch 194, relative change 0.010244
INFO:root:save output to output/tmp_195.jpg
INFO:root:epoch 195, relative change 0.009388
INFO:root:epoch 196, relative change 0.010478
INFO:root:epoch 197, relative change 0.009297
INFO:root:epoch 198, relative change 0.011165
INFO:root:epoch 199, relative change 0.010150
INFO:root:save output to output/tmp_200.jpg
INFO:root:save output to output/baidu_picasso/baidu_picasso_200.jpg
INFO:root:PROC_TIME: [8524929ms], [8524s] [142min] [2h]
[1.0850695e-09, 1.0879707e-09, 1.09382e-09, 1.1057093e-09, 4.4826054e-09, 10.0]
+ date
+ echo MONITOR: END at Fri Aug 26 12:07:10 UTC 2016
MONITOR: END at Fri Aug 26 12:07:10 UTC 2016
