+ date
+ echo MONITOR: START at Fri Aug 26 09:45:04 UTC 2016
MONITOR: START at Fri Aug 26 09:45:04 UTC 2016
+ python=python
+ input_file=/notebooks/daiwk/mxnet/example/neural-style//input//baidu.jpg
+ style_file=/notebooks/daiwk/mxnet/example/neural-style//style//style-vanGogh.jpg
+ output_name=baidu_vanGogh
+ max_num_epochs=200
+ mkdir -p output/baidu_vanGogh/
+ /bin/rm -rf output/baidu_vanGogh/*
+ output_file=output/baidu_vanGogh/baidu_vanGogh_200.jpg
+ python run.py --content-image /notebooks/daiwk/mxnet/example/neural-style//input//baidu.jpg --style-image /notebooks/daiwk/mxnet/example/neural-style//style//style-vanGogh.jpg --gpu -1 --save-epochs 5 --max-num-epochs 200 --output output/baidu_vanGogh/baidu_vanGogh_200.jpg
libdc1394 error: Failed to initialize libdc1394
INFO:root:load the content image, size = (588, 940)
INFO:root:resize the content image to (375, 600)
[09:45:05] src/operator/./reshape-inl.h:249: Using target_shape will be deprecated.
[09:45:05] src/operator/./reshape-inl.h:249: Using target_shape will be deprecated.
[09:45:05] src/operator/./reshape-inl.h:249: Using target_shape will be deprecated.
[09:45:05] src/operator/./reshape-inl.h:249: Using target_shape will be deprecated.
[09:45:05] src/operator/./reshape-inl.h:249: Using target_shape will be deprecated.
[09:45:05] src/operator/./reshape-inl.h:249: Using target_shape will be deprecated.
[09:45:05] src/operator/./reshape-inl.h:249: Using target_shape will be deprecated.
[09:45:05] src/operator/./reshape-inl.h:249: Using target_shape will be deprecated.
[09:45:05] src/operator/./reshape-inl.h:249: Using target_shape will be deprecated.
[09:45:05] src/operator/./reshape-inl.h:249: Using target_shape will be deprecated.
[09:45:05] src/operator/./reshape-inl.h:249: Using target_shape will be deprecated.
[09:45:05] src/operator/./reshape-inl.h:249: Using target_shape will be deprecated.
[09:45:05] src/operator/./reshape-inl.h:249: Using target_shape will be deprecated.
[09:45:05] src/operator/./reshape-inl.h:249: Using target_shape will be deprecated.
[09:45:05] src/operator/./reshape-inl.h:249: Using target_shape will be deprecated.
[09:45:43] src/operator/./reshape-inl.h:249: Using target_shape will be deprecated.
[09:45:43] src/operator/./reshape-inl.h:249: Using target_shape will be deprecated.
[09:45:43] src/operator/./reshape-inl.h:249: Using target_shape will be deprecated.
[09:45:43] src/operator/./reshape-inl.h:249: Using target_shape will be deprecated.
[09:45:43] src/operator/./reshape-inl.h:249: Using target_shape will be deprecated.
Skip argument target_gram_0
Skip argument target_gram_1
Skip argument target_gram_2
Skip argument target_gram_3
Skip argument target_gram_4
Skip argument target_content
[09:45:43] src/operator/./reshape-inl.h:249: Using target_shape will be deprecated.
[09:45:43] src/operator/./reshape-inl.h:249: Using target_shape will be deprecated.
[09:45:43] src/operator/./reshape-inl.h:249: Using target_shape will be deprecated.
[09:45:43] src/operator/./reshape-inl.h:249: Using target_shape will be deprecated.
[09:45:43] src/operator/./reshape-inl.h:249: Using target_shape will be deprecated.
[09:45:43] src/operator/./reshape-inl.h:249: Using target_shape will be deprecated.
[09:45:43] src/operator/./reshape-inl.h:249: Using target_shape will be deprecated.
[09:45:43] src/operator/./reshape-inl.h:249: Using target_shape will be deprecated.
[09:45:43] src/operator/./reshape-inl.h:249: Using target_shape will be deprecated.
[09:45:43] src/operator/./reshape-inl.h:249: Using target_shape will be deprecated.
INFO:root:start training arguments Namespace(content_image='/notebooks/daiwk/mxnet/example/neural-style//input//baidu.jpg', content_weight=10, gpu=-1, lr=0.001, max_long_edge=600, max_num_epochs=200, model='vgg19', output='output/baidu_vanGogh/baidu_vanGogh_200.jpg', remove_noise=0.02, save_epochs=5, stop_eps=0.005, style_image='/notebooks/daiwk/mxnet/example/neural-style//style//style-vanGogh.jpg', style_weight=1, tv_weight=0.01)
INFO:root:epoch 0, relative change 0.993303
INFO:root:epoch 1, relative change 0.643001
INFO:root:epoch 2, relative change 0.481129
INFO:root:epoch 3, relative change 0.388687
INFO:root:epoch 4, relative change 0.322874
INFO:root:save output to output/tmp_5.jpg
/usr/local/lib/python2.7/dist-packages/skimage/util/dtype.py:110: UserWarning: Possible precision loss when converting from float64 to uint8
  "%s to %s" % (dtypeobj_in, dtypeobj))
INFO:root:epoch 5, relative change 0.261783
INFO:root:epoch 6, relative change 0.198228
INFO:root:epoch 7, relative change 0.157636
INFO:root:epoch 8, relative change 0.135600
INFO:root:epoch 9, relative change 0.125559
INFO:root:save output to output/tmp_10.jpg
INFO:root:epoch 10, relative change 0.121800
INFO:root:epoch 11, relative change 0.119563
INFO:root:epoch 12, relative change 0.117527
INFO:root:epoch 13, relative change 0.116665
INFO:root:epoch 14, relative change 0.116870
INFO:root:save output to output/tmp_15.jpg
INFO:root:epoch 15, relative change 0.113690
INFO:root:epoch 16, relative change 0.101003
INFO:root:epoch 17, relative change 0.091466
INFO:root:epoch 18, relative change 0.086718
INFO:root:epoch 19, relative change 0.083638
INFO:root:save output to output/tmp_20.jpg
INFO:root:epoch 20, relative change 0.081298
INFO:root:epoch 21, relative change 0.082181
INFO:root:epoch 22, relative change 0.084090
INFO:root:epoch 23, relative change 0.084460
INFO:root:epoch 24, relative change 0.087416
INFO:root:save output to output/tmp_25.jpg
INFO:root:epoch 25, relative change 0.088802
INFO:root:epoch 26, relative change 0.089367
INFO:root:epoch 27, relative change 0.084142
INFO:root:epoch 28, relative change 0.080395
INFO:root:epoch 29, relative change 0.077878
INFO:root:save output to output/tmp_30.jpg
INFO:root:epoch 30, relative change 0.072337
INFO:root:epoch 31, relative change 0.068974
INFO:root:epoch 32, relative change 0.066220
INFO:root:epoch 33, relative change 0.058932
INFO:root:epoch 34, relative change 0.056292
INFO:root:save output to output/tmp_35.jpg
INFO:root:epoch 35, relative change 0.050675
INFO:root:epoch 36, relative change 0.050552
INFO:root:epoch 37, relative change 0.044613
INFO:root:epoch 38, relative change 0.046649
INFO:root:epoch 39, relative change 0.040179
INFO:root:save output to output/tmp_40.jpg
INFO:root:epoch 40, relative change 0.042258
INFO:root:epoch 41, relative change 0.034730
INFO:root:epoch 42, relative change 0.037005
INFO:root:epoch 43, relative change 0.035038
INFO:root:epoch 44, relative change 0.034911
INFO:root:save output to output/tmp_45.jpg
INFO:root:epoch 45, relative change 0.032846
INFO:root:epoch 46, relative change 0.032788
INFO:root:epoch 47, relative change 0.033036
INFO:root:epoch 48, relative change 0.030819
INFO:root:epoch 49, relative change 0.034026
INFO:root:save output to output/tmp_50.jpg
INFO:root:epoch 50, relative change 0.031545
INFO:root:epoch 51, relative change 0.035583
INFO:root:epoch 52, relative change 0.030284
INFO:root:epoch 53, relative change 0.032238
INFO:root:epoch 54, relative change 0.031954
INFO:root:save output to output/tmp_55.jpg
INFO:root:epoch 55, relative change 0.026745
INFO:root:epoch 56, relative change 0.034099
INFO:root:epoch 57, relative change 0.024969
INFO:root:epoch 58, relative change 0.028747
INFO:root:epoch 59, relative change 0.026818
INFO:root:save output to output/tmp_60.jpg
INFO:root:epoch 60, relative change 0.027177
INFO:root:epoch 61, relative change 0.021903
INFO:root:epoch 62, relative change 0.030327
INFO:root:epoch 63, relative change 0.019268
INFO:root:epoch 64, relative change 0.025318
INFO:root:save output to output/tmp_65.jpg
INFO:root:epoch 65, relative change 0.022928
INFO:root:epoch 66, relative change 0.023323
INFO:root:epoch 67, relative change 0.019549
INFO:root:epoch 68, relative change 0.028239
INFO:root:epoch 69, relative change 0.017477
INFO:root:save output to output/tmp_70.jpg
INFO:root:epoch 70, relative change 0.024518
INFO:root:epoch 71, relative change 0.023214
INFO:root:epoch 72, relative change 0.018685
INFO:root:epoch 73, relative change 0.024076
INFO:root:epoch 74, relative change 0.021281
INFO:root:save output to output/tmp_75.jpg
INFO:root:epoch 75, relative change 0.017990
INFO:root:epoch 76, relative change 0.025027
INFO:root:epoch 77, relative change 0.017570
INFO:root:epoch 78, relative change 0.025796
INFO:root:epoch 79, relative change 0.018295
INFO:root:save output to output/tmp_80.jpg
INFO:root:epoch 80, relative change 0.021226
INFO:root:Update[81]: Change learning rate to 9.00000e-04
INFO:root:epoch 81, relative change 0.022386
INFO:root:epoch 82, relative change 0.017067
INFO:root:epoch 83, relative change 0.019859
INFO:root:epoch 84, relative change 0.016567
INFO:root:save output to output/tmp_85.jpg
INFO:root:epoch 85, relative change 0.020741
INFO:root:epoch 86, relative change 0.017205
INFO:root:epoch 87, relative change 0.022013
INFO:root:epoch 88, relative change 0.016546
INFO:root:epoch 89, relative change 0.018815
INFO:root:save output to output/tmp_90.jpg
INFO:root:epoch 90, relative change 0.020302
INFO:root:epoch 91, relative change 0.015167
INFO:root:epoch 92, relative change 0.023105
INFO:root:epoch 93, relative change 0.016180
INFO:root:epoch 94, relative change 0.019223
INFO:root:save output to output/tmp_95.jpg
INFO:root:epoch 95, relative change 0.017824
INFO:root:epoch 96, relative change 0.016768
INFO:root:epoch 97, relative change 0.017236
INFO:root:epoch 98, relative change 0.015909
INFO:root:epoch 99, relative change 0.015367
INFO:root:save output to output/tmp_100.jpg
INFO:root:epoch 100, relative change 0.016916
INFO:root:epoch 101, relative change 0.013476
INFO:root:epoch 102, relative change 0.016524
INFO:root:epoch 103, relative change 0.013067
INFO:root:epoch 104, relative change 0.015401
INFO:root:save output to output/tmp_105.jpg
INFO:root:epoch 105, relative change 0.013219
INFO:root:epoch 106, relative change 0.013755
INFO:root:epoch 107, relative change 0.014163
INFO:root:epoch 108, relative change 0.012471
INFO:root:epoch 109, relative change 0.016919
INFO:root:save output to output/tmp_110.jpg
INFO:root:epoch 110, relative change 0.012576
INFO:root:epoch 111, relative change 0.019292
INFO:root:epoch 112, relative change 0.012084
INFO:root:epoch 113, relative change 0.016997
INFO:root:epoch 114, relative change 0.016499
INFO:root:save output to output/tmp_115.jpg
INFO:root:epoch 115, relative change 0.012813
INFO:root:epoch 116, relative change 0.018928
INFO:root:epoch 117, relative change 0.013314
INFO:root:epoch 118, relative change 0.016074
INFO:root:epoch 119, relative change 0.016411
INFO:root:save output to output/tmp_120.jpg
INFO:root:epoch 120, relative change 0.014533
INFO:root:epoch 121, relative change 0.013625
INFO:root:epoch 122, relative change 0.015425
INFO:root:epoch 123, relative change 0.012639
INFO:root:epoch 124, relative change 0.015889
INFO:root:save output to output/tmp_125.jpg
INFO:root:epoch 125, relative change 0.012743
INFO:root:epoch 126, relative change 0.014417
INFO:root:epoch 127, relative change 0.012157
INFO:root:epoch 128, relative change 0.013294
INFO:root:epoch 129, relative change 0.013795
INFO:root:save output to output/tmp_130.jpg
INFO:root:epoch 130, relative change 0.011763
INFO:root:epoch 131, relative change 0.014266
INFO:root:epoch 132, relative change 0.011471
INFO:root:epoch 133, relative change 0.015043
INFO:root:epoch 134, relative change 0.011989
INFO:root:save output to output/tmp_135.jpg
INFO:root:epoch 135, relative change 0.014352
INFO:root:epoch 136, relative change 0.012054
INFO:root:epoch 137, relative change 0.013022
INFO:root:epoch 138, relative change 0.012441
INFO:root:epoch 139, relative change 0.012801
INFO:root:save output to output/tmp_140.jpg
INFO:root:epoch 140, relative change 0.011119
INFO:root:epoch 141, relative change 0.013426
INFO:root:epoch 142, relative change 0.011271
INFO:root:epoch 143, relative change 0.014921
INFO:root:epoch 144, relative change 0.010142
INFO:root:save output to output/tmp_145.jpg
INFO:root:epoch 145, relative change 0.016678
INFO:root:epoch 146, relative change 0.012806
INFO:root:epoch 147, relative change 0.013120
INFO:root:epoch 148, relative change 0.016879
INFO:root:epoch 149, relative change 0.009875
INFO:root:save output to output/tmp_150.jpg
INFO:root:epoch 150, relative change 0.016760
INFO:root:epoch 151, relative change 0.013703
INFO:root:epoch 152, relative change 0.014809
INFO:root:epoch 153, relative change 0.012997
INFO:root:epoch 154, relative change 0.014793
INFO:root:save output to output/tmp_155.jpg
INFO:root:epoch 155, relative change 0.012803
INFO:root:epoch 156, relative change 0.014747
INFO:root:epoch 157, relative change 0.012195
INFO:root:epoch 158, relative change 0.014765
INFO:root:epoch 159, relative change 0.013047
INFO:root:save output to output/tmp_160.jpg
INFO:root:epoch 160, relative change 0.012159
INFO:root:Update[161]: Change learning rate to 8.10000e-04
INFO:root:epoch 161, relative change 0.013430
INFO:root:epoch 162, relative change 0.010830
INFO:root:epoch 163, relative change 0.013597
INFO:root:epoch 164, relative change 0.010449
INFO:root:save output to output/tmp_165.jpg
INFO:root:epoch 165, relative change 0.013779
INFO:root:epoch 166, relative change 0.010840
INFO:root:epoch 167, relative change 0.013779
INFO:root:epoch 168, relative change 0.011135
INFO:root:epoch 169, relative change 0.012402
INFO:root:save output to output/tmp_170.jpg
INFO:root:epoch 170, relative change 0.012269
INFO:root:epoch 171, relative change 0.010987
INFO:root:epoch 172, relative change 0.010919
INFO:root:epoch 173, relative change 0.012027
INFO:root:epoch 174, relative change 0.008935
INFO:root:save output to output/tmp_175.jpg
INFO:root:epoch 175, relative change 0.014719
INFO:root:epoch 176, relative change 0.009202
INFO:root:epoch 177, relative change 0.013343
INFO:root:epoch 178, relative change 0.011457
INFO:root:epoch 179, relative change 0.010603
INFO:root:save output to output/tmp_180.jpg
INFO:root:epoch 180, relative change 0.012820
INFO:root:epoch 181, relative change 0.010329
INFO:root:epoch 182, relative change 0.011915
INFO:root:epoch 183, relative change 0.010063
INFO:root:epoch 184, relative change 0.011690
INFO:root:save output to output/tmp_185.jpg
INFO:root:epoch 185, relative change 0.010791
INFO:root:epoch 186, relative change 0.011154
INFO:root:epoch 187, relative change 0.009754
INFO:root:epoch 188, relative change 0.011270
INFO:root:epoch 189, relative change 0.009542
INFO:root:save output to output/tmp_190.jpg
INFO:root:epoch 190, relative change 0.012489
INFO:root:epoch 191, relative change 0.008371
INFO:root:epoch 192, relative change 0.014180
INFO:root:epoch 193, relative change 0.008291
INFO:root:epoch 194, relative change 0.014490
INFO:root:save output to output/tmp_195.jpg
INFO:root:epoch 195, relative change 0.008947
INFO:root:epoch 196, relative change 0.013461
INFO:root:epoch 197, relative change 0.010248
INFO:root:epoch 198, relative change 0.010831
INFO:root:epoch 199, relative change 0.011617
INFO:root:save output to output/tmp_200.jpg
INFO:root:save output to output/baidu_vanGogh/baidu_vanGogh_200.jpg
INFO:root:PROC_TIME: [8518983ms], [8518s] [141min] [2h]
[1.0850695e-09, 1.0879707e-09, 1.09382e-09, 1.1057093e-09, 4.4826054e-09, 10.0]
+ date
+ echo MONITOR: END at Fri Aug 26 12:07:04 UTC 2016
MONITOR: END at Fri Aug 26 12:07:04 UTC 2016
