+ date
+ echo MONITOR: START at Sat Aug 27 01:44:35 UTC 2016
MONITOR: START at Sat Aug 27 01:44:35 UTC 2016
+ python=python
+ input_file=input/bike.jpg
+ style_file=style/picasso.jpg
+ output_name=bike_picasso
+ uniq_id=20160827_09:44:36_bike_picasso_120
+ max_num_epochs=120
+ mkdir -p output/bike_picasso/
+ /bin/rm -rf output/bike_picasso/*
+ output_file=output/bike_picasso/bike_picasso_120.jpg
+ python run.py --content-image input/bike.jpg --style-image style/picasso.jpg --gpu -1 --save-epochs 5 --max-num-epochs 120 --output output/bike_picasso/bike_picasso_120.jpg
libdc1394 error: Failed to initialize libdc1394
INFO:root:load the content image, size = (800, 1280)
INFO:root:resize the content image to (375, 600)
[01:44:36] src/operator/./reshape-inl.h:249: Using target_shape will be deprecated.
[01:44:36] src/operator/./reshape-inl.h:249: Using target_shape will be deprecated.
[01:44:36] src/operator/./reshape-inl.h:249: Using target_shape will be deprecated.
[01:44:36] src/operator/./reshape-inl.h:249: Using target_shape will be deprecated.
[01:44:36] src/operator/./reshape-inl.h:249: Using target_shape will be deprecated.
[01:44:36] src/operator/./reshape-inl.h:249: Using target_shape will be deprecated.
[01:44:36] src/operator/./reshape-inl.h:249: Using target_shape will be deprecated.
[01:44:36] src/operator/./reshape-inl.h:249: Using target_shape will be deprecated.
[01:44:36] src/operator/./reshape-inl.h:249: Using target_shape will be deprecated.
[01:44:36] src/operator/./reshape-inl.h:249: Using target_shape will be deprecated.
[01:44:36] src/operator/./reshape-inl.h:249: Using target_shape will be deprecated.
[01:44:36] src/operator/./reshape-inl.h:249: Using target_shape will be deprecated.
[01:44:36] src/operator/./reshape-inl.h:249: Using target_shape will be deprecated.
[01:44:36] src/operator/./reshape-inl.h:249: Using target_shape will be deprecated.
[01:44:36] src/operator/./reshape-inl.h:249: Using target_shape will be deprecated.
[01:45:13] src/operator/./reshape-inl.h:249: Using target_shape will be deprecated.
[01:45:13] src/operator/./reshape-inl.h:249: Using target_shape will be deprecated.
[01:45:13] src/operator/./reshape-inl.h:249: Using target_shape will be deprecated.
[01:45:13] src/operator/./reshape-inl.h:249: Using target_shape will be deprecated.
[01:45:13] src/operator/./reshape-inl.h:249: Using target_shape will be deprecated.
Skip argument target_gram_0
Skip argument target_gram_1
Skip argument target_gram_2
Skip argument target_gram_3
Skip argument target_gram_4
Skip argument target_content
[01:45:13] src/operator/./reshape-inl.h:249: Using target_shape will be deprecated.
[01:45:13] src/operator/./reshape-inl.h:249: Using target_shape will be deprecated.
[01:45:13] src/operator/./reshape-inl.h:249: Using target_shape will be deprecated.
[01:45:13] src/operator/./reshape-inl.h:249: Using target_shape will be deprecated.
[01:45:13] src/operator/./reshape-inl.h:249: Using target_shape will be deprecated.
[01:45:13] src/operator/./reshape-inl.h:249: Using target_shape will be deprecated.
[01:45:13] src/operator/./reshape-inl.h:249: Using target_shape will be deprecated.
[01:45:13] src/operator/./reshape-inl.h:249: Using target_shape will be deprecated.
[01:45:13] src/operator/./reshape-inl.h:249: Using target_shape will be deprecated.
[01:45:13] src/operator/./reshape-inl.h:249: Using target_shape will be deprecated.
INFO:root:start training arguments Namespace(content_image='input/bike.jpg', content_weight=10, gpu=-1, lr=0.001, max_long_edge=600, max_num_epochs=120, model='vgg19', output='output/bike_picasso/bike_picasso_120.jpg', remove_noise=0.02, save_epochs=5, stop_eps=0.005, style_image='style/picasso.jpg', style_weight=1, tv_weight=0.01)
INFO:root:epoch 0, relative change 0.994763
INFO:root:epoch 1, relative change 0.643779
INFO:root:epoch 2, relative change 0.479961
INFO:root:epoch 3, relative change 0.386754
INFO:root:epoch 4, relative change 0.321740
INFO:root:save output to output/tmp_5.jpg
/usr/local/lib/python2.7/dist-packages/skimage/util/dtype.py:110: UserWarning: Possible precision loss when converting from float64 to uint8
  "%s to %s" % (dtypeobj_in, dtypeobj))
INFO:root:epoch 5, relative change 0.260454
INFO:root:epoch 6, relative change 0.195186
INFO:root:epoch 7, relative change 0.156186
INFO:root:epoch 8, relative change 0.134461
INFO:root:epoch 9, relative change 0.122900
INFO:root:save output to output/tmp_10.jpg
INFO:root:epoch 10, relative change 0.119112
INFO:root:epoch 11, relative change 0.121586
INFO:root:epoch 12, relative change 0.125462
INFO:root:epoch 13, relative change 0.126164
INFO:root:epoch 14, relative change 0.124962
INFO:root:save output to output/tmp_15.jpg
INFO:root:epoch 15, relative change 0.121696
INFO:root:epoch 16, relative change 0.110314
INFO:root:epoch 17, relative change 0.098194
INFO:root:epoch 18, relative change 0.089412
INFO:root:epoch 19, relative change 0.083081
INFO:root:save output to output/tmp_20.jpg
INFO:root:epoch 20, relative change 0.078613
INFO:root:epoch 21, relative change 0.076740
INFO:root:epoch 22, relative change 0.076503
INFO:root:epoch 23, relative change 0.076594
INFO:root:epoch 24, relative change 0.076793
INFO:root:save output to output/tmp_25.jpg
INFO:root:epoch 25, relative change 0.077116
INFO:root:epoch 26, relative change 0.077136
INFO:root:epoch 27, relative change 0.076245
INFO:root:epoch 28, relative change 0.074615
INFO:root:epoch 29, relative change 0.073285
INFO:root:save output to output/tmp_30.jpg
INFO:root:epoch 30, relative change 0.072153
INFO:root:epoch 31, relative change 0.070798
INFO:root:epoch 32, relative change 0.069539
INFO:root:epoch 33, relative change 0.068615
INFO:root:epoch 34, relative change 0.067489
INFO:root:save output to output/tmp_35.jpg
INFO:root:epoch 35, relative change 0.066385
INFO:root:epoch 36, relative change 0.065246
INFO:root:epoch 37, relative change 0.063984
INFO:root:epoch 38, relative change 0.062929
INFO:root:epoch 39, relative change 0.061423
INFO:root:save output to output/tmp_40.jpg
INFO:root:epoch 40, relative change 0.060308
INFO:root:epoch 41, relative change 0.057843
INFO:root:epoch 42, relative change 0.055865
INFO:root:epoch 43, relative change 0.052980
INFO:root:epoch 44, relative change 0.051766
INFO:root:save output to output/tmp_45.jpg
INFO:root:epoch 45, relative change 0.050617
INFO:root:epoch 46, relative change 0.049727
INFO:root:epoch 47, relative change 0.046134
INFO:root:epoch 48, relative change 0.045723
INFO:root:epoch 49, relative change 0.047176
INFO:root:save output to output/tmp_50.jpg
INFO:root:epoch 50, relative change 0.043276
INFO:root:epoch 51, relative change 0.043039
INFO:root:epoch 52, relative change 0.041315
INFO:root:epoch 53, relative change 0.036638
INFO:root:epoch 54, relative change 0.037341
INFO:root:save output to output/tmp_55.jpg
INFO:root:epoch 55, relative change 0.035743
INFO:root:epoch 56, relative change 0.032894
INFO:root:epoch 57, relative change 0.033447
INFO:root:epoch 58, relative change 0.032406
INFO:root:epoch 59, relative change 0.030758
INFO:root:save output to output/tmp_60.jpg
INFO:root:epoch 60, relative change 0.032578
INFO:root:epoch 61, relative change 0.030597
INFO:root:epoch 62, relative change 0.029935
INFO:root:epoch 63, relative change 0.030659
INFO:root:epoch 64, relative change 0.027080
INFO:root:save output to output/tmp_65.jpg
INFO:root:epoch 65, relative change 0.029657
INFO:root:epoch 66, relative change 0.027442
INFO:root:epoch 67, relative change 0.025957
INFO:root:epoch 68, relative change 0.026411
INFO:root:epoch 69, relative change 0.026680
INFO:root:save output to output/tmp_70.jpg
INFO:root:epoch 70, relative change 0.024244
INFO:root:epoch 71, relative change 0.025560
INFO:root:epoch 72, relative change 0.025107
INFO:root:epoch 73, relative change 0.021933
INFO:root:epoch 74, relative change 0.025147
INFO:root:save output to output/tmp_75.jpg
INFO:root:epoch 75, relative change 0.023674
INFO:root:epoch 76, relative change 0.022831
INFO:root:epoch 77, relative change 0.023420
INFO:root:epoch 78, relative change 0.021007
INFO:root:epoch 79, relative change 0.023308
INFO:root:save output to output/tmp_80.jpg
INFO:root:epoch 80, relative change 0.022481
INFO:root:Update[81]: Change learning rate to 9.00000e-04
INFO:root:epoch 81, relative change 0.020176
INFO:root:epoch 82, relative change 0.021346
INFO:root:epoch 83, relative change 0.020824
INFO:root:epoch 84, relative change 0.018909
INFO:root:save output to output/tmp_85.jpg
INFO:root:epoch 85, relative change 0.020125
INFO:root:epoch 86, relative change 0.019197
INFO:root:epoch 87, relative change 0.018628
INFO:root:epoch 88, relative change 0.017930
INFO:root:epoch 89, relative change 0.017816
INFO:root:save output to output/tmp_90.jpg
INFO:root:epoch 90, relative change 0.017720
INFO:root:epoch 91, relative change 0.017030
INFO:root:epoch 92, relative change 0.017360
INFO:root:epoch 93, relative change 0.017139
INFO:root:epoch 94, relative change 0.016804
INFO:root:save output to output/tmp_95.jpg
INFO:root:epoch 95, relative change 0.016186
INFO:root:epoch 96, relative change 0.016720
INFO:root:epoch 97, relative change 0.015029
INFO:root:epoch 98, relative change 0.016634
INFO:root:epoch 99, relative change 0.016803
INFO:root:save output to output/tmp_100.jpg
INFO:root:epoch 100, relative change 0.015470
INFO:root:epoch 101, relative change 0.015592
INFO:root:epoch 102, relative change 0.015804
INFO:root:epoch 103, relative change 0.015150
INFO:root:epoch 104, relative change 0.014968
INFO:root:save output to output/tmp_105.jpg
INFO:root:epoch 105, relative change 0.014519
INFO:root:epoch 106, relative change 0.014157
INFO:root:epoch 107, relative change 0.014323
INFO:root:epoch 108, relative change 0.014765
INFO:root:epoch 109, relative change 0.013510
INFO:root:save output to output/tmp_110.jpg
INFO:root:epoch 110, relative change 0.014009
INFO:root:epoch 111, relative change 0.013836
INFO:root:epoch 112, relative change 0.013356
INFO:root:epoch 113, relative change 0.014111
INFO:root:epoch 114, relative change 0.012423
INFO:root:save output to output/tmp_115.jpg
INFO:root:epoch 115, relative change 0.014494
INFO:root:epoch 116, relative change 0.013924
INFO:root:epoch 117, relative change 0.012876
INFO:root:epoch 118, relative change 0.013045
INFO:root:epoch 119, relative change 0.012667
INFO:root:save output to output/tmp_120.jpg
INFO:root:save output to output/bike_picasso/bike_picasso_120.jpg
INFO:root:PROC_TIME: [5088672ms], [5088s] [84min] [1h]
[1.0850695e-09, 1.0879707e-09, 1.09382e-09, 1.1057093e-09, 4.4826054e-09, 10.0]
+ date
+ echo MONITOR: END at Sat Aug 27 03:09:25 UTC 2016
MONITOR: END at Sat Aug 27 03:09:25 UTC 2016
