+ date
+ echo MONITOR: START at Fri Aug 26 06:59:09 UTC 2016
MONITOR: START at Fri Aug 26 06:59:09 UTC 2016
+ python=python
+ input_file=/notebooks/daiwk/mxnet/example/neural-style//input//building.jpg
+ style_file=/notebooks/daiwk/mxnet/example/neural-style//style//style-shuimohua.jpg
+ output_name=building_shuimohua
+ max_num_epochs=200
+ mkdir -p output/building_shuimohua/
+ /bin/rm -rf output/building_shuimohua/*
+ output_file=output/building_shuimohua/building_shuimohua_200.jpg
+ python run.py --content-image /notebooks/daiwk/mxnet/example/neural-style//input//building.jpg --style-image /notebooks/daiwk/mxnet/example/neural-style//style//style-shuimohua.jpg --gpu -1 --save-epochs 5 --max-num-epochs 200 --output output/building_shuimohua/building_shuimohua_200.jpg
libdc1394 error: Failed to initialize libdc1394
INFO:root:load the content image, size = (399, 600)
INFO:root:resize the content image to (399, 600)
[06:59:10] src/operator/./reshape-inl.h:249: Using target_shape will be deprecated.
[06:59:10] src/operator/./reshape-inl.h:249: Using target_shape will be deprecated.
[06:59:10] src/operator/./reshape-inl.h:249: Using target_shape will be deprecated.
[06:59:10] src/operator/./reshape-inl.h:249: Using target_shape will be deprecated.
[06:59:10] src/operator/./reshape-inl.h:249: Using target_shape will be deprecated.
[06:59:10] src/operator/./reshape-inl.h:249: Using target_shape will be deprecated.
[06:59:10] src/operator/./reshape-inl.h:249: Using target_shape will be deprecated.
[06:59:10] src/operator/./reshape-inl.h:249: Using target_shape will be deprecated.
[06:59:10] src/operator/./reshape-inl.h:249: Using target_shape will be deprecated.
[06:59:10] src/operator/./reshape-inl.h:249: Using target_shape will be deprecated.
[06:59:10] src/operator/./reshape-inl.h:249: Using target_shape will be deprecated.
[06:59:10] src/operator/./reshape-inl.h:249: Using target_shape will be deprecated.
[06:59:10] src/operator/./reshape-inl.h:249: Using target_shape will be deprecated.
[06:59:10] src/operator/./reshape-inl.h:249: Using target_shape will be deprecated.
[06:59:10] src/operator/./reshape-inl.h:249: Using target_shape will be deprecated.
[06:59:59] src/operator/./reshape-inl.h:249: Using target_shape will be deprecated.
[06:59:59] src/operator/./reshape-inl.h:249: Using target_shape will be deprecated.
[06:59:59] src/operator/./reshape-inl.h:249: Using target_shape will be deprecated.
[06:59:59] src/operator/./reshape-inl.h:249: Using target_shape will be deprecated.
[06:59:59] src/operator/./reshape-inl.h:249: Using target_shape will be deprecated.
Skip argument target_gram_0
Skip argument target_gram_1
Skip argument target_gram_2
Skip argument target_gram_3
Skip argument target_gram_4
Skip argument target_content
[06:59:59] src/operator/./reshape-inl.h:249: Using target_shape will be deprecated.
[06:59:59] src/operator/./reshape-inl.h:249: Using target_shape will be deprecated.
[06:59:59] src/operator/./reshape-inl.h:249: Using target_shape will be deprecated.
[06:59:59] src/operator/./reshape-inl.h:249: Using target_shape will be deprecated.
[06:59:59] src/operator/./reshape-inl.h:249: Using target_shape will be deprecated.
[06:59:59] src/operator/./reshape-inl.h:249: Using target_shape will be deprecated.
[06:59:59] src/operator/./reshape-inl.h:249: Using target_shape will be deprecated.
[06:59:59] src/operator/./reshape-inl.h:249: Using target_shape will be deprecated.
[06:59:59] src/operator/./reshape-inl.h:249: Using target_shape will be deprecated.
[06:59:59] src/operator/./reshape-inl.h:249: Using target_shape will be deprecated.
INFO:root:start training arguments Namespace(content_image='/notebooks/daiwk/mxnet/example/neural-style//input//building.jpg', content_weight=10, gpu=-1, lr=0.001, max_long_edge=600, max_num_epochs=200, model='vgg19', output='output/building_shuimohua/building_shuimohua_200.jpg', remove_noise=0.02, save_epochs=5, stop_eps=0.005, style_image='/notebooks/daiwk/mxnet/example/neural-style//style//style-shuimohua.jpg', style_weight=1, tv_weight=0.01)
INFO:root:epoch 0, relative change 1.000415
INFO:root:epoch 1, relative change 0.647626
INFO:root:epoch 2, relative change 0.486271
INFO:root:epoch 3, relative change 0.387958
INFO:root:epoch 4, relative change 0.319497
INFO:root:save output to output/tmp_5.jpg
/usr/local/lib/python2.7/dist-packages/skimage/util/dtype.py:110: UserWarning: Possible precision loss when converting from float64 to uint8
  "%s to %s" % (dtypeobj_in, dtypeobj))
INFO:root:epoch 5, relative change 0.266941
INFO:root:epoch 6, relative change 0.214416
INFO:root:epoch 7, relative change 0.162487
INFO:root:epoch 8, relative change 0.127591
INFO:root:epoch 9, relative change 0.108892
INFO:root:save output to output/tmp_10.jpg
INFO:root:epoch 10, relative change 0.102726
INFO:root:epoch 11, relative change 0.104904
INFO:root:epoch 12, relative change 0.110959
INFO:root:epoch 13, relative change 0.115507
INFO:root:epoch 14, relative change 0.113995
INFO:root:save output to output/tmp_15.jpg
INFO:root:epoch 15, relative change 0.108790
INFO:root:epoch 16, relative change 0.101717
INFO:root:epoch 17, relative change 0.092530
INFO:root:epoch 18, relative change 0.084453
INFO:root:epoch 19, relative change 0.079298
INFO:root:save output to output/tmp_20.jpg
INFO:root:epoch 20, relative change 0.076388
INFO:root:epoch 21, relative change 0.074878
INFO:root:epoch 22, relative change 0.073927
INFO:root:epoch 23, relative change 0.073126
INFO:root:epoch 24, relative change 0.071304
INFO:root:save output to output/tmp_25.jpg
INFO:root:epoch 25, relative change 0.069924
INFO:root:epoch 26, relative change 0.068237
INFO:root:epoch 27, relative change 0.066610
INFO:root:epoch 28, relative change 0.064303
INFO:root:epoch 29, relative change 0.062155
INFO:root:save output to output/tmp_30.jpg
INFO:root:epoch 30, relative change 0.059909
INFO:root:epoch 31, relative change 0.057683
INFO:root:epoch 32, relative change 0.055290
INFO:root:epoch 33, relative change 0.053324
INFO:root:epoch 34, relative change 0.051585
INFO:root:save output to output/tmp_35.jpg
INFO:root:epoch 35, relative change 0.049417
INFO:root:epoch 36, relative change 0.048406
INFO:root:epoch 37, relative change 0.046827
INFO:root:epoch 38, relative change 0.045784
INFO:root:epoch 39, relative change 0.044377
INFO:root:save output to output/tmp_40.jpg
INFO:root:epoch 40, relative change 0.043547
INFO:root:epoch 41, relative change 0.042311
INFO:root:epoch 42, relative change 0.041504
INFO:root:epoch 43, relative change 0.040394
INFO:root:epoch 44, relative change 0.039534
INFO:root:save output to output/tmp_45.jpg
INFO:root:epoch 45, relative change 0.038850
INFO:root:epoch 46, relative change 0.037932
INFO:root:epoch 47, relative change 0.037171
INFO:root:epoch 48, relative change 0.036793
INFO:root:epoch 49, relative change 0.035766
INFO:root:save output to output/tmp_50.jpg
INFO:root:epoch 50, relative change 0.035515
INFO:root:epoch 51, relative change 0.034675
INFO:root:epoch 52, relative change 0.034406
INFO:root:epoch 53, relative change 0.033728
INFO:root:epoch 54, relative change 0.033322
INFO:root:save output to output/tmp_55.jpg
INFO:root:epoch 55, relative change 0.032815
INFO:root:epoch 56, relative change 0.032103
INFO:root:epoch 57, relative change 0.031746
INFO:root:epoch 58, relative change 0.031537
INFO:root:epoch 59, relative change 0.030694
INFO:root:save output to output/tmp_60.jpg
INFO:root:epoch 60, relative change 0.030774
INFO:root:epoch 61, relative change 0.029776
INFO:root:epoch 62, relative change 0.029999
INFO:root:epoch 63, relative change 0.029023
INFO:root:epoch 64, relative change 0.029158
INFO:root:save output to output/tmp_65.jpg
INFO:root:epoch 65, relative change 0.028339
INFO:root:epoch 66, relative change 0.028357
INFO:root:epoch 67, relative change 0.027666
INFO:root:epoch 68, relative change 0.027586
INFO:root:epoch 69, relative change 0.027181
INFO:root:save output to output/tmp_70.jpg
INFO:root:epoch 70, relative change 0.026953
INFO:root:epoch 71, relative change 0.026439
INFO:root:epoch 72, relative change 0.026308
INFO:root:epoch 73, relative change 0.025768
INFO:root:epoch 74, relative change 0.025539
INFO:root:save output to output/tmp_75.jpg
INFO:root:epoch 75, relative change 0.024995
INFO:root:epoch 76, relative change 0.024860
INFO:root:epoch 77, relative change 0.024346
INFO:root:epoch 78, relative change 0.024201
INFO:root:epoch 79, relative change 0.023675
INFO:root:save output to output/tmp_80.jpg
INFO:root:epoch 80, relative change 0.023322
INFO:root:Update[81]: Change learning rate to 9.00000e-04
INFO:root:epoch 81, relative change 0.022374
INFO:root:epoch 82, relative change 0.022389
INFO:root:epoch 83, relative change 0.021469
INFO:root:epoch 84, relative change 0.021376
INFO:root:save output to output/tmp_85.jpg
INFO:root:epoch 85, relative change 0.020688
INFO:root:epoch 86, relative change 0.020488
INFO:root:epoch 87, relative change 0.019929
INFO:root:epoch 88, relative change 0.019681
INFO:root:epoch 89, relative change 0.019246
INFO:root:save output to output/tmp_90.jpg
INFO:root:epoch 90, relative change 0.019083
INFO:root:epoch 91, relative change 0.018537
INFO:root:epoch 92, relative change 0.018256
INFO:root:epoch 93, relative change 0.017873
INFO:root:epoch 94, relative change 0.017335
INFO:root:save output to output/tmp_95.jpg
INFO:root:epoch 95, relative change 0.017207
INFO:root:epoch 96, relative change 0.016670
INFO:root:epoch 97, relative change 0.016472
INFO:root:epoch 98, relative change 0.016063
INFO:root:epoch 99, relative change 0.015807
INFO:root:save output to output/tmp_100.jpg
INFO:root:epoch 100, relative change 0.015407
INFO:root:epoch 101, relative change 0.015021
INFO:root:epoch 102, relative change 0.014763
INFO:root:epoch 103, relative change 0.014471
INFO:root:epoch 104, relative change 0.014158
INFO:root:save output to output/tmp_105.jpg
INFO:root:epoch 105, relative change 0.013919
INFO:root:epoch 106, relative change 0.013634
INFO:root:epoch 107, relative change 0.013318
INFO:root:epoch 108, relative change 0.013189
INFO:root:epoch 109, relative change 0.012802
INFO:root:save output to output/tmp_110.jpg
INFO:root:epoch 110, relative change 0.012575
INFO:root:epoch 111, relative change 0.012331
INFO:root:epoch 112, relative change 0.012072
INFO:root:epoch 113, relative change 0.011865
INFO:root:epoch 114, relative change 0.011697
INFO:root:save output to output/tmp_115.jpg
INFO:root:epoch 115, relative change 0.011481
INFO:root:epoch 116, relative change 0.011341
INFO:root:epoch 117, relative change 0.011132
INFO:root:epoch 118, relative change 0.010923
INFO:root:epoch 119, relative change 0.010843
INFO:root:save output to output/tmp_120.jpg
INFO:root:epoch 120, relative change 0.010604
INFO:root:epoch 121, relative change 0.010546
INFO:root:epoch 122, relative change 0.010268
INFO:root:epoch 123, relative change 0.010317
INFO:root:epoch 124, relative change 0.009970
INFO:root:save output to output/tmp_125.jpg
INFO:root:epoch 125, relative change 0.010039
INFO:root:epoch 126, relative change 0.009733
INFO:root:epoch 127, relative change 0.009891
INFO:root:epoch 128, relative change 0.009465
INFO:root:epoch 129, relative change 0.009595
INFO:root:save output to output/tmp_130.jpg
INFO:root:epoch 130, relative change 0.009291
INFO:root:epoch 131, relative change 0.009381
INFO:root:epoch 132, relative change 0.009141
INFO:root:epoch 133, relative change 0.009148
INFO:root:epoch 134, relative change 0.008980
INFO:root:save output to output/tmp_135.jpg
INFO:root:epoch 135, relative change 0.008885
INFO:root:epoch 136, relative change 0.008806
INFO:root:epoch 137, relative change 0.008633
INFO:root:epoch 138, relative change 0.008717
INFO:root:epoch 139, relative change 0.008422
INFO:root:save output to output/tmp_140.jpg
INFO:root:epoch 140, relative change 0.008533
INFO:root:epoch 141, relative change 0.008323
INFO:root:epoch 142, relative change 0.008340
INFO:root:epoch 143, relative change 0.008231
INFO:root:epoch 144, relative change 0.008201
INFO:root:save output to output/tmp_145.jpg
INFO:root:epoch 145, relative change 0.008148
INFO:root:epoch 146, relative change 0.007976
INFO:root:epoch 147, relative change 0.008013
INFO:root:epoch 148, relative change 0.007822
INFO:root:epoch 149, relative change 0.007847
INFO:root:save output to output/tmp_150.jpg
INFO:root:epoch 150, relative change 0.007651
INFO:root:epoch 151, relative change 0.007742
INFO:root:epoch 152, relative change 0.007598
INFO:root:epoch 153, relative change 0.007649
INFO:root:epoch 154, relative change 0.007503
INFO:root:save output to output/tmp_155.jpg
INFO:root:epoch 155, relative change 0.007379
INFO:root:epoch 156, relative change 0.007620
INFO:root:epoch 157, relative change 0.007080
INFO:root:epoch 158, relative change 0.007628
INFO:root:epoch 159, relative change 0.007093
INFO:root:save output to output/tmp_160.jpg
INFO:root:epoch 160, relative change 0.007342
INFO:root:Update[161]: Change learning rate to 8.10000e-04
INFO:root:epoch 161, relative change 0.006722
INFO:root:epoch 162, relative change 0.007003
INFO:root:epoch 163, relative change 0.006864
INFO:root:epoch 164, relative change 0.006744
INFO:root:save output to output/tmp_165.jpg
INFO:root:epoch 165, relative change 0.007013
INFO:root:epoch 166, relative change 0.006579
INFO:root:epoch 167, relative change 0.006999
INFO:root:epoch 168, relative change 0.006392
INFO:root:epoch 169, relative change 0.006960
INFO:root:save output to output/tmp_170.jpg
INFO:root:epoch 170, relative change 0.006334
INFO:root:epoch 171, relative change 0.006822
INFO:root:epoch 172, relative change 0.006427
INFO:root:epoch 173, relative change 0.006491
INFO:root:epoch 174, relative change 0.006677
INFO:root:save output to output/tmp_175.jpg
INFO:root:epoch 175, relative change 0.006215
INFO:root:epoch 176, relative change 0.006858
INFO:root:epoch 177, relative change 0.006060
INFO:root:epoch 178, relative change 0.006713
INFO:root:epoch 179, relative change 0.006105
INFO:root:save output to output/tmp_180.jpg
INFO:root:epoch 180, relative change 0.006530
INFO:root:epoch 181, relative change 0.006312
INFO:root:epoch 182, relative change 0.006333
INFO:root:epoch 183, relative change 0.006536
INFO:root:epoch 184, relative change 0.006400
INFO:root:save output to output/tmp_185.jpg
INFO:root:epoch 185, relative change 0.006659
INFO:root:epoch 186, relative change 0.006396
INFO:root:epoch 187, relative change 0.006747
INFO:root:epoch 188, relative change 0.006248
INFO:root:epoch 189, relative change 0.006830
INFO:root:save output to output/tmp_190.jpg
INFO:root:epoch 190, relative change 0.006321
INFO:root:epoch 191, relative change 0.006790
INFO:root:epoch 192, relative change 0.006264
INFO:root:epoch 193, relative change 0.006715
INFO:root:epoch 194, relative change 0.006378
INFO:root:save output to output/tmp_195.jpg
INFO:root:epoch 195, relative change 0.006761
INFO:root:epoch 196, relative change 0.006223
INFO:root:epoch 197, relative change 0.006745
INFO:root:epoch 198, relative change 0.006309
INFO:root:epoch 199, relative change 0.006638
INFO:root:save output to output/tmp_200.jpg
INFO:root:save output to output/building_shuimohua/building_shuimohua_200.jpg
INFO:root:PROC_TIME: [10382166ms], [10382s] [173min] [2h]
[1.0198021e-09, 1.0223644e-09, 1.0275278e-09, 1.0380129e-09, 4.2958304e-09, 10.0]
+ date
+ echo MONITOR: END at Fri Aug 26 09:52:12 UTC 2016
MONITOR: END at Fri Aug 26 09:52:12 UTC 2016
