+ date
+ echo MONITOR: START at Fri Aug 26 06:59:09 UTC 2016
MONITOR: START at Fri Aug 26 06:59:09 UTC 2016
+ python=python
+ input_file=/notebooks/daiwk/mxnet/example/neural-style//input//building.jpg
+ style_file=/notebooks/daiwk/mxnet/example/neural-style//style//style-vanGogh.jpg
+ output_name=building_vanGogh
+ max_num_epochs=200
+ mkdir -p output/building_vanGogh/
+ /bin/rm -rf output/building_vanGogh/*
+ output_file=output/building_vanGogh/building_vanGogh_200.jpg
+ python run.py --content-image /notebooks/daiwk/mxnet/example/neural-style//input//building.jpg --style-image /notebooks/daiwk/mxnet/example/neural-style//style//style-vanGogh.jpg --gpu -1 --save-epochs 5 --max-num-epochs 200 --output output/building_vanGogh/building_vanGogh_200.jpg
libdc1394 error: Failed to initialize libdc1394
INFO:root:load the content image, size = (399, 600)
INFO:root:resize the content image to (399, 600)
[06:59:10] src/operator/./reshape-inl.h:249: Using target_shape will be deprecated.
[06:59:10] src/operator/./reshape-inl.h:249: Using target_shape will be deprecated.
[06:59:10] src/operator/./reshape-inl.h:249: Using target_shape will be deprecated.
[06:59:10] src/operator/./reshape-inl.h:249: Using target_shape will be deprecated.
[06:59:10] src/operator/./reshape-inl.h:249: Using target_shape will be deprecated.
[06:59:10] src/operator/./reshape-inl.h:249: Using target_shape will be deprecated.
[06:59:10] src/operator/./reshape-inl.h:249: Using target_shape will be deprecated.
[06:59:10] src/operator/./reshape-inl.h:249: Using target_shape will be deprecated.
[06:59:10] src/operator/./reshape-inl.h:249: Using target_shape will be deprecated.
[06:59:10] src/operator/./reshape-inl.h:249: Using target_shape will be deprecated.
[06:59:10] src/operator/./reshape-inl.h:249: Using target_shape will be deprecated.
[06:59:10] src/operator/./reshape-inl.h:249: Using target_shape will be deprecated.
[06:59:10] src/operator/./reshape-inl.h:249: Using target_shape will be deprecated.
[06:59:10] src/operator/./reshape-inl.h:249: Using target_shape will be deprecated.
[06:59:10] src/operator/./reshape-inl.h:249: Using target_shape will be deprecated.
[06:59:59] src/operator/./reshape-inl.h:249: Using target_shape will be deprecated.
[06:59:59] src/operator/./reshape-inl.h:249: Using target_shape will be deprecated.
[06:59:59] src/operator/./reshape-inl.h:249: Using target_shape will be deprecated.
[06:59:59] src/operator/./reshape-inl.h:249: Using target_shape will be deprecated.
[06:59:59] src/operator/./reshape-inl.h:249: Using target_shape will be deprecated.
Skip argument target_gram_0
Skip argument target_gram_1
Skip argument target_gram_2
Skip argument target_gram_3
Skip argument target_gram_4
Skip argument target_content
[06:59:59] src/operator/./reshape-inl.h:249: Using target_shape will be deprecated.
[06:59:59] src/operator/./reshape-inl.h:249: Using target_shape will be deprecated.
[06:59:59] src/operator/./reshape-inl.h:249: Using target_shape will be deprecated.
[06:59:59] src/operator/./reshape-inl.h:249: Using target_shape will be deprecated.
[06:59:59] src/operator/./reshape-inl.h:249: Using target_shape will be deprecated.
[06:59:59] src/operator/./reshape-inl.h:249: Using target_shape will be deprecated.
[06:59:59] src/operator/./reshape-inl.h:249: Using target_shape will be deprecated.
[06:59:59] src/operator/./reshape-inl.h:249: Using target_shape will be deprecated.
[06:59:59] src/operator/./reshape-inl.h:249: Using target_shape will be deprecated.
[06:59:59] src/operator/./reshape-inl.h:249: Using target_shape will be deprecated.
INFO:root:start training arguments Namespace(content_image='/notebooks/daiwk/mxnet/example/neural-style//input//building.jpg', content_weight=10, gpu=-1, lr=0.001, max_long_edge=600, max_num_epochs=200, model='vgg19', output='output/building_vanGogh/building_vanGogh_200.jpg', remove_noise=0.02, save_epochs=5, stop_eps=0.005, style_image='/notebooks/daiwk/mxnet/example/neural-style//style//style-vanGogh.jpg', style_weight=1, tv_weight=0.01)
INFO:root:epoch 0, relative change 0.993637
INFO:root:epoch 1, relative change 0.644977
INFO:root:epoch 2, relative change 0.481986
INFO:root:epoch 3, relative change 0.386483
INFO:root:epoch 4, relative change 0.320732
INFO:root:save output to output/tmp_5.jpg
/usr/local/lib/python2.7/dist-packages/skimage/util/dtype.py:110: UserWarning: Possible precision loss when converting from float64 to uint8
  "%s to %s" % (dtypeobj_in, dtypeobj))
INFO:root:epoch 5, relative change 0.268439
INFO:root:epoch 6, relative change 0.199559
INFO:root:epoch 7, relative change 0.150616
INFO:root:epoch 8, relative change 0.123764
INFO:root:epoch 9, relative change 0.112364
INFO:root:save output to output/tmp_10.jpg
INFO:root:epoch 10, relative change 0.110213
INFO:root:epoch 11, relative change 0.112245
INFO:root:epoch 12, relative change 0.115276
INFO:root:epoch 13, relative change 0.117005
INFO:root:epoch 14, relative change 0.117571
INFO:root:save output to output/tmp_15.jpg
INFO:root:epoch 15, relative change 0.117776
INFO:root:epoch 16, relative change 0.106068
INFO:root:epoch 17, relative change 0.094130
INFO:root:epoch 18, relative change 0.087503
INFO:root:epoch 19, relative change 0.083081
INFO:root:save output to output/tmp_20.jpg
INFO:root:epoch 20, relative change 0.079629
INFO:root:epoch 21, relative change 0.080238
INFO:root:epoch 22, relative change 0.084617
INFO:root:epoch 23, relative change 0.086674
INFO:root:epoch 24, relative change 0.087663
INFO:root:save output to output/tmp_25.jpg
INFO:root:epoch 25, relative change 0.091772
INFO:root:epoch 26, relative change 0.091719
INFO:root:epoch 27, relative change 0.086887
INFO:root:epoch 28, relative change 0.082493
INFO:root:epoch 29, relative change 0.080152
INFO:root:save output to output/tmp_30.jpg
INFO:root:epoch 30, relative change 0.079058
INFO:root:epoch 31, relative change 0.074937
INFO:root:epoch 32, relative change 0.070674
INFO:root:epoch 33, relative change 0.064028
INFO:root:epoch 34, relative change 0.060021
INFO:root:save output to output/tmp_35.jpg
INFO:root:epoch 35, relative change 0.059659
INFO:root:epoch 36, relative change 0.055072
INFO:root:epoch 37, relative change 0.053785
INFO:root:epoch 38, relative change 0.052432
INFO:root:epoch 39, relative change 0.048177
INFO:root:save output to output/tmp_40.jpg
INFO:root:epoch 40, relative change 0.049957
INFO:root:epoch 41, relative change 0.045797
INFO:root:epoch 42, relative change 0.047488
INFO:root:epoch 43, relative change 0.042813
INFO:root:epoch 44, relative change 0.044141
INFO:root:save output to output/tmp_45.jpg
INFO:root:epoch 45, relative change 0.040540
INFO:root:epoch 46, relative change 0.040557
INFO:root:epoch 47, relative change 0.035139
INFO:root:epoch 48, relative change 0.037903
INFO:root:epoch 49, relative change 0.033402
INFO:root:save output to output/tmp_50.jpg
INFO:root:epoch 50, relative change 0.032274
INFO:root:epoch 51, relative change 0.033783
INFO:root:epoch 52, relative change 0.029454
INFO:root:epoch 53, relative change 0.036102
INFO:root:epoch 54, relative change 0.027693
INFO:root:save output to output/tmp_55.jpg
INFO:root:epoch 55, relative change 0.031412
INFO:root:epoch 56, relative change 0.031625
INFO:root:epoch 57, relative change 0.026464
INFO:root:epoch 58, relative change 0.029928
INFO:root:epoch 59, relative change 0.025075
INFO:root:save output to output/tmp_60.jpg
INFO:root:epoch 60, relative change 0.027930
INFO:root:epoch 61, relative change 0.024388
INFO:root:epoch 62, relative change 0.025309
INFO:root:epoch 63, relative change 0.025773
INFO:root:epoch 64, relative change 0.022414
INFO:root:save output to output/tmp_65.jpg
INFO:root:epoch 65, relative change 0.026484
INFO:root:epoch 66, relative change 0.022785
INFO:root:epoch 67, relative change 0.022977
INFO:root:epoch 68, relative change 0.023624
INFO:root:epoch 69, relative change 0.019720
INFO:root:save output to output/tmp_70.jpg
INFO:root:epoch 70, relative change 0.026165
INFO:root:epoch 71, relative change 0.020018
INFO:root:epoch 72, relative change 0.023421
INFO:root:epoch 73, relative change 0.023162
INFO:root:epoch 74, relative change 0.020883
INFO:root:save output to output/tmp_75.jpg
INFO:root:epoch 75, relative change 0.018476
INFO:root:epoch 76, relative change 0.024164
INFO:root:epoch 77, relative change 0.018544
INFO:root:epoch 78, relative change 0.025561
INFO:root:epoch 79, relative change 0.017523
INFO:root:save output to output/tmp_80.jpg
INFO:root:epoch 80, relative change 0.022839
INFO:root:Update[81]: Change learning rate to 9.00000e-04
INFO:root:epoch 81, relative change 0.019800
INFO:root:epoch 82, relative change 0.022783
INFO:root:epoch 83, relative change 0.014835
INFO:root:epoch 84, relative change 0.020899
INFO:root:save output to output/tmp_85.jpg
INFO:root:epoch 85, relative change 0.017982
INFO:root:epoch 86, relative change 0.016920
INFO:root:epoch 87, relative change 0.018100
INFO:root:epoch 88, relative change 0.015863
INFO:root:epoch 89, relative change 0.017714
INFO:root:save output to output/tmp_90.jpg
INFO:root:epoch 90, relative change 0.014831
INFO:root:epoch 91, relative change 0.016877
INFO:root:epoch 92, relative change 0.016050
INFO:root:epoch 93, relative change 0.014974
INFO:root:epoch 94, relative change 0.014879
INFO:root:save output to output/tmp_95.jpg
INFO:root:epoch 95, relative change 0.015749
INFO:root:epoch 96, relative change 0.013168
INFO:root:epoch 97, relative change 0.019932
INFO:root:epoch 98, relative change 0.012958
INFO:root:epoch 99, relative change 0.020246
INFO:root:save output to output/tmp_100.jpg
INFO:root:epoch 100, relative change 0.015050
INFO:root:epoch 101, relative change 0.019346
INFO:root:epoch 102, relative change 0.011879
INFO:root:epoch 103, relative change 0.019669
INFO:root:epoch 104, relative change 0.011445
INFO:root:save output to output/tmp_105.jpg
INFO:root:epoch 105, relative change 0.018278
INFO:root:epoch 106, relative change 0.011505
INFO:root:epoch 107, relative change 0.019025
INFO:root:epoch 108, relative change 0.011482
INFO:root:epoch 109, relative change 0.019221
INFO:root:save output to output/tmp_110.jpg
INFO:root:epoch 110, relative change 0.010651
INFO:root:epoch 111, relative change 0.018388
INFO:root:epoch 112, relative change 0.009976
INFO:root:epoch 113, relative change 0.018068
INFO:root:epoch 114, relative change 0.009739
INFO:root:save output to output/tmp_115.jpg
INFO:root:epoch 115, relative change 0.018488
INFO:root:epoch 116, relative change 0.010219
INFO:root:epoch 117, relative change 0.017618
INFO:root:epoch 118, relative change 0.010953
INFO:root:epoch 119, relative change 0.017836
INFO:root:save output to output/tmp_120.jpg
INFO:root:epoch 120, relative change 0.009615
INFO:root:epoch 121, relative change 0.017935
INFO:root:epoch 122, relative change 0.010006
INFO:root:epoch 123, relative change 0.018169
INFO:root:epoch 124, relative change 0.009040
INFO:root:save output to output/tmp_125.jpg
INFO:root:epoch 125, relative change 0.018041
INFO:root:epoch 126, relative change 0.009622
INFO:root:epoch 127, relative change 0.018550
INFO:root:epoch 128, relative change 0.010055
INFO:root:epoch 129, relative change 0.018181
INFO:root:save output to output/tmp_130.jpg
INFO:root:epoch 130, relative change 0.011134
INFO:root:epoch 131, relative change 0.018258
INFO:root:epoch 132, relative change 0.009698
INFO:root:epoch 133, relative change 0.017894
INFO:root:epoch 134, relative change 0.010588
INFO:root:save output to output/tmp_135.jpg
INFO:root:epoch 135, relative change 0.017973
INFO:root:epoch 136, relative change 0.008967
INFO:root:epoch 137, relative change 0.017703
INFO:root:epoch 138, relative change 0.010517
INFO:root:epoch 139, relative change 0.017623
INFO:root:save output to output/tmp_140.jpg
INFO:root:epoch 140, relative change 0.009182
INFO:root:epoch 141, relative change 0.017696
INFO:root:epoch 142, relative change 0.011086
INFO:root:epoch 143, relative change 0.017057
INFO:root:epoch 144, relative change 0.010138
INFO:root:save output to output/tmp_145.jpg
INFO:root:epoch 145, relative change 0.016432
INFO:root:epoch 146, relative change 0.011392
INFO:root:epoch 147, relative change 0.016340
INFO:root:epoch 148, relative change 0.010204
INFO:root:epoch 149, relative change 0.016787
INFO:root:save output to output/tmp_150.jpg
INFO:root:epoch 150, relative change 0.011221
INFO:root:epoch 151, relative change 0.016614
INFO:root:epoch 152, relative change 0.010879
INFO:root:epoch 153, relative change 0.013698
INFO:root:epoch 154, relative change 0.014385
INFO:root:save output to output/tmp_155.jpg
INFO:root:epoch 155, relative change 0.011643
INFO:root:epoch 156, relative change 0.018024
INFO:root:epoch 157, relative change 0.010686
INFO:root:epoch 158, relative change 0.016594
INFO:root:epoch 159, relative change 0.017310
INFO:root:save output to output/tmp_160.jpg
INFO:root:epoch 160, relative change 0.010830
INFO:root:Update[161]: Change learning rate to 8.10000e-04
INFO:root:epoch 161, relative change 0.016025
INFO:root:epoch 162, relative change 0.013921
INFO:root:epoch 163, relative change 0.013114
INFO:root:epoch 164, relative change 0.012570
INFO:root:save output to output/tmp_165.jpg
INFO:root:epoch 165, relative change 0.014792
INFO:root:epoch 166, relative change 0.011584
INFO:root:epoch 167, relative change 0.015408
INFO:root:epoch 168, relative change 0.011273
INFO:root:epoch 169, relative change 0.015832
INFO:root:save output to output/tmp_170.jpg
INFO:root:epoch 170, relative change 0.012277
INFO:root:epoch 171, relative change 0.017467
INFO:root:epoch 172, relative change 0.009664
INFO:root:epoch 173, relative change 0.015060
INFO:root:epoch 174, relative change 0.014697
INFO:root:save output to output/tmp_175.jpg
INFO:root:epoch 175, relative change 0.013739
INFO:root:epoch 176, relative change 0.011465
INFO:root:epoch 177, relative change 0.016032
INFO:root:epoch 178, relative change 0.010591
INFO:root:epoch 179, relative change 0.017335
INFO:root:save output to output/tmp_180.jpg
INFO:root:epoch 180, relative change 0.010356
INFO:root:epoch 181, relative change 0.015503
INFO:root:epoch 182, relative change 0.012901
INFO:root:epoch 183, relative change 0.016600
INFO:root:epoch 184, relative change 0.009379
INFO:root:save output to output/tmp_185.jpg
INFO:root:epoch 185, relative change 0.015831
INFO:root:epoch 186, relative change 0.012319
INFO:root:epoch 187, relative change 0.014640
INFO:root:epoch 188, relative change 0.009973
INFO:root:epoch 189, relative change 0.015953
INFO:root:save output to output/tmp_190.jpg
INFO:root:epoch 190, relative change 0.010314
INFO:root:epoch 191, relative change 0.014724
INFO:root:epoch 192, relative change 0.009145
INFO:root:epoch 193, relative change 0.015066
INFO:root:epoch 194, relative change 0.010045
INFO:root:save output to output/tmp_195.jpg
INFO:root:epoch 195, relative change 0.017359
INFO:root:epoch 196, relative change 0.008446
INFO:root:epoch 197, relative change 0.014577
INFO:root:epoch 198, relative change 0.015291
INFO:root:epoch 199, relative change 0.012149
INFO:root:save output to output/tmp_200.jpg
INFO:root:save output to output/building_vanGogh/building_vanGogh_200.jpg
INFO:root:PROC_TIME: [10485765ms], [10485s] [174min] [2h]
[1.0198021e-09, 1.0223644e-09, 1.0275278e-09, 1.0380129e-09, 4.2958304e-09, 10.0]
+ date
+ echo MONITOR: END at Fri Aug 26 09:53:55 UTC 2016
MONITOR: END at Fri Aug 26 09:53:55 UTC 2016
