+ date
+ echo MONITOR: START at Fri Aug 26 06:59:09 UTC 2016
MONITOR: START at Fri Aug 26 06:59:09 UTC 2016
+ python=python
+ input_file=/notebooks/daiwk/mxnet/example/neural-style//input//building.jpg
+ style_file=/notebooks/daiwk/mxnet/example/neural-style//style//style-picasso.jpg
+ output_name=building_picasso
+ max_num_epochs=200
+ mkdir -p output/building_picasso/
+ /bin/rm -rf output/building_picasso/*
+ output_file=output/building_picasso/building_picasso_200.jpg
+ python run.py --content-image /notebooks/daiwk/mxnet/example/neural-style//input//building.jpg --style-image /notebooks/daiwk/mxnet/example/neural-style//style//style-picasso.jpg --gpu -1 --save-epochs 5 --max-num-epochs 200 --output output/building_picasso/building_picasso_200.jpg
libdc1394 error: Failed to initialize libdc1394
INFO:root:load the content image, size = (399, 600)
INFO:root:resize the content image to (399, 600)
[06:59:10] src/operator/./reshape-inl.h:249: Using target_shape will be deprecated.
[06:59:10] src/operator/./reshape-inl.h:249: Using target_shape will be deprecated.
[06:59:10] src/operator/./reshape-inl.h:249: Using target_shape will be deprecated.
[06:59:10] src/operator/./reshape-inl.h:249: Using target_shape will be deprecated.
[06:59:10] src/operator/./reshape-inl.h:249: Using target_shape will be deprecated.
[06:59:10] src/operator/./reshape-inl.h:249: Using target_shape will be deprecated.
[06:59:10] src/operator/./reshape-inl.h:249: Using target_shape will be deprecated.
[06:59:10] src/operator/./reshape-inl.h:249: Using target_shape will be deprecated.
[06:59:10] src/operator/./reshape-inl.h:249: Using target_shape will be deprecated.
[06:59:10] src/operator/./reshape-inl.h:249: Using target_shape will be deprecated.
[06:59:10] src/operator/./reshape-inl.h:249: Using target_shape will be deprecated.
[06:59:10] src/operator/./reshape-inl.h:249: Using target_shape will be deprecated.
[06:59:10] src/operator/./reshape-inl.h:249: Using target_shape will be deprecated.
[06:59:10] src/operator/./reshape-inl.h:249: Using target_shape will be deprecated.
[06:59:10] src/operator/./reshape-inl.h:249: Using target_shape will be deprecated.
[06:59:57] src/operator/./reshape-inl.h:249: Using target_shape will be deprecated.
[06:59:57] src/operator/./reshape-inl.h:249: Using target_shape will be deprecated.
[06:59:57] src/operator/./reshape-inl.h:249: Using target_shape will be deprecated.
[06:59:57] src/operator/./reshape-inl.h:249: Using target_shape will be deprecated.
[06:59:57] src/operator/./reshape-inl.h:249: Using target_shape will be deprecated.
Skip argument target_gram_0
Skip argument target_gram_1
Skip argument target_gram_2
Skip argument target_gram_3
Skip argument target_gram_4
Skip argument target_content
[06:59:57] src/operator/./reshape-inl.h:249: Using target_shape will be deprecated.
[06:59:57] src/operator/./reshape-inl.h:249: Using target_shape will be deprecated.
[06:59:57] src/operator/./reshape-inl.h:249: Using target_shape will be deprecated.
[06:59:57] src/operator/./reshape-inl.h:249: Using target_shape will be deprecated.
[06:59:57] src/operator/./reshape-inl.h:249: Using target_shape will be deprecated.
[06:59:57] src/operator/./reshape-inl.h:249: Using target_shape will be deprecated.
[06:59:57] src/operator/./reshape-inl.h:249: Using target_shape will be deprecated.
[06:59:57] src/operator/./reshape-inl.h:249: Using target_shape will be deprecated.
[06:59:57] src/operator/./reshape-inl.h:249: Using target_shape will be deprecated.
[06:59:57] src/operator/./reshape-inl.h:249: Using target_shape will be deprecated.
INFO:root:start training arguments Namespace(content_image='/notebooks/daiwk/mxnet/example/neural-style//input//building.jpg', content_weight=10, gpu=-1, lr=0.001, max_long_edge=600, max_num_epochs=200, model='vgg19', output='output/building_picasso/building_picasso_200.jpg', remove_noise=0.02, save_epochs=5, stop_eps=0.005, style_image='/notebooks/daiwk/mxnet/example/neural-style//style//style-picasso.jpg', style_weight=1, tv_weight=0.01)
INFO:root:epoch 0, relative change 0.996140
INFO:root:epoch 1, relative change 0.644780
INFO:root:epoch 2, relative change 0.480765
INFO:root:epoch 3, relative change 0.386317
INFO:root:epoch 4, relative change 0.320780
INFO:root:save output to output/tmp_5.jpg
/usr/local/lib/python2.7/dist-packages/skimage/util/dtype.py:110: UserWarning: Possible precision loss when converting from float64 to uint8
  "%s to %s" % (dtypeobj_in, dtypeobj))
INFO:root:epoch 5, relative change 0.267690
INFO:root:epoch 6, relative change 0.203560
INFO:root:epoch 7, relative change 0.156964
INFO:root:epoch 8, relative change 0.128349
INFO:root:epoch 9, relative change 0.113938
INFO:root:save output to output/tmp_10.jpg
INFO:root:epoch 10, relative change 0.110618
INFO:root:epoch 11, relative change 0.114609
INFO:root:epoch 12, relative change 0.120055
INFO:root:epoch 13, relative change 0.121223
INFO:root:epoch 14, relative change 0.120029
INFO:root:save output to output/tmp_15.jpg
INFO:root:epoch 15, relative change 0.118026
INFO:root:epoch 16, relative change 0.109102
INFO:root:epoch 17, relative change 0.096206
INFO:root:epoch 18, relative change 0.087911
INFO:root:epoch 19, relative change 0.083078
INFO:root:save output to output/tmp_20.jpg
INFO:root:epoch 20, relative change 0.079515
INFO:root:epoch 21, relative change 0.078265
INFO:root:epoch 22, relative change 0.078612
INFO:root:epoch 23, relative change 0.078935
INFO:root:epoch 24, relative change 0.079438
INFO:root:save output to output/tmp_25.jpg
INFO:root:epoch 25, relative change 0.079642
INFO:root:epoch 26, relative change 0.079293
INFO:root:epoch 27, relative change 0.077977
INFO:root:epoch 28, relative change 0.076490
INFO:root:epoch 29, relative change 0.075200
INFO:root:save output to output/tmp_30.jpg
INFO:root:epoch 30, relative change 0.073867
INFO:root:epoch 31, relative change 0.072501
INFO:root:epoch 32, relative change 0.071526
INFO:root:epoch 33, relative change 0.070421
INFO:root:epoch 34, relative change 0.069048
INFO:root:save output to output/tmp_35.jpg
INFO:root:epoch 35, relative change 0.067745
INFO:root:epoch 36, relative change 0.065959
INFO:root:epoch 37, relative change 0.064660
INFO:root:epoch 38, relative change 0.063379
INFO:root:epoch 39, relative change 0.062074
INFO:root:save output to output/tmp_40.jpg
INFO:root:epoch 40, relative change 0.060932
INFO:root:epoch 41, relative change 0.060102
INFO:root:epoch 42, relative change 0.059225
INFO:root:epoch 43, relative change 0.056859
INFO:root:epoch 44, relative change 0.054060
INFO:root:save output to output/tmp_45.jpg
INFO:root:epoch 45, relative change 0.050117
INFO:root:epoch 46, relative change 0.049086
INFO:root:epoch 47, relative change 0.049024
INFO:root:epoch 48, relative change 0.047293
INFO:root:epoch 49, relative change 0.043951
INFO:root:save output to output/tmp_50.jpg
INFO:root:epoch 50, relative change 0.043924
INFO:root:epoch 51, relative change 0.042799
INFO:root:epoch 52, relative change 0.040174
INFO:root:epoch 53, relative change 0.038588
INFO:root:epoch 54, relative change 0.038382
INFO:root:save output to output/tmp_55.jpg
INFO:root:epoch 55, relative change 0.035522
INFO:root:epoch 56, relative change 0.036477
INFO:root:epoch 57, relative change 0.037177
INFO:root:epoch 58, relative change 0.033101
INFO:root:epoch 59, relative change 0.035388
INFO:root:save output to output/tmp_60.jpg
INFO:root:epoch 60, relative change 0.033049
INFO:root:epoch 61, relative change 0.030359
INFO:root:epoch 62, relative change 0.031192
INFO:root:epoch 63, relative change 0.029392
INFO:root:epoch 64, relative change 0.028951
INFO:root:save output to output/tmp_65.jpg
INFO:root:epoch 65, relative change 0.030087
INFO:root:epoch 66, relative change 0.027679
INFO:root:epoch 67, relative change 0.028319
INFO:root:epoch 68, relative change 0.026489
INFO:root:epoch 69, relative change 0.026364
INFO:root:save output to output/tmp_70.jpg
INFO:root:epoch 70, relative change 0.024078
INFO:root:epoch 71, relative change 0.025370
INFO:root:epoch 72, relative change 0.024282
INFO:root:epoch 73, relative change 0.025788
INFO:root:epoch 74, relative change 0.023637
INFO:root:save output to output/tmp_75.jpg
INFO:root:epoch 75, relative change 0.025056
INFO:root:epoch 76, relative change 0.022340
INFO:root:epoch 77, relative change 0.022893
INFO:root:epoch 78, relative change 0.021764
INFO:root:epoch 79, relative change 0.022625
INFO:root:save output to output/tmp_80.jpg
INFO:root:epoch 80, relative change 0.020852
INFO:root:Update[81]: Change learning rate to 9.00000e-04
INFO:root:epoch 81, relative change 0.021844
INFO:root:epoch 82, relative change 0.020129
INFO:root:epoch 83, relative change 0.019374
INFO:root:epoch 84, relative change 0.020276
INFO:root:save output to output/tmp_85.jpg
INFO:root:epoch 85, relative change 0.018668
INFO:root:epoch 86, relative change 0.018887
INFO:root:epoch 87, relative change 0.019150
INFO:root:epoch 88, relative change 0.017153
INFO:root:epoch 89, relative change 0.019664
INFO:root:save output to output/tmp_90.jpg
INFO:root:epoch 90, relative change 0.019510
INFO:root:epoch 91, relative change 0.016332
INFO:root:epoch 92, relative change 0.019225
INFO:root:epoch 93, relative change 0.019189
INFO:root:epoch 94, relative change 0.015721
INFO:root:save output to output/tmp_95.jpg
INFO:root:epoch 95, relative change 0.019214
INFO:root:epoch 96, relative change 0.018622
INFO:root:epoch 97, relative change 0.016963
INFO:root:epoch 98, relative change 0.016108
INFO:root:epoch 99, relative change 0.016668
INFO:root:save output to output/tmp_100.jpg
INFO:root:epoch 100, relative change 0.016913
INFO:root:epoch 101, relative change 0.015758
INFO:root:epoch 102, relative change 0.016144
INFO:root:epoch 103, relative change 0.015899
INFO:root:epoch 104, relative change 0.016099
INFO:root:save output to output/tmp_105.jpg
INFO:root:epoch 105, relative change 0.014582
INFO:root:epoch 106, relative change 0.015385
INFO:root:epoch 107, relative change 0.013939
INFO:root:epoch 108, relative change 0.015116
INFO:root:epoch 109, relative change 0.013496
INFO:root:save output to output/tmp_110.jpg
INFO:root:epoch 110, relative change 0.014979
INFO:root:epoch 111, relative change 0.014357
INFO:root:epoch 112, relative change 0.016020
INFO:root:epoch 113, relative change 0.013408
INFO:root:epoch 114, relative change 0.016890
INFO:root:save output to output/tmp_115.jpg
INFO:root:epoch 115, relative change 0.013216
INFO:root:epoch 116, relative change 0.016932
INFO:root:epoch 117, relative change 0.013827
INFO:root:epoch 118, relative change 0.015742
INFO:root:epoch 119, relative change 0.014021
INFO:root:save output to output/tmp_120.jpg
INFO:root:epoch 120, relative change 0.014086
INFO:root:epoch 121, relative change 0.015662
INFO:root:epoch 122, relative change 0.013779
INFO:root:epoch 123, relative change 0.016029
INFO:root:epoch 124, relative change 0.013970
INFO:root:save output to output/tmp_125.jpg
INFO:root:epoch 125, relative change 0.016021
INFO:root:epoch 126, relative change 0.014938
INFO:root:epoch 127, relative change 0.014384
INFO:root:epoch 128, relative change 0.013269
INFO:root:epoch 129, relative change 0.015058
INFO:root:save output to output/tmp_130.jpg
INFO:root:epoch 130, relative change 0.013640
INFO:root:epoch 131, relative change 0.014395
INFO:root:epoch 132, relative change 0.015284
INFO:root:epoch 133, relative change 0.012840
INFO:root:epoch 134, relative change 0.016622
INFO:root:save output to output/tmp_135.jpg
INFO:root:epoch 135, relative change 0.015030
INFO:root:epoch 136, relative change 0.014574
INFO:root:epoch 137, relative change 0.012970
INFO:root:epoch 138, relative change 0.015288
INFO:root:epoch 139, relative change 0.012308
INFO:root:save output to output/tmp_140.jpg
INFO:root:epoch 140, relative change 0.015178
INFO:root:epoch 141, relative change 0.012798
INFO:root:epoch 142, relative change 0.014361
INFO:root:epoch 143, relative change 0.012368
INFO:root:epoch 144, relative change 0.014397
INFO:root:save output to output/tmp_145.jpg
INFO:root:epoch 145, relative change 0.012573
INFO:root:epoch 146, relative change 0.013801
INFO:root:epoch 147, relative change 0.011852
INFO:root:epoch 148, relative change 0.014508
INFO:root:epoch 149, relative change 0.011897
INFO:root:save output to output/tmp_150.jpg
INFO:root:epoch 150, relative change 0.014279
INFO:root:epoch 151, relative change 0.011431
INFO:root:epoch 152, relative change 0.013968
INFO:root:epoch 153, relative change 0.011736
INFO:root:epoch 154, relative change 0.013695
INFO:root:save output to output/tmp_155.jpg
INFO:root:epoch 155, relative change 0.011664
INFO:root:epoch 156, relative change 0.012792
INFO:root:epoch 157, relative change 0.013234
INFO:root:epoch 158, relative change 0.011101
INFO:root:epoch 159, relative change 0.014502
INFO:root:save output to output/tmp_160.jpg
INFO:root:epoch 160, relative change 0.012721
INFO:root:Update[161]: Change learning rate to 8.10000e-04
INFO:root:epoch 161, relative change 0.013833
INFO:root:epoch 162, relative change 0.010327
INFO:root:epoch 163, relative change 0.015048
INFO:root:epoch 164, relative change 0.011077
INFO:root:save output to output/tmp_165.jpg
INFO:root:epoch 165, relative change 0.015768
INFO:root:epoch 166, relative change 0.010136
INFO:root:epoch 167, relative change 0.014256
INFO:root:epoch 168, relative change 0.012811
INFO:root:epoch 169, relative change 0.012573
INFO:root:save output to output/tmp_170.jpg
INFO:root:epoch 170, relative change 0.011734
INFO:root:epoch 171, relative change 0.013050
INFO:root:epoch 172, relative change 0.010980
INFO:root:epoch 173, relative change 0.014002
INFO:root:epoch 174, relative change 0.011914
INFO:root:save output to output/tmp_175.jpg
INFO:root:epoch 175, relative change 0.012923
INFO:root:epoch 176, relative change 0.010682
INFO:root:epoch 177, relative change 0.014573
INFO:root:epoch 178, relative change 0.010872
INFO:root:epoch 179, relative change 0.014254
INFO:root:save output to output/tmp_180.jpg
INFO:root:epoch 180, relative change 0.010304
INFO:root:epoch 181, relative change 0.013405
INFO:root:epoch 182, relative change 0.011041
INFO:root:epoch 183, relative change 0.012575
INFO:root:epoch 184, relative change 0.009402
INFO:root:save output to output/tmp_185.jpg
INFO:root:epoch 185, relative change 0.013270
INFO:root:epoch 186, relative change 0.010157
INFO:root:epoch 187, relative change 0.013556
INFO:root:epoch 188, relative change 0.009589
INFO:root:epoch 189, relative change 0.014128
INFO:root:save output to output/tmp_190.jpg
INFO:root:epoch 190, relative change 0.010654
INFO:root:epoch 191, relative change 0.012654
INFO:root:epoch 192, relative change 0.009521
INFO:root:epoch 193, relative change 0.014161
INFO:root:epoch 194, relative change 0.010200
INFO:root:save output to output/tmp_195.jpg
INFO:root:epoch 195, relative change 0.012764
INFO:root:epoch 196, relative change 0.010451
INFO:root:epoch 197, relative change 0.011686
INFO:root:epoch 198, relative change 0.009901
INFO:root:epoch 199, relative change 0.011371
INFO:root:save output to output/tmp_200.jpg
INFO:root:save output to output/building_picasso/building_picasso_200.jpg
INFO:root:PROC_TIME: [10425811ms], [10425s] [173min] [2h]
[1.0198021e-09, 1.0223644e-09, 1.0275278e-09, 1.0380129e-09, 4.2958304e-09, 10.0]
+ date
+ echo MONITOR: END at Fri Aug 26 09:52:55 UTC 2016
MONITOR: END at Fri Aug 26 09:52:55 UTC 2016
