+ date
+ echo MONITOR: START at Sat Aug 27 01:47:05 UTC 2016
MONITOR: START at Sat Aug 27 01:47:05 UTC 2016
+ python=python
+ input_file=input/butterfly.jpg
+ style_file=style/vanGogh.jpg
+ output_name=butterfly_vanGogh
+ uniq_id=20160827_09:47:05_butterfly_vanGogh_120
+ max_num_epochs=120
+ mkdir -p output/butterfly_vanGogh/
+ /bin/rm -rf output/butterfly_vanGogh/*
+ output_file=output/butterfly_vanGogh/butterfly_vanGogh_120.jpg
+ python run.py --content-image input/butterfly.jpg --style-image style/vanGogh.jpg --gpu -1 --save-epochs 5 --max-num-epochs 120 --output output/butterfly_vanGogh/butterfly_vanGogh_120.jpg
libdc1394 error: Failed to initialize libdc1394
INFO:root:load the content image, size = (532, 800)
INFO:root:resize the content image to (399, 600)
[01:47:05] src/operator/./reshape-inl.h:249: Using target_shape will be deprecated.
[01:47:05] src/operator/./reshape-inl.h:249: Using target_shape will be deprecated.
[01:47:05] src/operator/./reshape-inl.h:249: Using target_shape will be deprecated.
[01:47:05] src/operator/./reshape-inl.h:249: Using target_shape will be deprecated.
[01:47:05] src/operator/./reshape-inl.h:249: Using target_shape will be deprecated.
[01:47:05] src/operator/./reshape-inl.h:249: Using target_shape will be deprecated.
[01:47:05] src/operator/./reshape-inl.h:249: Using target_shape will be deprecated.
[01:47:05] src/operator/./reshape-inl.h:249: Using target_shape will be deprecated.
[01:47:05] src/operator/./reshape-inl.h:249: Using target_shape will be deprecated.
[01:47:05] src/operator/./reshape-inl.h:249: Using target_shape will be deprecated.
[01:47:05] src/operator/./reshape-inl.h:249: Using target_shape will be deprecated.
[01:47:05] src/operator/./reshape-inl.h:249: Using target_shape will be deprecated.
[01:47:05] src/operator/./reshape-inl.h:249: Using target_shape will be deprecated.
[01:47:05] src/operator/./reshape-inl.h:249: Using target_shape will be deprecated.
[01:47:05] src/operator/./reshape-inl.h:249: Using target_shape will be deprecated.
[01:47:45] src/operator/./reshape-inl.h:249: Using target_shape will be deprecated.
[01:47:45] src/operator/./reshape-inl.h:249: Using target_shape will be deprecated.
[01:47:45] src/operator/./reshape-inl.h:249: Using target_shape will be deprecated.
[01:47:45] src/operator/./reshape-inl.h:249: Using target_shape will be deprecated.
[01:47:45] src/operator/./reshape-inl.h:249: Using target_shape will be deprecated.
Skip argument target_gram_0
Skip argument target_gram_1
Skip argument target_gram_2
Skip argument target_gram_3
Skip argument target_gram_4
Skip argument target_content
[01:47:45] src/operator/./reshape-inl.h:249: Using target_shape will be deprecated.
[01:47:45] src/operator/./reshape-inl.h:249: Using target_shape will be deprecated.
[01:47:45] src/operator/./reshape-inl.h:249: Using target_shape will be deprecated.
[01:47:45] src/operator/./reshape-inl.h:249: Using target_shape will be deprecated.
[01:47:45] src/operator/./reshape-inl.h:249: Using target_shape will be deprecated.
[01:47:45] src/operator/./reshape-inl.h:249: Using target_shape will be deprecated.
[01:47:45] src/operator/./reshape-inl.h:249: Using target_shape will be deprecated.
[01:47:45] src/operator/./reshape-inl.h:249: Using target_shape will be deprecated.
[01:47:45] src/operator/./reshape-inl.h:249: Using target_shape will be deprecated.
[01:47:45] src/operator/./reshape-inl.h:249: Using target_shape will be deprecated.
INFO:root:start training arguments Namespace(content_image='input/butterfly.jpg', content_weight=10, gpu=-1, lr=0.001, max_long_edge=600, max_num_epochs=120, model='vgg19', output='output/butterfly_vanGogh/butterfly_vanGogh_120.jpg', remove_noise=0.02, save_epochs=5, stop_eps=0.005, style_image='style/vanGogh.jpg', style_weight=1, tv_weight=0.01)
INFO:root:epoch 0, relative change 0.993784
INFO:root:epoch 1, relative change 0.645299
INFO:root:epoch 2, relative change 0.480062
INFO:root:epoch 3, relative change 0.385667
INFO:root:epoch 4, relative change 0.320602
INFO:root:save output to output/tmp_5.jpg
/usr/local/lib/python2.7/dist-packages/skimage/util/dtype.py:110: UserWarning: Possible precision loss when converting from float64 to uint8
  "%s to %s" % (dtypeobj_in, dtypeobj))
INFO:root:epoch 5, relative change 0.265909
INFO:root:epoch 6, relative change 0.192996
INFO:root:epoch 7, relative change 0.147789
INFO:root:epoch 8, relative change 0.125349
INFO:root:epoch 9, relative change 0.117214
INFO:root:save output to output/tmp_10.jpg
INFO:root:epoch 10, relative change 0.116384
INFO:root:epoch 11, relative change 0.117761
INFO:root:epoch 12, relative change 0.118682
INFO:root:epoch 13, relative change 0.118992
INFO:root:epoch 14, relative change 0.119685
INFO:root:save output to output/tmp_15.jpg
INFO:root:epoch 15, relative change 0.119642
INFO:root:epoch 16, relative change 0.104877
INFO:root:epoch 17, relative change 0.092970
INFO:root:epoch 18, relative change 0.087084
INFO:root:epoch 19, relative change 0.083733
INFO:root:save output to output/tmp_20.jpg
INFO:root:epoch 20, relative change 0.080679
INFO:root:epoch 21, relative change 0.081566
INFO:root:epoch 22, relative change 0.085593
INFO:root:epoch 23, relative change 0.085677
INFO:root:epoch 24, relative change 0.086991
INFO:root:save output to output/tmp_25.jpg
INFO:root:epoch 25, relative change 0.090838
INFO:root:epoch 26, relative change 0.091314
INFO:root:epoch 27, relative change 0.085052
INFO:root:epoch 28, relative change 0.081008
INFO:root:epoch 29, relative change 0.077165
INFO:root:save output to output/tmp_30.jpg
INFO:root:epoch 30, relative change 0.075109
INFO:root:epoch 31, relative change 0.071784
INFO:root:epoch 32, relative change 0.066570
INFO:root:epoch 33, relative change 0.059144
INFO:root:epoch 34, relative change 0.056103
INFO:root:save output to output/tmp_35.jpg
INFO:root:epoch 35, relative change 0.052949
INFO:root:epoch 36, relative change 0.047373
INFO:root:epoch 37, relative change 0.048899
INFO:root:epoch 38, relative change 0.045785
INFO:root:epoch 39, relative change 0.044151
INFO:root:save output to output/tmp_40.jpg
INFO:root:epoch 40, relative change 0.044494
INFO:root:epoch 41, relative change 0.042308
INFO:root:epoch 42, relative change 0.041378
INFO:root:epoch 43, relative change 0.039325
INFO:root:epoch 44, relative change 0.037339
INFO:root:save output to output/tmp_45.jpg
INFO:root:epoch 45, relative change 0.038629
INFO:root:epoch 46, relative change 0.035640
INFO:root:epoch 47, relative change 0.036856
INFO:root:epoch 48, relative change 0.033946
INFO:root:epoch 49, relative change 0.034512
INFO:root:save output to output/tmp_50.jpg
INFO:root:epoch 50, relative change 0.033515
INFO:root:epoch 51, relative change 0.031342
INFO:root:epoch 52, relative change 0.029873
INFO:root:epoch 53, relative change 0.028253
INFO:root:epoch 54, relative change 0.029389
INFO:root:save output to output/tmp_55.jpg
INFO:root:epoch 55, relative change 0.026255
INFO:root:epoch 56, relative change 0.030049
INFO:root:epoch 57, relative change 0.026653
INFO:root:epoch 58, relative change 0.027652
INFO:root:epoch 59, relative change 0.027258
INFO:root:save output to output/tmp_60.jpg
INFO:root:epoch 60, relative change 0.024897
INFO:root:epoch 61, relative change 0.024149
INFO:root:epoch 62, relative change 0.022764
INFO:root:epoch 63, relative change 0.022788
INFO:root:epoch 64, relative change 0.021040
INFO:root:save output to output/tmp_65.jpg
INFO:root:epoch 65, relative change 0.021599
INFO:root:epoch 66, relative change 0.020556
INFO:root:epoch 67, relative change 0.019257
INFO:root:epoch 68, relative change 0.021148
INFO:root:epoch 69, relative change 0.018530
INFO:root:save output to output/tmp_70.jpg
INFO:root:epoch 70, relative change 0.021054
INFO:root:epoch 71, relative change 0.019987
INFO:root:epoch 72, relative change 0.019160
INFO:root:epoch 73, relative change 0.019717
INFO:root:epoch 74, relative change 0.017541
INFO:root:save output to output/tmp_75.jpg
INFO:root:epoch 75, relative change 0.019096
INFO:root:epoch 76, relative change 0.016211
INFO:root:epoch 77, relative change 0.020932
INFO:root:epoch 78, relative change 0.016731
INFO:root:epoch 79, relative change 0.019650
INFO:root:save output to output/tmp_80.jpg
INFO:root:epoch 80, relative change 0.017580
INFO:root:Update[81]: Change learning rate to 9.00000e-04
INFO:root:epoch 81, relative change 0.015658
INFO:root:epoch 82, relative change 0.017616
INFO:root:epoch 83, relative change 0.015745
INFO:root:epoch 84, relative change 0.015953
INFO:root:save output to output/tmp_85.jpg
INFO:root:epoch 85, relative change 0.015143
INFO:root:epoch 86, relative change 0.013830
INFO:root:epoch 87, relative change 0.016401
INFO:root:epoch 88, relative change 0.013048
INFO:root:epoch 89, relative change 0.017023
INFO:root:save output to output/tmp_90.jpg
INFO:root:epoch 90, relative change 0.013244
INFO:root:epoch 91, relative change 0.015935
INFO:root:epoch 92, relative change 0.013482
INFO:root:epoch 93, relative change 0.015855
INFO:root:epoch 94, relative change 0.013642
INFO:root:save output to output/tmp_95.jpg
INFO:root:epoch 95, relative change 0.014380
INFO:root:epoch 96, relative change 0.013847
INFO:root:epoch 97, relative change 0.014658
INFO:root:epoch 98, relative change 0.013390
INFO:root:epoch 99, relative change 0.015827
INFO:root:save output to output/tmp_100.jpg
INFO:root:epoch 100, relative change 0.012373
INFO:root:epoch 101, relative change 0.017055
INFO:root:epoch 102, relative change 0.015177
INFO:root:epoch 103, relative change 0.011646
INFO:root:epoch 104, relative change 0.022371
INFO:root:save output to output/tmp_105.jpg
INFO:root:epoch 105, relative change 0.011824
INFO:root:epoch 106, relative change 0.017974
INFO:root:epoch 107, relative change 0.019491
INFO:root:epoch 108, relative change 0.018241
INFO:root:epoch 109, relative change 0.014365
INFO:root:save output to output/tmp_110.jpg
INFO:root:epoch 110, relative change 0.019228
INFO:root:epoch 111, relative change 0.012369
INFO:root:epoch 112, relative change 0.017882
INFO:root:epoch 113, relative change 0.015729
INFO:root:epoch 114, relative change 0.012741
INFO:root:save output to output/tmp_115.jpg
INFO:root:epoch 115, relative change 0.020992
INFO:root:epoch 116, relative change 0.013410
INFO:root:epoch 117, relative change 0.017703
INFO:root:epoch 118, relative change 0.018665
INFO:root:epoch 119, relative change 0.013445
INFO:root:save output to output/tmp_120.jpg
INFO:root:save output to output/butterfly_vanGogh/butterfly_vanGogh_120.jpg
INFO:root:PROC_TIME: [5428805ms], [5428s] [90min] [1h]
[1.0198021e-09, 1.0223644e-09, 1.0275278e-09, 1.0380129e-09, 4.2958304e-09, 10.0]
+ date
+ echo MONITOR: END at Sat Aug 27 03:17:34 UTC 2016
MONITOR: END at Sat Aug 27 03:17:34 UTC 2016
