+ date
+ echo MONITOR: START at Fri Aug 26 06:59:09 UTC 2016
MONITOR: START at Fri Aug 26 06:59:09 UTC 2016
+ python=python
+ input_file=/notebooks/daiwk/mxnet/example/neural-style//input//cat1.jpg
+ style_file=/notebooks/daiwk/mxnet/example/neural-style//style//style-shuimohua.jpg
+ output_name=cat1_shuimohua
+ max_num_epochs=200
+ mkdir -p output/cat1_shuimohua/
+ /bin/rm -rf output/cat1_shuimohua/*
+ output_file=output/cat1_shuimohua/cat1_shuimohua_200.jpg
+ python run.py --content-image /notebooks/daiwk/mxnet/example/neural-style//input//cat1.jpg --style-image /notebooks/daiwk/mxnet/example/neural-style//style//style-shuimohua.jpg --gpu -1 --save-epochs 5 --max-num-epochs 200 --output output/cat1_shuimohua/cat1_shuimohua_200.jpg
libdc1394 error: Failed to initialize libdc1394
INFO:root:load the content image, size = (218, 350)
INFO:root:resize the content image to (373, 600)
[06:59:10] src/operator/./reshape-inl.h:249: Using target_shape will be deprecated.
[06:59:10] src/operator/./reshape-inl.h:249: Using target_shape will be deprecated.
[06:59:10] src/operator/./reshape-inl.h:249: Using target_shape will be deprecated.
[06:59:10] src/operator/./reshape-inl.h:249: Using target_shape will be deprecated.
[06:59:10] src/operator/./reshape-inl.h:249: Using target_shape will be deprecated.
[06:59:10] src/operator/./reshape-inl.h:249: Using target_shape will be deprecated.
[06:59:10] src/operator/./reshape-inl.h:249: Using target_shape will be deprecated.
[06:59:10] src/operator/./reshape-inl.h:249: Using target_shape will be deprecated.
[06:59:10] src/operator/./reshape-inl.h:249: Using target_shape will be deprecated.
[06:59:10] src/operator/./reshape-inl.h:249: Using target_shape will be deprecated.
[06:59:10] src/operator/./reshape-inl.h:249: Using target_shape will be deprecated.
[06:59:10] src/operator/./reshape-inl.h:249: Using target_shape will be deprecated.
[06:59:10] src/operator/./reshape-inl.h:249: Using target_shape will be deprecated.
[06:59:10] src/operator/./reshape-inl.h:249: Using target_shape will be deprecated.
[06:59:10] src/operator/./reshape-inl.h:249: Using target_shape will be deprecated.
[06:59:54] src/operator/./reshape-inl.h:249: Using target_shape will be deprecated.
[06:59:54] src/operator/./reshape-inl.h:249: Using target_shape will be deprecated.
[06:59:54] src/operator/./reshape-inl.h:249: Using target_shape will be deprecated.
[06:59:54] src/operator/./reshape-inl.h:249: Using target_shape will be deprecated.
[06:59:54] src/operator/./reshape-inl.h:249: Using target_shape will be deprecated.
Skip argument target_gram_0
Skip argument target_gram_1
Skip argument target_gram_2
Skip argument target_gram_3
Skip argument target_gram_4
Skip argument target_content
[06:59:54] src/operator/./reshape-inl.h:249: Using target_shape will be deprecated.
[06:59:54] src/operator/./reshape-inl.h:249: Using target_shape will be deprecated.
[06:59:54] src/operator/./reshape-inl.h:249: Using target_shape will be deprecated.
[06:59:54] src/operator/./reshape-inl.h:249: Using target_shape will be deprecated.
[06:59:54] src/operator/./reshape-inl.h:249: Using target_shape will be deprecated.
[06:59:54] src/operator/./reshape-inl.h:249: Using target_shape will be deprecated.
[06:59:54] src/operator/./reshape-inl.h:249: Using target_shape will be deprecated.
[06:59:54] src/operator/./reshape-inl.h:249: Using target_shape will be deprecated.
[06:59:54] src/operator/./reshape-inl.h:249: Using target_shape will be deprecated.
[06:59:54] src/operator/./reshape-inl.h:249: Using target_shape will be deprecated.
INFO:root:start training arguments Namespace(content_image='/notebooks/daiwk/mxnet/example/neural-style//input//cat1.jpg', content_weight=10, gpu=-1, lr=0.001, max_long_edge=600, max_num_epochs=200, model='vgg19', output='output/cat1_shuimohua/cat1_shuimohua_200.jpg', remove_noise=0.02, save_epochs=5, stop_eps=0.005, style_image='/notebooks/daiwk/mxnet/example/neural-style//style//style-shuimohua.jpg', style_weight=1, tv_weight=0.01)
INFO:root:epoch 0, relative change 1.000320
INFO:root:epoch 1, relative change 0.646744
INFO:root:epoch 2, relative change 0.484509
INFO:root:epoch 3, relative change 0.387960
INFO:root:epoch 4, relative change 0.319377
INFO:root:save output to output/tmp_5.jpg
/usr/local/lib/python2.7/dist-packages/skimage/util/dtype.py:110: UserWarning: Possible precision loss when converting from float64 to uint8
  "%s to %s" % (dtypeobj_in, dtypeobj))
INFO:root:epoch 5, relative change 0.263082
INFO:root:epoch 6, relative change 0.210264
INFO:root:epoch 7, relative change 0.165952
INFO:root:epoch 8, relative change 0.135044
INFO:root:epoch 9, relative change 0.117509
INFO:root:save output to output/tmp_10.jpg
INFO:root:epoch 10, relative change 0.110833
INFO:root:epoch 11, relative change 0.111418
INFO:root:epoch 12, relative change 0.115076
INFO:root:epoch 13, relative change 0.116968
INFO:root:epoch 14, relative change 0.114395
INFO:root:save output to output/tmp_15.jpg
INFO:root:epoch 15, relative change 0.108521
INFO:root:epoch 16, relative change 0.099775
INFO:root:epoch 17, relative change 0.089702
INFO:root:epoch 18, relative change 0.081773
INFO:root:epoch 19, relative change 0.077171
INFO:root:save output to output/tmp_20.jpg
INFO:root:epoch 20, relative change 0.074827
INFO:root:epoch 21, relative change 0.073694
INFO:root:epoch 22, relative change 0.072974
INFO:root:epoch 23, relative change 0.071897
INFO:root:epoch 24, relative change 0.070291
INFO:root:save output to output/tmp_25.jpg
INFO:root:epoch 25, relative change 0.068695
INFO:root:epoch 26, relative change 0.066829
INFO:root:epoch 27, relative change 0.065280
INFO:root:epoch 28, relative change 0.063767
INFO:root:epoch 29, relative change 0.062257
INFO:root:save output to output/tmp_30.jpg
INFO:root:epoch 30, relative change 0.060878
INFO:root:epoch 31, relative change 0.059565
INFO:root:epoch 32, relative change 0.057498
INFO:root:epoch 33, relative change 0.055137
INFO:root:epoch 34, relative change 0.053511
INFO:root:save output to output/tmp_35.jpg
INFO:root:epoch 35, relative change 0.050866
INFO:root:epoch 36, relative change 0.049431
INFO:root:epoch 37, relative change 0.047401
INFO:root:epoch 38, relative change 0.046158
INFO:root:epoch 39, relative change 0.044261
INFO:root:save output to output/tmp_40.jpg
INFO:root:epoch 40, relative change 0.043750
INFO:root:epoch 41, relative change 0.042416
INFO:root:epoch 42, relative change 0.041743
INFO:root:epoch 43, relative change 0.040715
INFO:root:epoch 44, relative change 0.039805
INFO:root:save output to output/tmp_45.jpg
INFO:root:epoch 45, relative change 0.038985
INFO:root:epoch 46, relative change 0.038058
INFO:root:epoch 47, relative change 0.037287
INFO:root:epoch 48, relative change 0.036301
INFO:root:epoch 49, relative change 0.035732
INFO:root:save output to output/tmp_50.jpg
INFO:root:epoch 50, relative change 0.034872
INFO:root:epoch 51, relative change 0.034276
INFO:root:epoch 52, relative change 0.033588
INFO:root:epoch 53, relative change 0.033448
INFO:root:epoch 54, relative change 0.032643
INFO:root:save output to output/tmp_55.jpg
INFO:root:epoch 55, relative change 0.032054
INFO:root:epoch 56, relative change 0.031662
INFO:root:epoch 57, relative change 0.030895
INFO:root:epoch 58, relative change 0.030487
INFO:root:epoch 59, relative change 0.030465
INFO:root:save output to output/tmp_60.jpg
INFO:root:epoch 60, relative change 0.029631
INFO:root:epoch 61, relative change 0.029326
INFO:root:epoch 62, relative change 0.028637
INFO:root:epoch 63, relative change 0.028583
INFO:root:epoch 64, relative change 0.027782
INFO:root:save output to output/tmp_65.jpg
INFO:root:epoch 65, relative change 0.027525
INFO:root:epoch 66, relative change 0.026680
INFO:root:epoch 67, relative change 0.026574
INFO:root:epoch 68, relative change 0.025827
INFO:root:epoch 69, relative change 0.026070
INFO:root:save output to output/tmp_70.jpg
INFO:root:epoch 70, relative change 0.025006
INFO:root:epoch 71, relative change 0.025697
INFO:root:epoch 72, relative change 0.024462
INFO:root:epoch 73, relative change 0.024547
INFO:root:epoch 74, relative change 0.023370
INFO:root:save output to output/tmp_75.jpg
INFO:root:epoch 75, relative change 0.024408
INFO:root:epoch 76, relative change 0.023078
INFO:root:epoch 77, relative change 0.022720
INFO:root:epoch 78, relative change 0.023019
INFO:root:epoch 79, relative change 0.021969
INFO:root:save output to output/tmp_80.jpg
INFO:root:epoch 80, relative change 0.022249
INFO:root:Update[81]: Change learning rate to 9.00000e-04
INFO:root:epoch 81, relative change 0.020745
INFO:root:epoch 82, relative change 0.020870
INFO:root:epoch 83, relative change 0.019949
INFO:root:epoch 84, relative change 0.019714
INFO:root:save output to output/tmp_85.jpg
INFO:root:epoch 85, relative change 0.019304
INFO:root:epoch 86, relative change 0.018778
INFO:root:epoch 87, relative change 0.018751
INFO:root:epoch 88, relative change 0.018183
INFO:root:epoch 89, relative change 0.017947
INFO:root:save output to output/tmp_90.jpg
INFO:root:epoch 90, relative change 0.017728
INFO:root:epoch 91, relative change 0.017236
INFO:root:epoch 92, relative change 0.017125
INFO:root:epoch 93, relative change 0.016418
INFO:root:epoch 94, relative change 0.016778
INFO:root:save output to output/tmp_95.jpg
INFO:root:epoch 95, relative change 0.015796
INFO:root:epoch 96, relative change 0.016072
INFO:root:epoch 97, relative change 0.015234
INFO:root:epoch 98, relative change 0.015335
INFO:root:epoch 99, relative change 0.014722
INFO:root:save output to output/tmp_100.jpg
INFO:root:epoch 100, relative change 0.014725
INFO:root:epoch 101, relative change 0.014427
INFO:root:epoch 102, relative change 0.014056
INFO:root:epoch 103, relative change 0.014222
INFO:root:epoch 104, relative change 0.013685
INFO:root:save output to output/tmp_105.jpg
INFO:root:epoch 105, relative change 0.013669
INFO:root:epoch 106, relative change 0.013227
INFO:root:epoch 107, relative change 0.013250
INFO:root:epoch 108, relative change 0.012787
INFO:root:epoch 109, relative change 0.013005
INFO:root:save output to output/tmp_110.jpg
INFO:root:epoch 110, relative change 0.012581
INFO:root:epoch 111, relative change 0.012403
INFO:root:epoch 112, relative change 0.012169
INFO:root:epoch 113, relative change 0.011906
INFO:root:epoch 114, relative change 0.011875
INFO:root:save output to output/tmp_115.jpg
INFO:root:epoch 115, relative change 0.011651
INFO:root:epoch 116, relative change 0.011397
INFO:root:epoch 117, relative change 0.011208
INFO:root:epoch 118, relative change 0.011215
INFO:root:epoch 119, relative change 0.010969
INFO:root:save output to output/tmp_120.jpg
INFO:root:epoch 120, relative change 0.010826
INFO:root:epoch 121, relative change 0.010695
INFO:root:epoch 122, relative change 0.010576
INFO:root:epoch 123, relative change 0.010268
INFO:root:epoch 124, relative change 0.010391
INFO:root:save output to output/tmp_125.jpg
INFO:root:epoch 125, relative change 0.010013
INFO:root:epoch 126, relative change 0.010126
INFO:root:epoch 127, relative change 0.009703
INFO:root:epoch 128, relative change 0.009966
INFO:root:epoch 129, relative change 0.009454
INFO:root:save output to output/tmp_130.jpg
INFO:root:epoch 130, relative change 0.009682
INFO:root:epoch 131, relative change 0.009318
INFO:root:epoch 132, relative change 0.009513
INFO:root:epoch 133, relative change 0.009081
INFO:root:epoch 134, relative change 0.009328
INFO:root:save output to output/tmp_135.jpg
INFO:root:epoch 135, relative change 0.008822
INFO:root:epoch 136, relative change 0.009126
INFO:root:epoch 137, relative change 0.008644
INFO:root:epoch 138, relative change 0.009002
INFO:root:epoch 139, relative change 0.008460
INFO:root:save output to output/tmp_140.jpg
INFO:root:epoch 140, relative change 0.008700
INFO:root:epoch 141, relative change 0.008355
INFO:root:epoch 142, relative change 0.008440
INFO:root:epoch 143, relative change 0.008384
INFO:root:epoch 144, relative change 0.008247
INFO:root:save output to output/tmp_145.jpg
INFO:root:epoch 145, relative change 0.008273
INFO:root:epoch 146, relative change 0.008044
INFO:root:epoch 147, relative change 0.008150
INFO:root:epoch 148, relative change 0.007947
INFO:root:epoch 149, relative change 0.007934
INFO:root:save output to output/tmp_150.jpg
INFO:root:epoch 150, relative change 0.007975
INFO:root:epoch 151, relative change 0.007730
INFO:root:epoch 152, relative change 0.008024
INFO:root:epoch 153, relative change 0.007613
INFO:root:epoch 154, relative change 0.007945
INFO:root:save output to output/tmp_155.jpg
INFO:root:epoch 155, relative change 0.007544
INFO:root:epoch 156, relative change 0.007731
INFO:root:epoch 157, relative change 0.007598
INFO:root:epoch 158, relative change 0.007711
INFO:root:epoch 159, relative change 0.007620
INFO:root:save output to output/tmp_160.jpg
INFO:root:epoch 160, relative change 0.007602
INFO:root:Update[161]: Change learning rate to 8.10000e-04
INFO:root:epoch 161, relative change 0.007136
INFO:root:epoch 162, relative change 0.007520
INFO:root:epoch 163, relative change 0.007114
INFO:root:epoch 164, relative change 0.007260
INFO:root:save output to output/tmp_165.jpg
INFO:root:epoch 165, relative change 0.007128
INFO:root:epoch 166, relative change 0.007057
INFO:root:epoch 167, relative change 0.007220
INFO:root:epoch 168, relative change 0.006890
INFO:root:epoch 169, relative change 0.007227
INFO:root:save output to output/tmp_170.jpg
INFO:root:epoch 170, relative change 0.006802
INFO:root:epoch 171, relative change 0.007138
INFO:root:epoch 172, relative change 0.006773
INFO:root:epoch 173, relative change 0.006890
INFO:root:epoch 174, relative change 0.007115
INFO:root:save output to output/tmp_175.jpg
INFO:root:epoch 175, relative change 0.006623
INFO:root:epoch 176, relative change 0.006947
INFO:root:epoch 177, relative change 0.006707
INFO:root:epoch 178, relative change 0.007064
INFO:root:epoch 179, relative change 0.006681
INFO:root:save output to output/tmp_180.jpg
INFO:root:epoch 180, relative change 0.006951
INFO:root:epoch 181, relative change 0.006774
INFO:root:epoch 182, relative change 0.006903
INFO:root:epoch 183, relative change 0.006542
INFO:root:epoch 184, relative change 0.006741
INFO:root:save output to output/tmp_185.jpg
INFO:root:epoch 185, relative change 0.006748
INFO:root:epoch 186, relative change 0.006791
INFO:root:epoch 187, relative change 0.006549
INFO:root:epoch 188, relative change 0.006771
INFO:root:epoch 189, relative change 0.006506
INFO:root:save output to output/tmp_190.jpg
INFO:root:epoch 190, relative change 0.006809
INFO:root:epoch 191, relative change 0.006477
INFO:root:epoch 192, relative change 0.006582
INFO:root:epoch 193, relative change 0.006509
INFO:root:epoch 194, relative change 0.006639
INFO:root:save output to output/tmp_195.jpg
INFO:root:epoch 195, relative change 0.006525
INFO:root:epoch 196, relative change 0.006414
INFO:root:epoch 197, relative change 0.006374
INFO:root:epoch 198, relative change 0.006614
INFO:root:epoch 199, relative change 0.006720
INFO:root:save output to output/tmp_200.jpg
INFO:root:save output to output/cat1_shuimohua/cat1_shuimohua_200.jpg
INFO:root:PROC_TIME: [9680293ms], [9680s] [161min] [2h]
[1.0908875e-09, 1.09382e-09, 1.09382e-09, 1.1057093e-09, 4.4826054e-09, 10.0]
+ date
+ echo MONITOR: END at Fri Aug 26 09:40:30 UTC 2016
MONITOR: END at Fri Aug 26 09:40:30 UTC 2016
