+ date
+ echo MONITOR: START at Fri Aug 26 06:59:09 UTC 2016
MONITOR: START at Fri Aug 26 06:59:09 UTC 2016
+ python=python
+ input_file=/notebooks/daiwk/mxnet/example/neural-style//input//cat1.jpg
+ style_file=/notebooks/daiwk/mxnet/example/neural-style//style//style-picasso.jpg
+ output_name=cat1_picasso
+ max_num_epochs=200
+ mkdir -p output/cat1_picasso/
+ /bin/rm -rf output/cat1_picasso/*
+ output_file=output/cat1_picasso/cat1_picasso_200.jpg
+ python run.py --content-image /notebooks/daiwk/mxnet/example/neural-style//input//cat1.jpg --style-image /notebooks/daiwk/mxnet/example/neural-style//style//style-picasso.jpg --gpu -1 --save-epochs 5 --max-num-epochs 200 --output output/cat1_picasso/cat1_picasso_200.jpg
libdc1394 error: Failed to initialize libdc1394
INFO:root:load the content image, size = (218, 350)
INFO:root:resize the content image to (373, 600)
[06:59:10] src/operator/./reshape-inl.h:249: Using target_shape will be deprecated.
[06:59:10] src/operator/./reshape-inl.h:249: Using target_shape will be deprecated.
[06:59:10] src/operator/./reshape-inl.h:249: Using target_shape will be deprecated.
[06:59:10] src/operator/./reshape-inl.h:249: Using target_shape will be deprecated.
[06:59:10] src/operator/./reshape-inl.h:249: Using target_shape will be deprecated.
[06:59:10] src/operator/./reshape-inl.h:249: Using target_shape will be deprecated.
[06:59:10] src/operator/./reshape-inl.h:249: Using target_shape will be deprecated.
[06:59:10] src/operator/./reshape-inl.h:249: Using target_shape will be deprecated.
[06:59:10] src/operator/./reshape-inl.h:249: Using target_shape will be deprecated.
[06:59:10] src/operator/./reshape-inl.h:249: Using target_shape will be deprecated.
[06:59:10] src/operator/./reshape-inl.h:249: Using target_shape will be deprecated.
[06:59:10] src/operator/./reshape-inl.h:249: Using target_shape will be deprecated.
[06:59:10] src/operator/./reshape-inl.h:249: Using target_shape will be deprecated.
[06:59:10] src/operator/./reshape-inl.h:249: Using target_shape will be deprecated.
[06:59:10] src/operator/./reshape-inl.h:249: Using target_shape will be deprecated.
[06:59:59] src/operator/./reshape-inl.h:249: Using target_shape will be deprecated.
[06:59:59] src/operator/./reshape-inl.h:249: Using target_shape will be deprecated.
[06:59:59] src/operator/./reshape-inl.h:249: Using target_shape will be deprecated.
[06:59:59] src/operator/./reshape-inl.h:249: Using target_shape will be deprecated.
[06:59:59] src/operator/./reshape-inl.h:249: Using target_shape will be deprecated.
Skip argument target_gram_0
Skip argument target_gram_1
Skip argument target_gram_2
Skip argument target_gram_3
Skip argument target_gram_4
Skip argument target_content
[06:59:59] src/operator/./reshape-inl.h:249: Using target_shape will be deprecated.
[06:59:59] src/operator/./reshape-inl.h:249: Using target_shape will be deprecated.
[06:59:59] src/operator/./reshape-inl.h:249: Using target_shape will be deprecated.
[06:59:59] src/operator/./reshape-inl.h:249: Using target_shape will be deprecated.
[06:59:59] src/operator/./reshape-inl.h:249: Using target_shape will be deprecated.
[06:59:59] src/operator/./reshape-inl.h:249: Using target_shape will be deprecated.
[06:59:59] src/operator/./reshape-inl.h:249: Using target_shape will be deprecated.
[06:59:59] src/operator/./reshape-inl.h:249: Using target_shape will be deprecated.
[06:59:59] src/operator/./reshape-inl.h:249: Using target_shape will be deprecated.
[06:59:59] src/operator/./reshape-inl.h:249: Using target_shape will be deprecated.
INFO:root:start training arguments Namespace(content_image='/notebooks/daiwk/mxnet/example/neural-style//input//cat1.jpg', content_weight=10, gpu=-1, lr=0.001, max_long_edge=600, max_num_epochs=200, model='vgg19', output='output/cat1_picasso/cat1_picasso_200.jpg', remove_noise=0.02, save_epochs=5, stop_eps=0.005, style_image='/notebooks/daiwk/mxnet/example/neural-style//style//style-picasso.jpg', style_weight=1, tv_weight=0.01)
INFO:root:epoch 0, relative change 0.996019
INFO:root:epoch 1, relative change 0.642514
INFO:root:epoch 2, relative change 0.477787
INFO:root:epoch 3, relative change 0.386764
INFO:root:epoch 4, relative change 0.323407
INFO:root:save output to output/tmp_5.jpg
/usr/local/lib/python2.7/dist-packages/skimage/util/dtype.py:110: UserWarning: Possible precision loss when converting from float64 to uint8
  "%s to %s" % (dtypeobj_in, dtypeobj))
INFO:root:epoch 5, relative change 0.253700
INFO:root:epoch 6, relative change 0.190536
INFO:root:epoch 7, relative change 0.157234
INFO:root:epoch 8, relative change 0.140328
INFO:root:epoch 9, relative change 0.131505
INFO:root:save output to output/tmp_10.jpg
INFO:root:epoch 10, relative change 0.127959
INFO:root:epoch 11, relative change 0.128644
INFO:root:epoch 12, relative change 0.130444
INFO:root:epoch 13, relative change 0.130612
INFO:root:epoch 14, relative change 0.128702
INFO:root:save output to output/tmp_15.jpg
INFO:root:epoch 15, relative change 0.121675
INFO:root:epoch 16, relative change 0.109807
INFO:root:epoch 17, relative change 0.098832
INFO:root:epoch 18, relative change 0.089782
INFO:root:epoch 19, relative change 0.082801
INFO:root:save output to output/tmp_20.jpg
INFO:root:epoch 20, relative change 0.078518
INFO:root:epoch 21, relative change 0.076665
INFO:root:epoch 22, relative change 0.076155
INFO:root:epoch 23, relative change 0.076146
INFO:root:epoch 24, relative change 0.076386
INFO:root:save output to output/tmp_25.jpg
INFO:root:epoch 25, relative change 0.076698
INFO:root:epoch 26, relative change 0.076734
INFO:root:epoch 27, relative change 0.075836
INFO:root:epoch 28, relative change 0.074577
INFO:root:epoch 29, relative change 0.073366
INFO:root:save output to output/tmp_30.jpg
INFO:root:epoch 30, relative change 0.072032
INFO:root:epoch 31, relative change 0.070795
INFO:root:epoch 32, relative change 0.069679
INFO:root:epoch 33, relative change 0.068586
INFO:root:epoch 34, relative change 0.067556
INFO:root:save output to output/tmp_35.jpg
INFO:root:epoch 35, relative change 0.066406
INFO:root:epoch 36, relative change 0.065192
INFO:root:epoch 37, relative change 0.063960
INFO:root:epoch 38, relative change 0.062667
INFO:root:epoch 39, relative change 0.061713
INFO:root:save output to output/tmp_40.jpg
INFO:root:epoch 40, relative change 0.060868
INFO:root:epoch 41, relative change 0.060094
INFO:root:epoch 42, relative change 0.059174
INFO:root:epoch 43, relative change 0.058553
INFO:root:epoch 44, relative change 0.056489
INFO:root:save output to output/tmp_45.jpg
INFO:root:epoch 45, relative change 0.053104
INFO:root:epoch 46, relative change 0.048605
INFO:root:epoch 47, relative change 0.048005
INFO:root:epoch 48, relative change 0.048845
INFO:root:epoch 49, relative change 0.044651
INFO:root:save output to output/tmp_50.jpg
INFO:root:epoch 50, relative change 0.044325
INFO:root:epoch 51, relative change 0.042022
INFO:root:epoch 52, relative change 0.038030
INFO:root:epoch 53, relative change 0.039202
INFO:root:epoch 54, relative change 0.039170
INFO:root:save output to output/tmp_55.jpg
INFO:root:epoch 55, relative change 0.034378
INFO:root:epoch 56, relative change 0.036090
INFO:root:epoch 57, relative change 0.033642
INFO:root:epoch 58, relative change 0.031310
INFO:root:epoch 59, relative change 0.032527
INFO:root:save output to output/tmp_60.jpg
INFO:root:epoch 60, relative change 0.032283
INFO:root:epoch 61, relative change 0.028903
INFO:root:epoch 62, relative change 0.031010
INFO:root:epoch 63, relative change 0.029984
INFO:root:epoch 64, relative change 0.026591
INFO:root:save output to output/tmp_65.jpg
INFO:root:epoch 65, relative change 0.029823
INFO:root:epoch 66, relative change 0.028416
INFO:root:epoch 67, relative change 0.026089
INFO:root:epoch 68, relative change 0.028794
INFO:root:epoch 69, relative change 0.026175
INFO:root:save output to output/tmp_70.jpg
INFO:root:epoch 70, relative change 0.027663
INFO:root:epoch 71, relative change 0.024362
INFO:root:epoch 72, relative change 0.028530
INFO:root:epoch 73, relative change 0.022773
INFO:root:epoch 74, relative change 0.026720
INFO:root:save output to output/tmp_75.jpg
INFO:root:epoch 75, relative change 0.022165
INFO:root:epoch 76, relative change 0.023665
INFO:root:epoch 77, relative change 0.020025
INFO:root:epoch 78, relative change 0.024101
INFO:root:epoch 79, relative change 0.020674
INFO:root:save output to output/tmp_80.jpg
INFO:root:epoch 80, relative change 0.022621
INFO:root:Update[81]: Change learning rate to 9.00000e-04
INFO:root:epoch 81, relative change 0.018104
INFO:root:epoch 82, relative change 0.021657
INFO:root:epoch 83, relative change 0.017789
INFO:root:epoch 84, relative change 0.019438
INFO:root:save output to output/tmp_85.jpg
INFO:root:epoch 85, relative change 0.017251
INFO:root:epoch 86, relative change 0.018822
INFO:root:epoch 87, relative change 0.017062
INFO:root:epoch 88, relative change 0.018427
INFO:root:epoch 89, relative change 0.017146
INFO:root:save output to output/tmp_90.jpg
INFO:root:epoch 90, relative change 0.018048
INFO:root:epoch 91, relative change 0.016874
INFO:root:epoch 92, relative change 0.017446
INFO:root:epoch 93, relative change 0.015990
INFO:root:epoch 94, relative change 0.017400
INFO:root:save output to output/tmp_95.jpg
INFO:root:epoch 95, relative change 0.015225
INFO:root:epoch 96, relative change 0.019368
INFO:root:epoch 97, relative change 0.016184
INFO:root:epoch 98, relative change 0.018991
INFO:root:epoch 99, relative change 0.015394
INFO:root:save output to output/tmp_100.jpg
INFO:root:epoch 100, relative change 0.017256
INFO:root:epoch 101, relative change 0.017077
INFO:root:epoch 102, relative change 0.014824
INFO:root:epoch 103, relative change 0.019390
INFO:root:epoch 104, relative change 0.014220
INFO:root:save output to output/tmp_105.jpg
INFO:root:epoch 105, relative change 0.018590
INFO:root:epoch 106, relative change 0.014366
INFO:root:epoch 107, relative change 0.016223
INFO:root:epoch 108, relative change 0.014139
INFO:root:epoch 109, relative change 0.016166
INFO:root:save output to output/tmp_110.jpg
INFO:root:epoch 110, relative change 0.014675
INFO:root:epoch 111, relative change 0.016140
INFO:root:epoch 112, relative change 0.014387
INFO:root:epoch 113, relative change 0.014750
INFO:root:epoch 114, relative change 0.014818
INFO:root:save output to output/tmp_115.jpg
INFO:root:epoch 115, relative change 0.014357
INFO:root:epoch 116, relative change 0.015099
INFO:root:epoch 117, relative change 0.013698
INFO:root:epoch 118, relative change 0.015876
INFO:root:epoch 119, relative change 0.013370
INFO:root:save output to output/tmp_120.jpg
INFO:root:epoch 120, relative change 0.015948
INFO:root:epoch 121, relative change 0.012992
INFO:root:epoch 122, relative change 0.015013
INFO:root:epoch 123, relative change 0.014544
INFO:root:epoch 124, relative change 0.013264
INFO:root:save output to output/tmp_125.jpg
INFO:root:epoch 125, relative change 0.014579
INFO:root:epoch 126, relative change 0.013924
INFO:root:epoch 127, relative change 0.013305
INFO:root:epoch 128, relative change 0.014659
INFO:root:epoch 129, relative change 0.012484
INFO:root:save output to output/tmp_130.jpg
INFO:root:epoch 130, relative change 0.015021
INFO:root:epoch 131, relative change 0.013004
INFO:root:epoch 132, relative change 0.014100
INFO:root:epoch 133, relative change 0.012760
INFO:root:epoch 134, relative change 0.013532
INFO:root:save output to output/tmp_135.jpg
INFO:root:epoch 135, relative change 0.013366
INFO:root:epoch 136, relative change 0.013294
INFO:root:epoch 137, relative change 0.012897
INFO:root:epoch 138, relative change 0.012794
INFO:root:epoch 139, relative change 0.012328
INFO:root:save output to output/tmp_140.jpg
INFO:root:epoch 140, relative change 0.013805
INFO:root:epoch 141, relative change 0.011619
INFO:root:epoch 142, relative change 0.015706
INFO:root:epoch 143, relative change 0.013473
INFO:root:epoch 144, relative change 0.014684
INFO:root:save output to output/tmp_145.jpg
INFO:root:epoch 145, relative change 0.012042
INFO:root:epoch 146, relative change 0.014780
INFO:root:epoch 147, relative change 0.012221
INFO:root:epoch 148, relative change 0.013967
INFO:root:epoch 149, relative change 0.012325
INFO:root:save output to output/tmp_150.jpg
INFO:root:epoch 150, relative change 0.012609
INFO:root:epoch 151, relative change 0.013926
INFO:root:epoch 152, relative change 0.011868
INFO:root:epoch 153, relative change 0.015180
INFO:root:epoch 154, relative change 0.011641
INFO:root:save output to output/tmp_155.jpg
INFO:root:epoch 155, relative change 0.014624
INFO:root:epoch 156, relative change 0.012164
INFO:root:epoch 157, relative change 0.013079
INFO:root:epoch 158, relative change 0.011831
INFO:root:epoch 159, relative change 0.012406
INFO:root:save output to output/tmp_160.jpg
INFO:root:epoch 160, relative change 0.011992
INFO:root:Update[161]: Change learning rate to 8.10000e-04
INFO:root:epoch 161, relative change 0.011386
INFO:root:epoch 162, relative change 0.011316
INFO:root:epoch 163, relative change 0.010346
INFO:root:epoch 164, relative change 0.012464
INFO:root:save output to output/tmp_165.jpg
INFO:root:epoch 165, relative change 0.010622
INFO:root:epoch 166, relative change 0.012253
INFO:root:epoch 167, relative change 0.009599
INFO:root:epoch 168, relative change 0.011646
INFO:root:epoch 169, relative change 0.009905
INFO:root:save output to output/tmp_170.jpg
INFO:root:epoch 170, relative change 0.010711
INFO:root:epoch 171, relative change 0.009413
INFO:root:epoch 172, relative change 0.010227
INFO:root:epoch 173, relative change 0.010069
INFO:root:epoch 174, relative change 0.010035
INFO:root:save output to output/tmp_175.jpg
INFO:root:epoch 175, relative change 0.010003
INFO:root:epoch 176, relative change 0.009986
INFO:root:epoch 177, relative change 0.010190
INFO:root:epoch 178, relative change 0.009207
INFO:root:epoch 179, relative change 0.010022
INFO:root:save output to output/tmp_180.jpg
INFO:root:epoch 180, relative change 0.010221
INFO:root:epoch 181, relative change 0.009993
INFO:root:epoch 182, relative change 0.010387
INFO:root:epoch 183, relative change 0.008646
INFO:root:epoch 184, relative change 0.011719
INFO:root:save output to output/tmp_185.jpg
INFO:root:epoch 185, relative change 0.009839
INFO:root:epoch 186, relative change 0.011996
INFO:root:epoch 187, relative change 0.009052
INFO:root:epoch 188, relative change 0.012761
INFO:root:epoch 189, relative change 0.010237
INFO:root:save output to output/tmp_190.jpg
INFO:root:epoch 190, relative change 0.011618
INFO:root:epoch 191, relative change 0.009986
INFO:root:epoch 192, relative change 0.010563
INFO:root:epoch 193, relative change 0.010110
INFO:root:epoch 194, relative change 0.010472
INFO:root:save output to output/tmp_195.jpg
INFO:root:epoch 195, relative change 0.010025
INFO:root:epoch 196, relative change 0.009766
INFO:root:epoch 197, relative change 0.008867
INFO:root:epoch 198, relative change 0.009300
INFO:root:epoch 199, relative change 0.009298
INFO:root:save output to output/tmp_200.jpg
INFO:root:save output to output/cat1_picasso/cat1_picasso_200.jpg
INFO:root:PROC_TIME: [9709394ms], [9709s] [161min] [2h]
[1.0908875e-09, 1.09382e-09, 1.09382e-09, 1.1057093e-09, 4.4826054e-09, 10.0]
+ date
+ echo MONITOR: END at Fri Aug 26 09:40:59 UTC 2016
MONITOR: END at Fri Aug 26 09:40:59 UTC 2016
