+ date
+ echo MONITOR: START at Fri Aug 26 06:59:09 UTC 2016
MONITOR: START at Fri Aug 26 06:59:09 UTC 2016
+ python=python
+ input_file=/notebooks/daiwk/mxnet/example/neural-style//input//cat2.jpg
+ style_file=/notebooks/daiwk/mxnet/example/neural-style//style//style-picasso.jpg
+ output_name=cat2_picasso
+ max_num_epochs=200
+ mkdir -p output/cat2_picasso/
+ /bin/rm -rf output/cat2_picasso/*
+ output_file=output/cat2_picasso/cat2_picasso_200.jpg
+ python run.py --content-image /notebooks/daiwk/mxnet/example/neural-style//input//cat2.jpg --style-image /notebooks/daiwk/mxnet/example/neural-style//style//style-picasso.jpg --gpu -1 --save-epochs 5 --max-num-epochs 200 --output output/cat2_picasso/cat2_picasso_200.jpg
libdc1394 error: Failed to initialize libdc1394
INFO:root:load the content image, size = (640, 1024)
INFO:root:resize the content image to (375, 600)
[06:59:10] src/operator/./reshape-inl.h:249: Using target_shape will be deprecated.
[06:59:10] src/operator/./reshape-inl.h:249: Using target_shape will be deprecated.
[06:59:10] src/operator/./reshape-inl.h:249: Using target_shape will be deprecated.
[06:59:10] src/operator/./reshape-inl.h:249: Using target_shape will be deprecated.
[06:59:10] src/operator/./reshape-inl.h:249: Using target_shape will be deprecated.
[06:59:10] src/operator/./reshape-inl.h:249: Using target_shape will be deprecated.
[06:59:10] src/operator/./reshape-inl.h:249: Using target_shape will be deprecated.
[06:59:10] src/operator/./reshape-inl.h:249: Using target_shape will be deprecated.
[06:59:10] src/operator/./reshape-inl.h:249: Using target_shape will be deprecated.
[06:59:10] src/operator/./reshape-inl.h:249: Using target_shape will be deprecated.
[06:59:10] src/operator/./reshape-inl.h:249: Using target_shape will be deprecated.
[06:59:10] src/operator/./reshape-inl.h:249: Using target_shape will be deprecated.
[06:59:10] src/operator/./reshape-inl.h:249: Using target_shape will be deprecated.
[06:59:10] src/operator/./reshape-inl.h:249: Using target_shape will be deprecated.
[06:59:10] src/operator/./reshape-inl.h:249: Using target_shape will be deprecated.
[06:59:51] src/operator/./reshape-inl.h:249: Using target_shape will be deprecated.
[06:59:51] src/operator/./reshape-inl.h:249: Using target_shape will be deprecated.
[06:59:51] src/operator/./reshape-inl.h:249: Using target_shape will be deprecated.
[06:59:51] src/operator/./reshape-inl.h:249: Using target_shape will be deprecated.
[06:59:51] src/operator/./reshape-inl.h:249: Using target_shape will be deprecated.
Skip argument target_gram_0
Skip argument target_gram_1
Skip argument target_gram_2
Skip argument target_gram_3
Skip argument target_gram_4
Skip argument target_content
[06:59:51] src/operator/./reshape-inl.h:249: Using target_shape will be deprecated.
[06:59:51] src/operator/./reshape-inl.h:249: Using target_shape will be deprecated.
[06:59:51] src/operator/./reshape-inl.h:249: Using target_shape will be deprecated.
[06:59:51] src/operator/./reshape-inl.h:249: Using target_shape will be deprecated.
[06:59:51] src/operator/./reshape-inl.h:249: Using target_shape will be deprecated.
[06:59:51] src/operator/./reshape-inl.h:249: Using target_shape will be deprecated.
[06:59:51] src/operator/./reshape-inl.h:249: Using target_shape will be deprecated.
[06:59:51] src/operator/./reshape-inl.h:249: Using target_shape will be deprecated.
[06:59:51] src/operator/./reshape-inl.h:249: Using target_shape will be deprecated.
[06:59:51] src/operator/./reshape-inl.h:249: Using target_shape will be deprecated.
INFO:root:start training arguments Namespace(content_image='/notebooks/daiwk/mxnet/example/neural-style//input//cat2.jpg', content_weight=10, gpu=-1, lr=0.001, max_long_edge=600, max_num_epochs=200, model='vgg19', output='output/cat2_picasso/cat2_picasso_200.jpg', remove_noise=0.02, save_epochs=5, stop_eps=0.005, style_image='/notebooks/daiwk/mxnet/example/neural-style//style//style-picasso.jpg', style_weight=1, tv_weight=0.01)
INFO:root:epoch 0, relative change 0.995162
INFO:root:epoch 1, relative change 0.642247
INFO:root:epoch 2, relative change 0.477018
INFO:root:epoch 3, relative change 0.386120
INFO:root:epoch 4, relative change 0.323014
INFO:root:save output to output/tmp_5.jpg
/usr/local/lib/python2.7/dist-packages/skimage/util/dtype.py:110: UserWarning: Possible precision loss when converting from float64 to uint8
  "%s to %s" % (dtypeobj_in, dtypeobj))
INFO:root:epoch 5, relative change 0.250708
INFO:root:epoch 6, relative change 0.189852
INFO:root:epoch 7, relative change 0.158055
INFO:root:epoch 8, relative change 0.141962
INFO:root:epoch 9, relative change 0.133560
INFO:root:save output to output/tmp_10.jpg
INFO:root:epoch 10, relative change 0.130250
INFO:root:epoch 11, relative change 0.131044
INFO:root:epoch 12, relative change 0.132793
INFO:root:epoch 13, relative change 0.132959
INFO:root:epoch 14, relative change 0.130478
INFO:root:save output to output/tmp_15.jpg
INFO:root:epoch 15, relative change 0.121891
INFO:root:epoch 16, relative change 0.110049
INFO:root:epoch 17, relative change 0.099631
INFO:root:epoch 18, relative change 0.090682
INFO:root:epoch 19, relative change 0.083519
INFO:root:save output to output/tmp_20.jpg
INFO:root:epoch 20, relative change 0.078813
INFO:root:epoch 21, relative change 0.076428
INFO:root:epoch 22, relative change 0.075529
INFO:root:epoch 23, relative change 0.075555
INFO:root:epoch 24, relative change 0.075828
INFO:root:save output to output/tmp_25.jpg
INFO:root:epoch 25, relative change 0.076078
INFO:root:epoch 26, relative change 0.075880
INFO:root:epoch 27, relative change 0.075529
INFO:root:epoch 28, relative change 0.074489
INFO:root:epoch 29, relative change 0.073218
INFO:root:save output to output/tmp_30.jpg
INFO:root:epoch 30, relative change 0.071704
INFO:root:epoch 31, relative change 0.070435
INFO:root:epoch 32, relative change 0.069213
INFO:root:epoch 33, relative change 0.067997
INFO:root:epoch 34, relative change 0.066718
INFO:root:save output to output/tmp_35.jpg
INFO:root:epoch 35, relative change 0.065312
INFO:root:epoch 36, relative change 0.063711
INFO:root:epoch 37, relative change 0.062355
INFO:root:epoch 38, relative change 0.060621
INFO:root:epoch 39, relative change 0.059299
INFO:root:save output to output/tmp_40.jpg
INFO:root:epoch 40, relative change 0.056461
INFO:root:epoch 41, relative change 0.054239
INFO:root:epoch 42, relative change 0.052220
INFO:root:epoch 43, relative change 0.051360
INFO:root:epoch 44, relative change 0.049132
INFO:root:save output to output/tmp_45.jpg
INFO:root:epoch 45, relative change 0.047491
INFO:root:epoch 46, relative change 0.045567
INFO:root:epoch 47, relative change 0.044515
INFO:root:epoch 48, relative change 0.042588
INFO:root:epoch 49, relative change 0.041740
INFO:root:save output to output/tmp_50.jpg
INFO:root:epoch 50, relative change 0.040365
INFO:root:epoch 51, relative change 0.039141
INFO:root:epoch 52, relative change 0.037494
INFO:root:epoch 53, relative change 0.037115
INFO:root:epoch 54, relative change 0.035695
INFO:root:save output to output/tmp_55.jpg
INFO:root:epoch 55, relative change 0.034712
INFO:root:epoch 56, relative change 0.033639
INFO:root:epoch 57, relative change 0.032485
INFO:root:epoch 58, relative change 0.031643
INFO:root:epoch 59, relative change 0.030991
INFO:root:save output to output/tmp_60.jpg
INFO:root:epoch 60, relative change 0.030069
INFO:root:epoch 61, relative change 0.029307
INFO:root:epoch 62, relative change 0.029091
INFO:root:epoch 63, relative change 0.027571
INFO:root:epoch 64, relative change 0.028603
INFO:root:save output to output/tmp_65.jpg
INFO:root:epoch 65, relative change 0.027317
INFO:root:epoch 66, relative change 0.026195
INFO:root:epoch 67, relative change 0.026180
INFO:root:epoch 68, relative change 0.024431
INFO:root:epoch 69, relative change 0.024741
INFO:root:save output to output/tmp_70.jpg
INFO:root:epoch 70, relative change 0.023979
INFO:root:epoch 71, relative change 0.023686
INFO:root:epoch 72, relative change 0.022680
INFO:root:epoch 73, relative change 0.022445
INFO:root:epoch 74, relative change 0.021950
INFO:root:save output to output/tmp_75.jpg
INFO:root:epoch 75, relative change 0.020798
INFO:root:epoch 76, relative change 0.021934
INFO:root:epoch 77, relative change 0.019712
INFO:root:epoch 78, relative change 0.022360
INFO:root:epoch 79, relative change 0.021028
INFO:root:save output to output/tmp_80.jpg
INFO:root:epoch 80, relative change 0.020486
INFO:root:Update[81]: Change learning rate to 9.00000e-04
INFO:root:epoch 81, relative change 0.018452
INFO:root:epoch 82, relative change 0.019677
INFO:root:epoch 83, relative change 0.017155
INFO:root:epoch 84, relative change 0.021066
INFO:root:save output to output/tmp_85.jpg
INFO:root:epoch 85, relative change 0.018374
INFO:root:epoch 86, relative change 0.019655
INFO:root:epoch 87, relative change 0.017188
INFO:root:epoch 88, relative change 0.019414
INFO:root:epoch 89, relative change 0.015752
INFO:root:save output to output/tmp_90.jpg
INFO:root:epoch 90, relative change 0.020902
INFO:root:epoch 91, relative change 0.016471
INFO:root:epoch 92, relative change 0.020171
INFO:root:epoch 93, relative change 0.015238
INFO:root:epoch 94, relative change 0.018257
INFO:root:save output to output/tmp_95.jpg
INFO:root:epoch 95, relative change 0.014567
INFO:root:epoch 96, relative change 0.019085
INFO:root:epoch 97, relative change 0.013897
INFO:root:epoch 98, relative change 0.019471
INFO:root:epoch 99, relative change 0.012812
INFO:root:save output to output/tmp_100.jpg
INFO:root:epoch 100, relative change 0.018473
INFO:root:epoch 101, relative change 0.013080
INFO:root:epoch 102, relative change 0.018736
INFO:root:epoch 103, relative change 0.012986
INFO:root:epoch 104, relative change 0.018596
INFO:root:save output to output/tmp_105.jpg
INFO:root:epoch 105, relative change 0.012599
INFO:root:epoch 106, relative change 0.017961
INFO:root:epoch 107, relative change 0.012017
INFO:root:epoch 108, relative change 0.017729
INFO:root:epoch 109, relative change 0.011570
INFO:root:save output to output/tmp_110.jpg
INFO:root:epoch 110, relative change 0.017847
INFO:root:epoch 111, relative change 0.011300
INFO:root:epoch 112, relative change 0.017372
INFO:root:epoch 113, relative change 0.011304
INFO:root:epoch 114, relative change 0.017503
INFO:root:save output to output/tmp_115.jpg
INFO:root:epoch 115, relative change 0.011306
INFO:root:epoch 116, relative change 0.016901
INFO:root:epoch 117, relative change 0.011507
INFO:root:epoch 118, relative change 0.016775
INFO:root:epoch 119, relative change 0.011340
INFO:root:save output to output/tmp_120.jpg
INFO:root:epoch 120, relative change 0.016521
INFO:root:epoch 121, relative change 0.011570
INFO:root:epoch 122, relative change 0.016812
INFO:root:epoch 123, relative change 0.010770
INFO:root:epoch 124, relative change 0.016445
INFO:root:save output to output/tmp_125.jpg
INFO:root:epoch 125, relative change 0.011511
INFO:root:epoch 126, relative change 0.016333
INFO:root:epoch 127, relative change 0.010561
INFO:root:epoch 128, relative change 0.016338
INFO:root:epoch 129, relative change 0.011271
INFO:root:save output to output/tmp_130.jpg
INFO:root:epoch 130, relative change 0.017212
INFO:root:epoch 131, relative change 0.011009
INFO:root:epoch 132, relative change 0.016523
INFO:root:epoch 133, relative change 0.011808
INFO:root:epoch 134, relative change 0.015992
INFO:root:save output to output/tmp_135.jpg
INFO:root:epoch 135, relative change 0.010896
INFO:root:epoch 136, relative change 0.016533
INFO:root:epoch 137, relative change 0.012038
INFO:root:epoch 138, relative change 0.016233
INFO:root:epoch 139, relative change 0.010936
INFO:root:save output to output/tmp_140.jpg
INFO:root:epoch 140, relative change 0.016299
INFO:root:epoch 141, relative change 0.011627
INFO:root:epoch 142, relative change 0.015427
INFO:root:epoch 143, relative change 0.011282
INFO:root:epoch 144, relative change 0.014763
INFO:root:save output to output/tmp_145.jpg
INFO:root:epoch 145, relative change 0.011867
INFO:root:epoch 146, relative change 0.014084
INFO:root:epoch 147, relative change 0.011947
INFO:root:epoch 148, relative change 0.013873
INFO:root:epoch 149, relative change 0.012433
INFO:root:save output to output/tmp_150.jpg
INFO:root:epoch 150, relative change 0.012201
INFO:root:epoch 151, relative change 0.012925
INFO:root:epoch 152, relative change 0.011201
INFO:root:epoch 153, relative change 0.014699
INFO:root:epoch 154, relative change 0.011188
INFO:root:save output to output/tmp_155.jpg
INFO:root:epoch 155, relative change 0.016301
INFO:root:epoch 156, relative change 0.012885
INFO:root:epoch 157, relative change 0.015368
INFO:root:epoch 158, relative change 0.011390
INFO:root:epoch 159, relative change 0.014235
INFO:root:save output to output/tmp_160.jpg
INFO:root:epoch 160, relative change 0.012541
INFO:root:Update[161]: Change learning rate to 8.10000e-04
INFO:root:epoch 161, relative change 0.012781
INFO:root:epoch 162, relative change 0.011508
INFO:root:epoch 163, relative change 0.012413
INFO:root:epoch 164, relative change 0.011515
INFO:root:save output to output/tmp_165.jpg
INFO:root:epoch 165, relative change 0.012729
INFO:root:epoch 166, relative change 0.010331
INFO:root:epoch 167, relative change 0.013754
INFO:root:epoch 168, relative change 0.010470
INFO:root:epoch 169, relative change 0.014897
INFO:root:save output to output/tmp_170.jpg
INFO:root:epoch 170, relative change 0.009822
INFO:root:epoch 171, relative change 0.012981
INFO:root:epoch 172, relative change 0.012258
INFO:root:epoch 173, relative change 0.011404
INFO:root:epoch 174, relative change 0.011779
INFO:root:save output to output/tmp_175.jpg
INFO:root:epoch 175, relative change 0.010197
INFO:root:epoch 176, relative change 0.012582
INFO:root:epoch 177, relative change 0.010601
INFO:root:epoch 178, relative change 0.012833
INFO:root:epoch 179, relative change 0.010589
INFO:root:save output to output/tmp_180.jpg
INFO:root:epoch 180, relative change 0.012130
INFO:root:epoch 181, relative change 0.010732
INFO:root:epoch 182, relative change 0.011144
INFO:root:epoch 183, relative change 0.010373
INFO:root:epoch 184, relative change 0.011623
INFO:root:save output to output/tmp_185.jpg
INFO:root:epoch 185, relative change 0.010601
INFO:root:epoch 186, relative change 0.010816
INFO:root:epoch 187, relative change 0.010012
INFO:root:epoch 188, relative change 0.010571
INFO:root:epoch 189, relative change 0.010297
INFO:root:save output to output/tmp_190.jpg
INFO:root:epoch 190, relative change 0.010646
INFO:root:epoch 191, relative change 0.009612
INFO:root:epoch 192, relative change 0.011024
INFO:root:epoch 193, relative change 0.010429
INFO:root:epoch 194, relative change 0.011084
INFO:root:save output to output/tmp_195.jpg
INFO:root:epoch 195, relative change 0.009513
INFO:root:epoch 196, relative change 0.011288
INFO:root:epoch 197, relative change 0.009175
INFO:root:epoch 198, relative change 0.010603
INFO:root:epoch 199, relative change 0.009223
INFO:root:save output to output/tmp_200.jpg
INFO:root:save output to output/cat2_picasso/cat2_picasso_200.jpg
INFO:root:PROC_TIME: [9674824ms], [9674s] [161min] [2h]
[1.0850695e-09, 1.0879707e-09, 1.09382e-09, 1.1057093e-09, 4.4826054e-09, 10.0]
+ date
+ echo MONITOR: END at Fri Aug 26 09:40:25 UTC 2016
MONITOR: END at Fri Aug 26 09:40:25 UTC 2016
