+ date
+ echo MONITOR: START at Fri Aug 26 06:59:09 UTC 2016
MONITOR: START at Fri Aug 26 06:59:09 UTC 2016
+ python=python
+ input_file=/notebooks/daiwk/mxnet/example/neural-style//input//cat2.jpg
+ style_file=/notebooks/daiwk/mxnet/example/neural-style//style//style-shuimohua.jpg
+ output_name=cat2_shuimohua
+ max_num_epochs=200
+ mkdir -p output/cat2_shuimohua/
+ /bin/rm -rf output/cat2_shuimohua/*
+ output_file=output/cat2_shuimohua/cat2_shuimohua_200.jpg
+ python run.py --content-image /notebooks/daiwk/mxnet/example/neural-style//input//cat2.jpg --style-image /notebooks/daiwk/mxnet/example/neural-style//style//style-shuimohua.jpg --gpu -1 --save-epochs 5 --max-num-epochs 200 --output output/cat2_shuimohua/cat2_shuimohua_200.jpg
libdc1394 error: Failed to initialize libdc1394
INFO:root:load the content image, size = (640, 1024)
INFO:root:resize the content image to (375, 600)
[06:59:10] src/operator/./reshape-inl.h:249: Using target_shape will be deprecated.
[06:59:10] src/operator/./reshape-inl.h:249: Using target_shape will be deprecated.
[06:59:10] src/operator/./reshape-inl.h:249: Using target_shape will be deprecated.
[06:59:10] src/operator/./reshape-inl.h:249: Using target_shape will be deprecated.
[06:59:10] src/operator/./reshape-inl.h:249: Using target_shape will be deprecated.
[06:59:10] src/operator/./reshape-inl.h:249: Using target_shape will be deprecated.
[06:59:10] src/operator/./reshape-inl.h:249: Using target_shape will be deprecated.
[06:59:10] src/operator/./reshape-inl.h:249: Using target_shape will be deprecated.
[06:59:10] src/operator/./reshape-inl.h:249: Using target_shape will be deprecated.
[06:59:10] src/operator/./reshape-inl.h:249: Using target_shape will be deprecated.
[06:59:10] src/operator/./reshape-inl.h:249: Using target_shape will be deprecated.
[06:59:10] src/operator/./reshape-inl.h:249: Using target_shape will be deprecated.
[06:59:10] src/operator/./reshape-inl.h:249: Using target_shape will be deprecated.
[06:59:10] src/operator/./reshape-inl.h:249: Using target_shape will be deprecated.
[06:59:10] src/operator/./reshape-inl.h:249: Using target_shape will be deprecated.
[06:59:59] src/operator/./reshape-inl.h:249: Using target_shape will be deprecated.
[06:59:59] src/operator/./reshape-inl.h:249: Using target_shape will be deprecated.
[06:59:59] src/operator/./reshape-inl.h:249: Using target_shape will be deprecated.
[06:59:59] src/operator/./reshape-inl.h:249: Using target_shape will be deprecated.
[06:59:59] src/operator/./reshape-inl.h:249: Using target_shape will be deprecated.
Skip argument target_gram_0
Skip argument target_gram_1
Skip argument target_gram_2
Skip argument target_gram_3
Skip argument target_gram_4
Skip argument target_content
[06:59:59] src/operator/./reshape-inl.h:249: Using target_shape will be deprecated.
[06:59:59] src/operator/./reshape-inl.h:249: Using target_shape will be deprecated.
[06:59:59] src/operator/./reshape-inl.h:249: Using target_shape will be deprecated.
[06:59:59] src/operator/./reshape-inl.h:249: Using target_shape will be deprecated.
[06:59:59] src/operator/./reshape-inl.h:249: Using target_shape will be deprecated.
[06:59:59] src/operator/./reshape-inl.h:249: Using target_shape will be deprecated.
[06:59:59] src/operator/./reshape-inl.h:249: Using target_shape will be deprecated.
[06:59:59] src/operator/./reshape-inl.h:249: Using target_shape will be deprecated.
[06:59:59] src/operator/./reshape-inl.h:249: Using target_shape will be deprecated.
[06:59:59] src/operator/./reshape-inl.h:249: Using target_shape will be deprecated.
INFO:root:start training arguments Namespace(content_image='/notebooks/daiwk/mxnet/example/neural-style//input//cat2.jpg', content_weight=10, gpu=-1, lr=0.001, max_long_edge=600, max_num_epochs=200, model='vgg19', output='output/cat2_shuimohua/cat2_shuimohua_200.jpg', remove_noise=0.02, save_epochs=5, stop_eps=0.005, style_image='/notebooks/daiwk/mxnet/example/neural-style//style//style-shuimohua.jpg', style_weight=1, tv_weight=0.01)
INFO:root:epoch 0, relative change 0.999407
INFO:root:epoch 1, relative change 0.646908
INFO:root:epoch 2, relative change 0.484390
INFO:root:epoch 3, relative change 0.387354
INFO:root:epoch 4, relative change 0.318510
INFO:root:save output to output/tmp_5.jpg
/usr/local/lib/python2.7/dist-packages/skimage/util/dtype.py:110: UserWarning: Possible precision loss when converting from float64 to uint8
  "%s to %s" % (dtypeobj_in, dtypeobj))
INFO:root:epoch 5, relative change 0.261702
INFO:root:epoch 6, relative change 0.207706
INFO:root:epoch 7, relative change 0.163371
INFO:root:epoch 8, relative change 0.133572
INFO:root:epoch 9, relative change 0.117600
INFO:root:save output to output/tmp_10.jpg
INFO:root:epoch 10, relative change 0.112454
INFO:root:epoch 11, relative change 0.114373
INFO:root:epoch 12, relative change 0.119065
INFO:root:epoch 13, relative change 0.121179
INFO:root:epoch 14, relative change 0.118060
INFO:root:save output to output/tmp_15.jpg
INFO:root:epoch 15, relative change 0.111506
INFO:root:epoch 16, relative change 0.101513
INFO:root:epoch 17, relative change 0.090157
INFO:root:epoch 18, relative change 0.081477
INFO:root:epoch 19, relative change 0.076419
INFO:root:save output to output/tmp_20.jpg
INFO:root:epoch 20, relative change 0.074209
INFO:root:epoch 21, relative change 0.073556
INFO:root:epoch 22, relative change 0.073451
INFO:root:epoch 23, relative change 0.073150
INFO:root:epoch 24, relative change 0.072141
INFO:root:save output to output/tmp_25.jpg
INFO:root:epoch 25, relative change 0.070321
INFO:root:epoch 26, relative change 0.068261
INFO:root:epoch 27, relative change 0.066335
INFO:root:epoch 28, relative change 0.064433
INFO:root:epoch 29, relative change 0.062267
INFO:root:save output to output/tmp_30.jpg
INFO:root:epoch 30, relative change 0.060483
INFO:root:epoch 31, relative change 0.058800
INFO:root:epoch 32, relative change 0.056395
INFO:root:epoch 33, relative change 0.054343
INFO:root:epoch 34, relative change 0.052052
INFO:root:save output to output/tmp_35.jpg
INFO:root:epoch 35, relative change 0.050387
INFO:root:epoch 36, relative change 0.048919
INFO:root:epoch 37, relative change 0.047507
INFO:root:epoch 38, relative change 0.045808
INFO:root:epoch 39, relative change 0.044452
INFO:root:save output to output/tmp_40.jpg
INFO:root:epoch 40, relative change 0.043103
INFO:root:epoch 41, relative change 0.042033
INFO:root:epoch 42, relative change 0.040917
INFO:root:epoch 43, relative change 0.040015
INFO:root:epoch 44, relative change 0.038962
INFO:root:save output to output/tmp_45.jpg
INFO:root:epoch 45, relative change 0.038220
INFO:root:epoch 46, relative change 0.036895
INFO:root:epoch 47, relative change 0.036674
INFO:root:epoch 48, relative change 0.035729
INFO:root:epoch 49, relative change 0.035286
INFO:root:save output to output/tmp_50.jpg
INFO:root:epoch 50, relative change 0.034271
INFO:root:epoch 51, relative change 0.034063
INFO:root:epoch 52, relative change 0.033192
INFO:root:epoch 53, relative change 0.032589
INFO:root:epoch 54, relative change 0.032132
INFO:root:save output to output/tmp_55.jpg
INFO:root:epoch 55, relative change 0.031710
INFO:root:epoch 56, relative change 0.031286
INFO:root:epoch 57, relative change 0.030896
INFO:root:epoch 58, relative change 0.030383
INFO:root:epoch 59, relative change 0.029892
INFO:root:save output to output/tmp_60.jpg
INFO:root:epoch 60, relative change 0.029561
INFO:root:epoch 61, relative change 0.029142
INFO:root:epoch 62, relative change 0.028962
INFO:root:epoch 63, relative change 0.028484
INFO:root:epoch 64, relative change 0.028159
INFO:root:save output to output/tmp_65.jpg
INFO:root:epoch 65, relative change 0.027877
INFO:root:epoch 66, relative change 0.027492
INFO:root:epoch 67, relative change 0.026936
INFO:root:epoch 68, relative change 0.026812
INFO:root:epoch 69, relative change 0.026496
INFO:root:save output to output/tmp_70.jpg
INFO:root:epoch 70, relative change 0.025997
INFO:root:epoch 71, relative change 0.025614
INFO:root:epoch 72, relative change 0.025374
INFO:root:epoch 73, relative change 0.025055
INFO:root:epoch 74, relative change 0.024740
INFO:root:save output to output/tmp_75.jpg
INFO:root:epoch 75, relative change 0.024099
INFO:root:epoch 76, relative change 0.024319
INFO:root:epoch 77, relative change 0.023501
INFO:root:epoch 78, relative change 0.023532
INFO:root:epoch 79, relative change 0.022777
INFO:root:save output to output/tmp_80.jpg
INFO:root:epoch 80, relative change 0.022735
INFO:root:Update[81]: Change learning rate to 9.00000e-04
INFO:root:epoch 81, relative change 0.021730
INFO:root:epoch 82, relative change 0.021717
INFO:root:epoch 83, relative change 0.020839
INFO:root:epoch 84, relative change 0.020675
INFO:root:save output to output/tmp_85.jpg
INFO:root:epoch 85, relative change 0.020236
INFO:root:epoch 86, relative change 0.019788
INFO:root:epoch 87, relative change 0.019521
INFO:root:epoch 88, relative change 0.019145
INFO:root:epoch 89, relative change 0.018755
INFO:root:save output to output/tmp_90.jpg
INFO:root:epoch 90, relative change 0.018508
INFO:root:epoch 91, relative change 0.018068
INFO:root:epoch 92, relative change 0.017717
INFO:root:epoch 93, relative change 0.017409
INFO:root:epoch 94, relative change 0.017156
INFO:root:save output to output/tmp_95.jpg
INFO:root:epoch 95, relative change 0.016809
INFO:root:epoch 96, relative change 0.016564
INFO:root:epoch 97, relative change 0.016236
INFO:root:epoch 98, relative change 0.015970
INFO:root:epoch 99, relative change 0.015429
INFO:root:save output to output/tmp_100.jpg
INFO:root:epoch 100, relative change 0.015099
INFO:root:epoch 101, relative change 0.014949
INFO:root:epoch 102, relative change 0.014546
INFO:root:epoch 103, relative change 0.014241
INFO:root:epoch 104, relative change 0.014011
INFO:root:save output to output/tmp_105.jpg
INFO:root:epoch 105, relative change 0.013591
INFO:root:epoch 106, relative change 0.013485
INFO:root:epoch 107, relative change 0.013150
INFO:root:epoch 108, relative change 0.012994
INFO:root:epoch 109, relative change 0.012588
INFO:root:save output to output/tmp_110.jpg
INFO:root:epoch 110, relative change 0.012606
INFO:root:epoch 111, relative change 0.012134
INFO:root:epoch 112, relative change 0.012216
INFO:root:epoch 113, relative change 0.011829
INFO:root:epoch 114, relative change 0.011684
INFO:root:save output to output/tmp_115.jpg
INFO:root:epoch 115, relative change 0.011465
INFO:root:epoch 116, relative change 0.011284
INFO:root:epoch 117, relative change 0.011153
INFO:root:epoch 118, relative change 0.010947
INFO:root:epoch 119, relative change 0.010820
INFO:root:save output to output/tmp_120.jpg
INFO:root:epoch 120, relative change 0.010517
INFO:root:epoch 121, relative change 0.010418
INFO:root:epoch 122, relative change 0.010354
INFO:root:epoch 123, relative change 0.010079
INFO:root:epoch 124, relative change 0.010000
INFO:root:save output to output/tmp_125.jpg
INFO:root:epoch 125, relative change 0.009892
INFO:root:epoch 126, relative change 0.009637
INFO:root:epoch 127, relative change 0.009599
INFO:root:epoch 128, relative change 0.009393
INFO:root:epoch 129, relative change 0.009475
INFO:root:save output to output/tmp_130.jpg
INFO:root:epoch 130, relative change 0.009176
INFO:root:epoch 131, relative change 0.009291
INFO:root:epoch 132, relative change 0.008955
INFO:root:epoch 133, relative change 0.008915
INFO:root:epoch 134, relative change 0.008836
INFO:root:save output to output/tmp_135.jpg
INFO:root:epoch 135, relative change 0.008846
INFO:root:epoch 136, relative change 0.008596
INFO:root:epoch 137, relative change 0.008556
INFO:root:epoch 138, relative change 0.008525
INFO:root:epoch 139, relative change 0.008395
INFO:root:save output to output/tmp_140.jpg
INFO:root:epoch 140, relative change 0.008382
INFO:root:epoch 141, relative change 0.008269
INFO:root:epoch 142, relative change 0.008188
INFO:root:epoch 143, relative change 0.008179
INFO:root:epoch 144, relative change 0.007988
INFO:root:save output to output/tmp_145.jpg
INFO:root:epoch 145, relative change 0.008072
INFO:root:epoch 146, relative change 0.007870
INFO:root:epoch 147, relative change 0.007977
INFO:root:epoch 148, relative change 0.007788
INFO:root:epoch 149, relative change 0.007856
INFO:root:save output to output/tmp_150.jpg
INFO:root:epoch 150, relative change 0.007646
INFO:root:epoch 151, relative change 0.007699
INFO:root:epoch 152, relative change 0.007622
INFO:root:epoch 153, relative change 0.007779
INFO:root:epoch 154, relative change 0.007588
INFO:root:save output to output/tmp_155.jpg
INFO:root:epoch 155, relative change 0.007600
INFO:root:epoch 156, relative change 0.007465
INFO:root:epoch 157, relative change 0.007514
INFO:root:epoch 158, relative change 0.007291
INFO:root:epoch 159, relative change 0.007423
INFO:root:save output to output/tmp_160.jpg
INFO:root:epoch 160, relative change 0.007132
INFO:root:Update[161]: Change learning rate to 8.10000e-04
INFO:root:epoch 161, relative change 0.007019
INFO:root:epoch 162, relative change 0.007054
INFO:root:epoch 163, relative change 0.006915
INFO:root:epoch 164, relative change 0.006797
INFO:root:save output to output/tmp_165.jpg
INFO:root:epoch 165, relative change 0.006862
INFO:root:epoch 166, relative change 0.006659
INFO:root:epoch 167, relative change 0.006885
INFO:root:epoch 168, relative change 0.006567
INFO:root:epoch 169, relative change 0.006768
INFO:root:save output to output/tmp_170.jpg
[1.0850695e-09, 1.0879707e-09, 1.09382e-09, 1.1057093e-09, 4.4826054e-09, 10.0]
Traceback (most recent call last):
  File "run.py", line 224, in <module>
    SaveImage(new_img.asnumpy(), 'output/tmp_'+str(e+1)+'.jpg')
  File "run.py", line 92, in SaveImage
    io.imsave(filename, out)
  File "/usr/local/lib/python2.7/dist-packages/skimage/io/_io.py", line 133, in imsave
    return call_plugin('imsave', fname, arr, plugin=plugin, **plugin_args)
  File "/usr/local/lib/python2.7/dist-packages/skimage/io/manage_plugins.py", line 211, in call_plugin
    return func(*args, **kwargs)
  File "/usr/local/lib/python2.7/dist-packages/skimage/io/_plugins/pil_plugin.py", line 259, in imsave
    img = ndarray_to_pil(arr, format_str=format_str)
  File "/usr/local/lib/python2.7/dist-packages/skimage/io/_plugins/pil_plugin.py", line 163, in ndarray_to_pil
    arr = img_as_ubyte(arr)
  File "/usr/local/lib/python2.7/dist-packages/skimage/util/dtype.py", line 374, in img_as_ubyte
    return convert(image, np.uint8, force_copy)
  File "/usr/local/lib/python2.7/dist-packages/skimage/util/dtype.py", line 205, in convert
    raise ValueError("Images of type float must be between -1 and 1.")
ValueError: Images of type float must be between -1 and 1.
+ date
+ echo MONITOR: END at Fri Aug 26 09:23:14 UTC 2016
MONITOR: END at Fri Aug 26 09:23:14 UTC 2016
