+ date
+ echo MONITOR: START at Sat Aug 27 00:10:31 UTC 2016
MONITOR: START at Sat Aug 27 00:10:31 UTC 2016
+ python=python
+ input_file=input/dog.jpg
+ style_file=style/vanGogh.jpg
+ output_name=dog_vanGogh
+ uniq_id=20160827_08:10:31_dog_vanGogh_20
+ max_num_epochs=20
+ mkdir -p output/dog_vanGogh/
+ /bin/rm -rf output/dog_vanGogh/*
+ output_file=output/dog_vanGogh/dog_vanGogh_20.jpg
+ python run.py --content-image input/dog.jpg --style-image style/vanGogh.jpg --gpu -1 --save-epochs 5 --max-num-epochs 20 --output output/dog_vanGogh/dog_vanGogh_20.jpg
libdc1394 error: Failed to initialize libdc1394
INFO:root:load the content image, size = (768, 1024)
INFO:root:resize the content image to (450, 600)
[00:10:31] src/operator/./reshape-inl.h:249: Using target_shape will be deprecated.
[00:10:31] src/operator/./reshape-inl.h:249: Using target_shape will be deprecated.
[00:10:31] src/operator/./reshape-inl.h:249: Using target_shape will be deprecated.
[00:10:31] src/operator/./reshape-inl.h:249: Using target_shape will be deprecated.
[00:10:31] src/operator/./reshape-inl.h:249: Using target_shape will be deprecated.
[00:10:31] src/operator/./reshape-inl.h:249: Using target_shape will be deprecated.
[00:10:31] src/operator/./reshape-inl.h:249: Using target_shape will be deprecated.
[00:10:31] src/operator/./reshape-inl.h:249: Using target_shape will be deprecated.
[00:10:31] src/operator/./reshape-inl.h:249: Using target_shape will be deprecated.
[00:10:31] src/operator/./reshape-inl.h:249: Using target_shape will be deprecated.
[00:10:31] src/operator/./reshape-inl.h:249: Using target_shape will be deprecated.
[00:10:31] src/operator/./reshape-inl.h:249: Using target_shape will be deprecated.
[00:10:31] src/operator/./reshape-inl.h:249: Using target_shape will be deprecated.
[00:10:31] src/operator/./reshape-inl.h:249: Using target_shape will be deprecated.
[00:10:31] src/operator/./reshape-inl.h:249: Using target_shape will be deprecated.
[00:11:16] src/operator/./reshape-inl.h:249: Using target_shape will be deprecated.
[00:11:16] src/operator/./reshape-inl.h:249: Using target_shape will be deprecated.
[00:11:16] src/operator/./reshape-inl.h:249: Using target_shape will be deprecated.
[00:11:16] src/operator/./reshape-inl.h:249: Using target_shape will be deprecated.
[00:11:16] src/operator/./reshape-inl.h:249: Using target_shape will be deprecated.
Skip argument target_gram_0
Skip argument target_gram_1
Skip argument target_gram_2
Skip argument target_gram_3
Skip argument target_gram_4
Skip argument target_content
[00:11:16] src/operator/./reshape-inl.h:249: Using target_shape will be deprecated.
[00:11:16] src/operator/./reshape-inl.h:249: Using target_shape will be deprecated.
[00:11:16] src/operator/./reshape-inl.h:249: Using target_shape will be deprecated.
[00:11:16] src/operator/./reshape-inl.h:249: Using target_shape will be deprecated.
[00:11:16] src/operator/./reshape-inl.h:249: Using target_shape will be deprecated.
[00:11:16] src/operator/./reshape-inl.h:249: Using target_shape will be deprecated.
[00:11:16] src/operator/./reshape-inl.h:249: Using target_shape will be deprecated.
[00:11:16] src/operator/./reshape-inl.h:249: Using target_shape will be deprecated.
[00:11:16] src/operator/./reshape-inl.h:249: Using target_shape will be deprecated.
[00:11:16] src/operator/./reshape-inl.h:249: Using target_shape will be deprecated.
INFO:root:start training arguments Namespace(content_image='input/dog.jpg', content_weight=10, gpu=-1, lr=0.001, max_long_edge=600, max_num_epochs=20, model='vgg19', output='output/dog_vanGogh/dog_vanGogh_20.jpg', remove_noise=0.02, save_epochs=5, stop_eps=0.005, style_image='style/vanGogh.jpg', style_weight=1, tv_weight=0.01)
INFO:root:epoch 0, relative change 0.991529
INFO:root:epoch 1, relative change 0.642760
INFO:root:epoch 2, relative change 0.479939
INFO:root:epoch 3, relative change 0.387284
INFO:root:epoch 4, relative change 0.320767
INFO:root:save output to output/tmp_5.jpg
/usr/local/lib/python2.7/dist-packages/skimage/util/dtype.py:110: UserWarning: Possible precision loss when converting from float64 to uint8
  "%s to %s" % (dtypeobj_in, dtypeobj))
INFO:root:epoch 5, relative change 0.254357
INFO:root:epoch 6, relative change 0.189550
INFO:root:epoch 7, relative change 0.151111
INFO:root:epoch 8, relative change 0.132541
INFO:root:epoch 9, relative change 0.126459
INFO:root:save output to output/tmp_10.jpg
INFO:root:epoch 10, relative change 0.126792
INFO:root:epoch 11, relative change 0.128122
INFO:root:epoch 12, relative change 0.127956
INFO:root:epoch 13, relative change 0.127279
INFO:root:epoch 14, relative change 0.126352
INFO:root:save output to output/tmp_15.jpg
INFO:root:epoch 15, relative change 0.112720
INFO:root:epoch 16, relative change 0.099344
INFO:root:epoch 17, relative change 0.091201
INFO:root:epoch 18, relative change 0.086119
INFO:root:epoch 19, relative change 0.083266
INFO:root:save output to output/tmp_20.jpg
INFO:root:save output to output/dog_vanGogh/dog_vanGogh_20.jpg
INFO:root:PROC_TIME: [1061536ms], [1061s] [17min] [0h]
[9.0422453e-10, 9.0422453e-10, 9.0826124e-10, 9.0826124e-10, 3.6821401e-09, 10.0]
+ date
+ echo MONITOR: END at Sat Aug 27 00:28:13 UTC 2016
MONITOR: END at Sat Aug 27 00:28:13 UTC 2016
