+ date
+ echo MONITOR: START at Fri Aug 26 06:59:09 UTC 2016
MONITOR: START at Fri Aug 26 06:59:09 UTC 2016
+ python=python
+ input_file=/notebooks/daiwk/mxnet/example/neural-style//input//honghuangzhili.jpg
+ style_file=/notebooks/daiwk/mxnet/example/neural-style//style//style-shuimohua.jpg
+ output_name=honghuangzhili_shuimohua
+ max_num_epochs=200
+ mkdir -p output/honghuangzhili_shuimohua/
+ /bin/rm -rf output/honghuangzhili_shuimohua/*
+ output_file=output/honghuangzhili_shuimohua/honghuangzhili_shuimohua_200.jpg
+ python run.py --content-image /notebooks/daiwk/mxnet/example/neural-style//input//honghuangzhili.jpg --style-image /notebooks/daiwk/mxnet/example/neural-style//style//style-shuimohua.jpg --gpu -1 --save-epochs 5 --max-num-epochs 200 --output output/honghuangzhili_shuimohua/honghuangzhili_shuimohua_200.jpg
libdc1394 error: Failed to initialize libdc1394
INFO:root:load the content image, size = (359, 640)
INFO:root:resize the content image to (336, 600)
[06:59:10] src/operator/./reshape-inl.h:249: Using target_shape will be deprecated.
[06:59:10] src/operator/./reshape-inl.h:249: Using target_shape will be deprecated.
[06:59:10] src/operator/./reshape-inl.h:249: Using target_shape will be deprecated.
[06:59:10] src/operator/./reshape-inl.h:249: Using target_shape will be deprecated.
[06:59:10] src/operator/./reshape-inl.h:249: Using target_shape will be deprecated.
[06:59:10] src/operator/./reshape-inl.h:249: Using target_shape will be deprecated.
[06:59:10] src/operator/./reshape-inl.h:249: Using target_shape will be deprecated.
[06:59:10] src/operator/./reshape-inl.h:249: Using target_shape will be deprecated.
[06:59:10] src/operator/./reshape-inl.h:249: Using target_shape will be deprecated.
[06:59:10] src/operator/./reshape-inl.h:249: Using target_shape will be deprecated.
[06:59:10] src/operator/./reshape-inl.h:249: Using target_shape will be deprecated.
[06:59:10] src/operator/./reshape-inl.h:249: Using target_shape will be deprecated.
[06:59:10] src/operator/./reshape-inl.h:249: Using target_shape will be deprecated.
[06:59:10] src/operator/./reshape-inl.h:249: Using target_shape will be deprecated.
[06:59:10] src/operator/./reshape-inl.h:249: Using target_shape will be deprecated.
[06:59:46] src/operator/./reshape-inl.h:249: Using target_shape will be deprecated.
[06:59:46] src/operator/./reshape-inl.h:249: Using target_shape will be deprecated.
[06:59:46] src/operator/./reshape-inl.h:249: Using target_shape will be deprecated.
[06:59:46] src/operator/./reshape-inl.h:249: Using target_shape will be deprecated.
[06:59:46] src/operator/./reshape-inl.h:249: Using target_shape will be deprecated.
Skip argument target_gram_0
Skip argument target_gram_1
Skip argument target_gram_2
Skip argument target_gram_3
Skip argument target_gram_4
Skip argument target_content
[06:59:46] src/operator/./reshape-inl.h:249: Using target_shape will be deprecated.
[06:59:46] src/operator/./reshape-inl.h:249: Using target_shape will be deprecated.
[06:59:46] src/operator/./reshape-inl.h:249: Using target_shape will be deprecated.
[06:59:46] src/operator/./reshape-inl.h:249: Using target_shape will be deprecated.
[06:59:46] src/operator/./reshape-inl.h:249: Using target_shape will be deprecated.
[06:59:46] src/operator/./reshape-inl.h:249: Using target_shape will be deprecated.
[06:59:46] src/operator/./reshape-inl.h:249: Using target_shape will be deprecated.
[06:59:46] src/operator/./reshape-inl.h:249: Using target_shape will be deprecated.
[06:59:46] src/operator/./reshape-inl.h:249: Using target_shape will be deprecated.
[06:59:46] src/operator/./reshape-inl.h:249: Using target_shape will be deprecated.
INFO:root:start training arguments Namespace(content_image='/notebooks/daiwk/mxnet/example/neural-style//input//honghuangzhili.jpg', content_weight=10, gpu=-1, lr=0.001, max_long_edge=600, max_num_epochs=200, model='vgg19', output='output/honghuangzhili_shuimohua/honghuangzhili_shuimohua_200.jpg', remove_noise=0.02, save_epochs=5, stop_eps=0.005, style_image='/notebooks/daiwk/mxnet/example/neural-style//style//style-shuimohua.jpg', style_weight=1, tv_weight=0.01)
INFO:root:epoch 0, relative change 1.000672
INFO:root:epoch 1, relative change 0.646175
INFO:root:epoch 2, relative change 0.485718
INFO:root:epoch 3, relative change 0.388908
INFO:root:epoch 4, relative change 0.321046
INFO:root:save output to output/tmp_5.jpg
/usr/local/lib/python2.7/dist-packages/skimage/util/dtype.py:110: UserWarning: Possible precision loss when converting from float64 to uint8
  "%s to %s" % (dtypeobj_in, dtypeobj))
INFO:root:epoch 5, relative change 0.269263
INFO:root:epoch 6, relative change 0.221747
INFO:root:epoch 7, relative change 0.171464
INFO:root:epoch 8, relative change 0.134029
INFO:root:epoch 9, relative change 0.111902
INFO:root:save output to output/tmp_10.jpg
INFO:root:epoch 10, relative change 0.102332
INFO:root:epoch 11, relative change 0.101876
INFO:root:epoch 12, relative change 0.106598
INFO:root:epoch 13, relative change 0.112078
INFO:root:epoch 14, relative change 0.113225
INFO:root:save output to output/tmp_15.jpg
INFO:root:epoch 15, relative change 0.109662
INFO:root:epoch 16, relative change 0.103836
INFO:root:epoch 17, relative change 0.095518
INFO:root:epoch 18, relative change 0.085420
INFO:root:epoch 19, relative change 0.077543
INFO:root:save output to output/tmp_20.jpg
INFO:root:epoch 20, relative change 0.072979
INFO:root:epoch 21, relative change 0.070946
INFO:root:epoch 22, relative change 0.070259
INFO:root:epoch 23, relative change 0.070027
INFO:root:epoch 24, relative change 0.069408
INFO:root:save output to output/tmp_25.jpg
INFO:root:epoch 25, relative change 0.068594
INFO:root:epoch 26, relative change 0.067154
INFO:root:epoch 27, relative change 0.065328
INFO:root:epoch 28, relative change 0.063598
INFO:root:epoch 29, relative change 0.061452
INFO:root:save output to output/tmp_30.jpg
INFO:root:epoch 30, relative change 0.059438
INFO:root:epoch 31, relative change 0.057561
INFO:root:epoch 32, relative change 0.055927
INFO:root:epoch 33, relative change 0.053919
INFO:root:epoch 34, relative change 0.052197
INFO:root:save output to output/tmp_35.jpg
INFO:root:epoch 35, relative change 0.050222
INFO:root:epoch 36, relative change 0.049047
INFO:root:epoch 37, relative change 0.047565
INFO:root:epoch 38, relative change 0.046050
INFO:root:epoch 39, relative change 0.044617
INFO:root:save output to output/tmp_40.jpg
INFO:root:epoch 40, relative change 0.043752
INFO:root:epoch 41, relative change 0.042586
INFO:root:epoch 42, relative change 0.041660
INFO:root:epoch 43, relative change 0.040219
INFO:root:epoch 44, relative change 0.039788
INFO:root:save output to output/tmp_45.jpg
INFO:root:epoch 45, relative change 0.038524
INFO:root:epoch 46, relative change 0.037686
INFO:root:epoch 47, relative change 0.037196
INFO:root:epoch 48, relative change 0.036426
INFO:root:epoch 49, relative change 0.035695
INFO:root:save output to output/tmp_50.jpg
INFO:root:epoch 50, relative change 0.035292
INFO:root:epoch 51, relative change 0.034387
INFO:root:epoch 52, relative change 0.033958
INFO:root:epoch 53, relative change 0.033145
INFO:root:epoch 54, relative change 0.032768
INFO:root:save output to output/tmp_55.jpg
INFO:root:epoch 55, relative change 0.031904
INFO:root:epoch 56, relative change 0.031674
INFO:root:epoch 57, relative change 0.031010
INFO:root:epoch 58, relative change 0.030720
INFO:root:epoch 59, relative change 0.030370
INFO:root:save output to output/tmp_60.jpg
INFO:root:epoch 60, relative change 0.029591
INFO:root:epoch 61, relative change 0.029498
INFO:root:epoch 62, relative change 0.028792
INFO:root:epoch 63, relative change 0.028613
INFO:root:epoch 64, relative change 0.028155
INFO:root:save output to output/tmp_65.jpg
INFO:root:epoch 65, relative change 0.027733
INFO:root:epoch 66, relative change 0.027550
INFO:root:epoch 67, relative change 0.026853
INFO:root:epoch 68, relative change 0.026546
INFO:root:epoch 69, relative change 0.026237
INFO:root:save output to output/tmp_70.jpg
INFO:root:epoch 70, relative change 0.025672
INFO:root:epoch 71, relative change 0.025223
INFO:root:epoch 72, relative change 0.024955
INFO:root:epoch 73, relative change 0.024616
INFO:root:epoch 74, relative change 0.024368
INFO:root:save output to output/tmp_75.jpg
INFO:root:epoch 75, relative change 0.023992
INFO:root:epoch 76, relative change 0.023661
INFO:root:epoch 77, relative change 0.023157
INFO:root:epoch 78, relative change 0.022867
INFO:root:epoch 79, relative change 0.022347
INFO:root:save output to output/tmp_80.jpg
INFO:root:epoch 80, relative change 0.022167
INFO:root:Update[81]: Change learning rate to 9.00000e-04
INFO:root:epoch 81, relative change 0.021290
INFO:root:epoch 82, relative change 0.021068
INFO:root:epoch 83, relative change 0.020598
INFO:root:epoch 84, relative change 0.020081
INFO:root:save output to output/tmp_85.jpg
INFO:root:epoch 85, relative change 0.019497
INFO:root:epoch 86, relative change 0.018992
INFO:root:epoch 87, relative change 0.018637
INFO:root:epoch 88, relative change 0.018373
INFO:root:epoch 89, relative change 0.017944
INFO:root:save output to output/tmp_90.jpg
INFO:root:epoch 90, relative change 0.017687
INFO:root:epoch 91, relative change 0.017287
INFO:root:epoch 92, relative change 0.016966
INFO:root:epoch 93, relative change 0.016473
INFO:root:epoch 94, relative change 0.016186
INFO:root:save output to output/tmp_95.jpg
INFO:root:epoch 95, relative change 0.015776
INFO:root:epoch 96, relative change 0.015618
INFO:root:epoch 97, relative change 0.015168
INFO:root:epoch 98, relative change 0.014886
INFO:root:epoch 99, relative change 0.014616
INFO:root:save output to output/tmp_100.jpg
INFO:root:epoch 100, relative change 0.014441
INFO:root:epoch 101, relative change 0.014157
INFO:root:epoch 102, relative change 0.013881
INFO:root:epoch 103, relative change 0.013560
INFO:root:epoch 104, relative change 0.013430
INFO:root:save output to output/tmp_105.jpg
INFO:root:epoch 105, relative change 0.013157
INFO:root:epoch 106, relative change 0.012940
INFO:root:epoch 107, relative change 0.012794
INFO:root:epoch 108, relative change 0.012526
INFO:root:epoch 109, relative change 0.012454
INFO:root:save output to output/tmp_110.jpg
INFO:root:epoch 110, relative change 0.012135
INFO:root:epoch 111, relative change 0.012077
INFO:root:epoch 112, relative change 0.011742
INFO:root:epoch 113, relative change 0.011701
INFO:root:epoch 114, relative change 0.011311
INFO:root:save output to output/tmp_115.jpg
INFO:root:epoch 115, relative change 0.011322
INFO:root:epoch 116, relative change 0.010891
INFO:root:epoch 117, relative change 0.011047
INFO:root:epoch 118, relative change 0.010577
INFO:root:epoch 119, relative change 0.010676
INFO:root:save output to output/tmp_120.jpg
INFO:root:epoch 120, relative change 0.010312
INFO:root:epoch 121, relative change 0.010424
INFO:root:epoch 122, relative change 0.010110
INFO:root:epoch 123, relative change 0.010148
INFO:root:epoch 124, relative change 0.009765
INFO:root:save output to output/tmp_125.jpg
INFO:root:epoch 125, relative change 0.009680
INFO:root:epoch 126, relative change 0.009571
INFO:root:epoch 127, relative change 0.009384
INFO:root:epoch 128, relative change 0.009327
INFO:root:epoch 129, relative change 0.009074
INFO:root:save output to output/tmp_130.jpg
INFO:root:epoch 130, relative change 0.009130
INFO:root:epoch 131, relative change 0.008944
INFO:root:epoch 132, relative change 0.008827
INFO:root:epoch 133, relative change 0.008717
INFO:root:epoch 134, relative change 0.008663
INFO:root:save output to output/tmp_135.jpg
INFO:root:epoch 135, relative change 0.008603
INFO:root:epoch 136, relative change 0.008431
INFO:root:epoch 137, relative change 0.008452
INFO:root:epoch 138, relative change 0.008241
INFO:root:epoch 139, relative change 0.008330
INFO:root:save output to output/tmp_140.jpg
INFO:root:epoch 140, relative change 0.008071
INFO:root:epoch 141, relative change 0.008223
INFO:root:epoch 142, relative change 0.007944
INFO:root:epoch 143, relative change 0.008047
INFO:root:epoch 144, relative change 0.007870
INFO:root:save output to output/tmp_145.jpg
INFO:root:epoch 145, relative change 0.007737
INFO:root:epoch 146, relative change 0.007859
INFO:root:epoch 147, relative change 0.007487
INFO:root:epoch 148, relative change 0.007865
INFO:root:epoch 149, relative change 0.007415
INFO:root:save output to output/tmp_150.jpg
INFO:root:epoch 150, relative change 0.007644
INFO:root:epoch 151, relative change 0.007338
INFO:root:epoch 152, relative change 0.007551
INFO:root:epoch 153, relative change 0.007171
INFO:root:epoch 154, relative change 0.007455
INFO:root:save output to output/tmp_155.jpg
INFO:root:epoch 155, relative change 0.007111
INFO:root:epoch 156, relative change 0.007217
INFO:root:epoch 157, relative change 0.007125
INFO:root:epoch 158, relative change 0.007024
INFO:root:epoch 159, relative change 0.007121
INFO:root:save output to output/tmp_160.jpg
INFO:root:epoch 160, relative change 0.006897
INFO:root:Update[161]: Change learning rate to 8.10000e-04
INFO:root:epoch 161, relative change 0.006599
INFO:root:epoch 162, relative change 0.006758
INFO:root:epoch 163, relative change 0.006475
INFO:root:epoch 164, relative change 0.006623
INFO:root:save output to output/tmp_165.jpg
INFO:root:epoch 165, relative change 0.006392
INFO:root:epoch 166, relative change 0.006445
INFO:root:epoch 167, relative change 0.006386
INFO:root:epoch 168, relative change 0.006320
INFO:root:epoch 169, relative change 0.006386
INFO:root:save output to output/tmp_170.jpg
INFO:root:epoch 170, relative change 0.006159
INFO:root:epoch 171, relative change 0.006455
INFO:root:epoch 172, relative change 0.005974
INFO:root:epoch 173, relative change 0.006459
INFO:root:epoch 174, relative change 0.005952
INFO:root:save output to output/tmp_175.jpg
INFO:root:epoch 175, relative change 0.006364
INFO:root:epoch 176, relative change 0.005890
INFO:root:epoch 177, relative change 0.006189
INFO:root:epoch 178, relative change 0.005942
INFO:root:epoch 179, relative change 0.005967
INFO:root:save output to output/tmp_180.jpg
INFO:root:epoch 180, relative change 0.006047
INFO:root:epoch 181, relative change 0.005807
INFO:root:epoch 182, relative change 0.006042
INFO:root:epoch 183, relative change 0.005777
INFO:root:epoch 184, relative change 0.005930
INFO:root:save output to output/tmp_185.jpg
INFO:root:epoch 185, relative change 0.005711
INFO:root:epoch 186, relative change 0.005884
INFO:root:epoch 187, relative change 0.005734
INFO:root:epoch 188, relative change 0.005856
INFO:root:epoch 189, relative change 0.005727
INFO:root:save output to output/tmp_190.jpg
INFO:root:epoch 190, relative change 0.005777
INFO:root:epoch 191, relative change 0.005695
INFO:root:epoch 192, relative change 0.005695
INFO:root:epoch 193, relative change 0.005758
INFO:root:epoch 194, relative change 0.005657
INFO:root:save output to output/tmp_195.jpg
INFO:root:epoch 195, relative change 0.005734
INFO:root:epoch 196, relative change 0.005570
INFO:root:epoch 197, relative change 0.005717
INFO:root:epoch 198, relative change 0.005628
INFO:root:epoch 199, relative change 0.005609
INFO:root:save output to output/tmp_200.jpg
INFO:root:save output to output/honghuangzhili_shuimohua/honghuangzhili_shuimohua_200.jpg
INFO:root:PROC_TIME: [9306245ms], [9306s] [155min] [2h]
[1.211015e-09, 1.211015e-09, 1.211015e-09, 1.211015e-09, 4.9095203e-09, 10.0]
+ date
+ echo MONITOR: END at Fri Aug 26 09:34:16 UTC 2016
MONITOR: END at Fri Aug 26 09:34:16 UTC 2016
