+ date
+ echo MONITOR: START at Fri Aug 26 06:59:09 UTC 2016
MONITOR: START at Fri Aug 26 06:59:09 UTC 2016
+ python=python
+ input_file=/notebooks/daiwk/mxnet/example/neural-style//input//honghuangzhili.jpg
+ style_file=/notebooks/daiwk/mxnet/example/neural-style//style//style-vanGogh.jpg
+ output_name=honghuangzhili_vanGogh
+ max_num_epochs=200
+ mkdir -p output/honghuangzhili_vanGogh/
+ /bin/rm -rf output/honghuangzhili_vanGogh/*
+ output_file=output/honghuangzhili_vanGogh/honghuangzhili_vanGogh_200.jpg
+ python run.py --content-image /notebooks/daiwk/mxnet/example/neural-style//input//honghuangzhili.jpg --style-image /notebooks/daiwk/mxnet/example/neural-style//style//style-vanGogh.jpg --gpu -1 --save-epochs 5 --max-num-epochs 200 --output output/honghuangzhili_vanGogh/honghuangzhili_vanGogh_200.jpg
libdc1394 error: Failed to initialize libdc1394
INFO:root:load the content image, size = (359, 640)
INFO:root:resize the content image to (336, 600)
[06:59:10] src/operator/./reshape-inl.h:249: Using target_shape will be deprecated.
[06:59:10] src/operator/./reshape-inl.h:249: Using target_shape will be deprecated.
[06:59:10] src/operator/./reshape-inl.h:249: Using target_shape will be deprecated.
[06:59:10] src/operator/./reshape-inl.h:249: Using target_shape will be deprecated.
[06:59:10] src/operator/./reshape-inl.h:249: Using target_shape will be deprecated.
[06:59:10] src/operator/./reshape-inl.h:249: Using target_shape will be deprecated.
[06:59:10] src/operator/./reshape-inl.h:249: Using target_shape will be deprecated.
[06:59:10] src/operator/./reshape-inl.h:249: Using target_shape will be deprecated.
[06:59:10] src/operator/./reshape-inl.h:249: Using target_shape will be deprecated.
[06:59:10] src/operator/./reshape-inl.h:249: Using target_shape will be deprecated.
[06:59:10] src/operator/./reshape-inl.h:249: Using target_shape will be deprecated.
[06:59:10] src/operator/./reshape-inl.h:249: Using target_shape will be deprecated.
[06:59:10] src/operator/./reshape-inl.h:249: Using target_shape will be deprecated.
[06:59:10] src/operator/./reshape-inl.h:249: Using target_shape will be deprecated.
[06:59:10] src/operator/./reshape-inl.h:249: Using target_shape will be deprecated.
[06:59:47] src/operator/./reshape-inl.h:249: Using target_shape will be deprecated.
[06:59:47] src/operator/./reshape-inl.h:249: Using target_shape will be deprecated.
[06:59:47] src/operator/./reshape-inl.h:249: Using target_shape will be deprecated.
[06:59:47] src/operator/./reshape-inl.h:249: Using target_shape will be deprecated.
[06:59:47] src/operator/./reshape-inl.h:249: Using target_shape will be deprecated.
Skip argument target_gram_0
Skip argument target_gram_1
Skip argument target_gram_2
Skip argument target_gram_3
Skip argument target_gram_4
Skip argument target_content
[06:59:47] src/operator/./reshape-inl.h:249: Using target_shape will be deprecated.
[06:59:47] src/operator/./reshape-inl.h:249: Using target_shape will be deprecated.
[06:59:47] src/operator/./reshape-inl.h:249: Using target_shape will be deprecated.
[06:59:47] src/operator/./reshape-inl.h:249: Using target_shape will be deprecated.
[06:59:47] src/operator/./reshape-inl.h:249: Using target_shape will be deprecated.
[06:59:47] src/operator/./reshape-inl.h:249: Using target_shape will be deprecated.
[06:59:47] src/operator/./reshape-inl.h:249: Using target_shape will be deprecated.
[06:59:47] src/operator/./reshape-inl.h:249: Using target_shape will be deprecated.
[06:59:47] src/operator/./reshape-inl.h:249: Using target_shape will be deprecated.
[06:59:47] src/operator/./reshape-inl.h:249: Using target_shape will be deprecated.
INFO:root:start training arguments Namespace(content_image='/notebooks/daiwk/mxnet/example/neural-style//input//honghuangzhili.jpg', content_weight=10, gpu=-1, lr=0.001, max_long_edge=600, max_num_epochs=200, model='vgg19', output='output/honghuangzhili_vanGogh/honghuangzhili_vanGogh_200.jpg', remove_noise=0.02, save_epochs=5, stop_eps=0.005, style_image='/notebooks/daiwk/mxnet/example/neural-style//style//style-vanGogh.jpg', style_weight=1, tv_weight=0.01)
INFO:root:epoch 0, relative change 0.993584
INFO:root:epoch 1, relative change 0.642655
INFO:root:epoch 2, relative change 0.480314
INFO:root:epoch 3, relative change 0.387830
INFO:root:epoch 4, relative change 0.323373
INFO:root:save output to output/tmp_5.jpg
/usr/local/lib/python2.7/dist-packages/skimage/util/dtype.py:110: UserWarning: Possible precision loss when converting from float64 to uint8
  "%s to %s" % (dtypeobj_in, dtypeobj))
INFO:root:epoch 5, relative change 0.273024
INFO:root:epoch 6, relative change 0.211198
INFO:root:epoch 7, relative change 0.160945
INFO:root:epoch 8, relative change 0.131107
INFO:root:epoch 9, relative change 0.116552
INFO:root:save output to output/tmp_10.jpg
INFO:root:epoch 10, relative change 0.111555
INFO:root:epoch 11, relative change 0.111036
INFO:root:epoch 12, relative change 0.110424
INFO:root:epoch 13, relative change 0.109102
INFO:root:epoch 14, relative change 0.109143
INFO:root:save output to output/tmp_15.jpg
INFO:root:epoch 15, relative change 0.110837
INFO:root:epoch 16, relative change 0.108635
INFO:root:epoch 17, relative change 0.095488
INFO:root:epoch 18, relative change 0.086762
INFO:root:epoch 19, relative change 0.083297
INFO:root:save output to output/tmp_20.jpg
INFO:root:epoch 20, relative change 0.080741
INFO:root:epoch 21, relative change 0.077629
INFO:root:epoch 22, relative change 0.078383
INFO:root:epoch 23, relative change 0.080031
INFO:root:epoch 24, relative change 0.079386
INFO:root:save output to output/tmp_25.jpg
INFO:root:epoch 25, relative change 0.081808
INFO:root:epoch 26, relative change 0.084256
INFO:root:epoch 27, relative change 0.086389
INFO:root:epoch 28, relative change 0.080688
INFO:root:epoch 29, relative change 0.077180
INFO:root:save output to output/tmp_30.jpg
INFO:root:epoch 30, relative change 0.073135
INFO:root:epoch 31, relative change 0.071849
INFO:root:epoch 32, relative change 0.067603
INFO:root:epoch 33, relative change 0.065895
INFO:root:epoch 34, relative change 0.064756
INFO:root:save output to output/tmp_35.jpg
INFO:root:epoch 35, relative change 0.058336
INFO:root:epoch 36, relative change 0.056236
INFO:root:epoch 37, relative change 0.051011
INFO:root:epoch 38, relative change 0.050477
INFO:root:epoch 39, relative change 0.045262
INFO:root:save output to output/tmp_40.jpg
INFO:root:epoch 40, relative change 0.046735
INFO:root:epoch 41, relative change 0.040948
INFO:root:epoch 42, relative change 0.042184
INFO:root:epoch 43, relative change 0.035477
INFO:root:epoch 44, relative change 0.037119
INFO:root:save output to output/tmp_45.jpg
INFO:root:epoch 45, relative change 0.035396
INFO:root:epoch 46, relative change 0.033637
INFO:root:epoch 47, relative change 0.034701
INFO:root:epoch 48, relative change 0.032573
INFO:root:epoch 49, relative change 0.034525
INFO:root:save output to output/tmp_50.jpg
INFO:root:epoch 50, relative change 0.032546
INFO:root:epoch 51, relative change 0.031889
INFO:root:epoch 52, relative change 0.032500
INFO:root:epoch 53, relative change 0.033815
INFO:root:epoch 54, relative change 0.030145
INFO:root:save output to output/tmp_55.jpg
INFO:root:epoch 55, relative change 0.035898
INFO:root:epoch 56, relative change 0.031460
INFO:root:epoch 57, relative change 0.035709
INFO:root:epoch 58, relative change 0.027792
INFO:root:epoch 59, relative change 0.029478
INFO:root:save output to output/tmp_60.jpg
INFO:root:epoch 60, relative change 0.030897
INFO:root:epoch 61, relative change 0.027018
INFO:root:epoch 62, relative change 0.026378
INFO:root:epoch 63, relative change 0.026242
INFO:root:epoch 64, relative change 0.025314
INFO:root:save output to output/tmp_65.jpg
INFO:root:epoch 65, relative change 0.023714
INFO:root:epoch 66, relative change 0.025483
INFO:root:epoch 67, relative change 0.022426
INFO:root:epoch 68, relative change 0.024492
INFO:root:epoch 69, relative change 0.021835
INFO:root:save output to output/tmp_70.jpg
INFO:root:epoch 70, relative change 0.022210
INFO:root:epoch 71, relative change 0.022942
INFO:root:epoch 72, relative change 0.021157
INFO:root:epoch 73, relative change 0.022728
INFO:root:epoch 74, relative change 0.019928
INFO:root:save output to output/tmp_75.jpg
INFO:root:epoch 75, relative change 0.018914
INFO:root:epoch 76, relative change 0.021534
INFO:root:epoch 77, relative change 0.018512
INFO:root:epoch 78, relative change 0.020994
INFO:root:epoch 79, relative change 0.018106
INFO:root:save output to output/tmp_80.jpg
INFO:root:epoch 80, relative change 0.018500
INFO:root:Update[81]: Change learning rate to 9.00000e-04
INFO:root:epoch 81, relative change 0.017680
INFO:root:epoch 82, relative change 0.016371
INFO:root:epoch 83, relative change 0.016761
INFO:root:epoch 84, relative change 0.016071
INFO:root:save output to output/tmp_85.jpg
INFO:root:epoch 85, relative change 0.015506
INFO:root:epoch 86, relative change 0.016189
INFO:root:epoch 87, relative change 0.013715
INFO:root:epoch 88, relative change 0.017885
INFO:root:epoch 89, relative change 0.013817
INFO:root:save output to output/tmp_90.jpg
INFO:root:epoch 90, relative change 0.019632
INFO:root:epoch 91, relative change 0.014722
INFO:root:epoch 92, relative change 0.017381
INFO:root:epoch 93, relative change 0.016071
INFO:root:epoch 94, relative change 0.014430
INFO:root:save output to output/tmp_95.jpg
INFO:root:epoch 95, relative change 0.014980
INFO:root:epoch 96, relative change 0.015738
INFO:root:epoch 97, relative change 0.012902
INFO:root:epoch 98, relative change 0.016010
INFO:root:epoch 99, relative change 0.012374
INFO:root:save output to output/tmp_100.jpg
INFO:root:epoch 100, relative change 0.014837
INFO:root:epoch 101, relative change 0.012895
INFO:root:epoch 102, relative change 0.013171
INFO:root:epoch 103, relative change 0.013282
INFO:root:epoch 104, relative change 0.011473
INFO:root:save output to output/tmp_105.jpg
INFO:root:epoch 105, relative change 0.014805
INFO:root:epoch 106, relative change 0.012358
INFO:root:epoch 107, relative change 0.015488
INFO:root:epoch 108, relative change 0.011616
INFO:root:epoch 109, relative change 0.014560
INFO:root:save output to output/tmp_110.jpg
INFO:root:epoch 110, relative change 0.013791
INFO:root:epoch 111, relative change 0.012716
INFO:root:epoch 112, relative change 0.014843
INFO:root:epoch 113, relative change 0.011227
INFO:root:epoch 114, relative change 0.014524
INFO:root:save output to output/tmp_115.jpg
INFO:root:epoch 115, relative change 0.013412
INFO:root:epoch 116, relative change 0.012680
INFO:root:epoch 117, relative change 0.012518
INFO:root:epoch 118, relative change 0.013017
INFO:root:epoch 119, relative change 0.011674
INFO:root:save output to output/tmp_120.jpg
INFO:root:epoch 120, relative change 0.014663
INFO:root:epoch 121, relative change 0.011546
INFO:root:epoch 122, relative change 0.013961
INFO:root:epoch 123, relative change 0.010944
INFO:root:epoch 124, relative change 0.013143
INFO:root:save output to output/tmp_125.jpg
INFO:root:epoch 125, relative change 0.011849
INFO:root:epoch 126, relative change 0.012248
INFO:root:epoch 127, relative change 0.011333
INFO:root:epoch 128, relative change 0.011387
INFO:root:epoch 129, relative change 0.011357
INFO:root:save output to output/tmp_130.jpg
INFO:root:epoch 130, relative change 0.010863
INFO:root:epoch 131, relative change 0.011337
INFO:root:epoch 132, relative change 0.010442
INFO:root:epoch 133, relative change 0.011205
INFO:root:epoch 134, relative change 0.010605
INFO:root:save output to output/tmp_135.jpg
INFO:root:epoch 135, relative change 0.011257
INFO:root:epoch 136, relative change 0.010110
INFO:root:epoch 137, relative change 0.010886
INFO:root:epoch 138, relative change 0.010012
INFO:root:epoch 139, relative change 0.011415
INFO:root:save output to output/tmp_140.jpg
INFO:root:epoch 140, relative change 0.009421
INFO:root:epoch 141, relative change 0.013112
INFO:root:epoch 142, relative change 0.010299
INFO:root:epoch 143, relative change 0.013344
INFO:root:epoch 144, relative change 0.012195
INFO:root:save output to output/tmp_145.jpg
INFO:root:epoch 145, relative change 0.009715
INFO:root:epoch 146, relative change 0.016867
INFO:root:epoch 147, relative change 0.012732
INFO:root:epoch 148, relative change 0.017317
INFO:root:epoch 149, relative change 0.011474
INFO:root:save output to output/tmp_150.jpg
INFO:root:epoch 150, relative change 0.016606
INFO:root:epoch 151, relative change 0.013217
INFO:root:epoch 152, relative change 0.017464
INFO:root:epoch 153, relative change 0.010733
INFO:root:epoch 154, relative change 0.016407
INFO:root:save output to output/tmp_155.jpg
INFO:root:epoch 155, relative change 0.014794
INFO:root:epoch 156, relative change 0.012471
INFO:root:epoch 157, relative change 0.014054
INFO:root:epoch 158, relative change 0.011742
INFO:root:epoch 159, relative change 0.015992
INFO:root:save output to output/tmp_160.jpg
INFO:root:epoch 160, relative change 0.012356
INFO:root:Update[161]: Change learning rate to 8.10000e-04
INFO:root:epoch 161, relative change 0.015079
INFO:root:epoch 162, relative change 0.012911
INFO:root:epoch 163, relative change 0.011640
INFO:root:epoch 164, relative change 0.014260
INFO:root:save output to output/tmp_165.jpg
INFO:root:epoch 165, relative change 0.011352
INFO:root:epoch 166, relative change 0.013244
INFO:root:epoch 167, relative change 0.010970
INFO:root:epoch 168, relative change 0.012373
INFO:root:epoch 169, relative change 0.012663
INFO:root:save output to output/tmp_170.jpg
INFO:root:epoch 170, relative change 0.009946
INFO:root:epoch 171, relative change 0.013156
INFO:root:epoch 172, relative change 0.010610
INFO:root:epoch 173, relative change 0.011916
INFO:root:epoch 174, relative change 0.011564
INFO:root:save output to output/tmp_175.jpg
INFO:root:epoch 175, relative change 0.009417
INFO:root:epoch 176, relative change 0.013654
INFO:root:epoch 177, relative change 0.008898
INFO:root:epoch 178, relative change 0.014086
INFO:root:epoch 179, relative change 0.011937
INFO:root:save output to output/tmp_180.jpg
INFO:root:epoch 180, relative change 0.011071
INFO:root:epoch 181, relative change 0.011137
INFO:root:epoch 182, relative change 0.012099
INFO:root:epoch 183, relative change 0.011021
INFO:root:epoch 184, relative change 0.012727
INFO:root:save output to output/tmp_185.jpg
INFO:root:epoch 185, relative change 0.008943
INFO:root:epoch 186, relative change 0.013691
INFO:root:epoch 187, relative change 0.010001
INFO:root:epoch 188, relative change 0.012046
INFO:root:epoch 189, relative change 0.010909
INFO:root:save output to output/tmp_190.jpg
INFO:root:epoch 190, relative change 0.009783
INFO:root:epoch 191, relative change 0.012721
INFO:root:epoch 192, relative change 0.008987
INFO:root:epoch 193, relative change 0.013366
INFO:root:epoch 194, relative change 0.008866
INFO:root:save output to output/tmp_195.jpg
INFO:root:epoch 195, relative change 0.012297
INFO:root:epoch 196, relative change 0.010180
INFO:root:epoch 197, relative change 0.010941
INFO:root:epoch 198, relative change 0.009860
INFO:root:epoch 199, relative change 0.010263
INFO:root:save output to output/tmp_200.jpg
INFO:root:save output to output/honghuangzhili_vanGogh/honghuangzhili_vanGogh_200.jpg
INFO:root:PROC_TIME: [8833601ms], [8833s] [147min] [2h]
[1.211015e-09, 1.211015e-09, 1.211015e-09, 1.211015e-09, 4.9095203e-09, 10.0]
+ date
+ echo MONITOR: END at Fri Aug 26 09:26:24 UTC 2016
MONITOR: END at Fri Aug 26 09:26:24 UTC 2016
