+ date
+ echo MONITOR: START at Sat Aug 27 03:41:08 UTC 2016
MONITOR: START at Sat Aug 27 03:41:08 UTC 2016
+ python=python
+ input_file=input/sailing.jpg
+ style_file=style/qibaishi.jpg
+ output_name=sailing_qibaishi
+ uniq_id=20160827_11:41:08_sailing_qibaishi_120
+ max_num_epochs=120
+ mkdir -p output/sailing_qibaishi/
+ /bin/rm -rf output/sailing_qibaishi/*
+ output_file=output/sailing_qibaishi/sailing_qibaishi_120.jpg
+ python run.py --content-image input/sailing.jpg --style-image style/qibaishi.jpg --gpu -1 --save-epochs 5 --max-num-epochs 120 --output output/sailing_qibaishi/sailing_qibaishi_120.jpg
libdc1394 error: Failed to initialize libdc1394
INFO:root:load the content image, size = (800, 1280)
INFO:root:resize the content image to (375, 600)
[03:41:08] src/operator/./reshape-inl.h:249: Using target_shape will be deprecated.
[03:41:08] src/operator/./reshape-inl.h:249: Using target_shape will be deprecated.
[03:41:08] src/operator/./reshape-inl.h:249: Using target_shape will be deprecated.
[03:41:08] src/operator/./reshape-inl.h:249: Using target_shape will be deprecated.
[03:41:08] src/operator/./reshape-inl.h:249: Using target_shape will be deprecated.
[03:41:08] src/operator/./reshape-inl.h:249: Using target_shape will be deprecated.
[03:41:08] src/operator/./reshape-inl.h:249: Using target_shape will be deprecated.
[03:41:08] src/operator/./reshape-inl.h:249: Using target_shape will be deprecated.
[03:41:08] src/operator/./reshape-inl.h:249: Using target_shape will be deprecated.
[03:41:08] src/operator/./reshape-inl.h:249: Using target_shape will be deprecated.
[03:41:08] src/operator/./reshape-inl.h:249: Using target_shape will be deprecated.
[03:41:08] src/operator/./reshape-inl.h:249: Using target_shape will be deprecated.
[03:41:08] src/operator/./reshape-inl.h:249: Using target_shape will be deprecated.
[03:41:08] src/operator/./reshape-inl.h:249: Using target_shape will be deprecated.
[03:41:08] src/operator/./reshape-inl.h:249: Using target_shape will be deprecated.
[03:41:45] src/operator/./reshape-inl.h:249: Using target_shape will be deprecated.
[03:41:45] src/operator/./reshape-inl.h:249: Using target_shape will be deprecated.
[03:41:45] src/operator/./reshape-inl.h:249: Using target_shape will be deprecated.
[03:41:45] src/operator/./reshape-inl.h:249: Using target_shape will be deprecated.
[03:41:45] src/operator/./reshape-inl.h:249: Using target_shape will be deprecated.
Skip argument target_gram_0
Skip argument target_gram_1
Skip argument target_gram_2
Skip argument target_gram_3
Skip argument target_gram_4
Skip argument target_content
[03:41:45] src/operator/./reshape-inl.h:249: Using target_shape will be deprecated.
[03:41:45] src/operator/./reshape-inl.h:249: Using target_shape will be deprecated.
[03:41:45] src/operator/./reshape-inl.h:249: Using target_shape will be deprecated.
[03:41:45] src/operator/./reshape-inl.h:249: Using target_shape will be deprecated.
[03:41:45] src/operator/./reshape-inl.h:249: Using target_shape will be deprecated.
[03:41:45] src/operator/./reshape-inl.h:249: Using target_shape will be deprecated.
[03:41:45] src/operator/./reshape-inl.h:249: Using target_shape will be deprecated.
[03:41:45] src/operator/./reshape-inl.h:249: Using target_shape will be deprecated.
[03:41:45] src/operator/./reshape-inl.h:249: Using target_shape will be deprecated.
[03:41:45] src/operator/./reshape-inl.h:249: Using target_shape will be deprecated.
INFO:root:start training arguments Namespace(content_image='input/sailing.jpg', content_weight=10, gpu=-1, lr=0.001, max_long_edge=600, max_num_epochs=120, model='vgg19', output='output/sailing_qibaishi/sailing_qibaishi_120.jpg', remove_noise=0.02, save_epochs=5, stop_eps=0.005, style_image='style/qibaishi.jpg', style_weight=1, tv_weight=0.01)
INFO:root:epoch 0, relative change 0.996520
INFO:root:epoch 1, relative change 0.645601
INFO:root:epoch 2, relative change 0.484255
INFO:root:epoch 3, relative change 0.388124
INFO:root:epoch 4, relative change 0.319661
INFO:root:save output to output/tmp_5.jpg
/usr/local/lib/python2.7/dist-packages/skimage/util/dtype.py:110: UserWarning: Possible precision loss when converting from float64 to uint8
  "%s to %s" % (dtypeobj_in, dtypeobj))
INFO:root:epoch 5, relative change 0.252906
INFO:root:epoch 6, relative change 0.187778
INFO:root:epoch 7, relative change 0.146332
INFO:root:epoch 8, relative change 0.125802
INFO:root:epoch 9, relative change 0.120791
INFO:root:save output to output/tmp_10.jpg
INFO:root:epoch 10, relative change 0.125477
INFO:root:epoch 11, relative change 0.133809
INFO:root:epoch 12, relative change 0.137990
INFO:root:epoch 13, relative change 0.133813
INFO:root:epoch 14, relative change 0.126464
INFO:root:save output to output/tmp_15.jpg
INFO:root:epoch 15, relative change 0.112615
INFO:root:epoch 16, relative change 0.097690
INFO:root:epoch 17, relative change 0.087653
INFO:root:epoch 18, relative change 0.083172
INFO:root:epoch 19, relative change 0.082747
INFO:root:save output to output/tmp_20.jpg
INFO:root:epoch 20, relative change 0.084295
INFO:root:epoch 21, relative change 0.085890
INFO:root:epoch 22, relative change 0.086815
INFO:root:epoch 23, relative change 0.086502
INFO:root:epoch 24, relative change 0.084855
INFO:root:save output to output/tmp_25.jpg
INFO:root:epoch 25, relative change 0.082846
INFO:root:epoch 26, relative change 0.080272
INFO:root:epoch 27, relative change 0.077785
INFO:root:epoch 28, relative change 0.075636
INFO:root:epoch 29, relative change 0.073513
INFO:root:save output to output/tmp_30.jpg
INFO:root:epoch 30, relative change 0.071519
INFO:root:epoch 31, relative change 0.068945
INFO:root:epoch 32, relative change 0.066474
INFO:root:epoch 33, relative change 0.064096
INFO:root:epoch 34, relative change 0.061956
INFO:root:save output to output/tmp_35.jpg
INFO:root:epoch 35, relative change 0.059869
INFO:root:epoch 36, relative change 0.058041
INFO:root:epoch 37, relative change 0.056376
INFO:root:epoch 38, relative change 0.054597
INFO:root:epoch 39, relative change 0.053437
INFO:root:save output to output/tmp_40.jpg
INFO:root:epoch 40, relative change 0.052065
INFO:root:epoch 41, relative change 0.051103
INFO:root:epoch 42, relative change 0.049943
INFO:root:epoch 43, relative change 0.048903
INFO:root:epoch 44, relative change 0.048245
INFO:root:save output to output/tmp_45.jpg
INFO:root:epoch 45, relative change 0.047392
INFO:root:epoch 46, relative change 0.046739
INFO:root:epoch 47, relative change 0.046091
INFO:root:epoch 48, relative change 0.045423
INFO:root:epoch 49, relative change 0.044770
INFO:root:save output to output/tmp_50.jpg
INFO:root:epoch 50, relative change 0.044249
INFO:root:epoch 51, relative change 0.043502
INFO:root:epoch 52, relative change 0.042459
INFO:root:epoch 53, relative change 0.040995
INFO:root:epoch 54, relative change 0.039311
INFO:root:save output to output/tmp_55.jpg
INFO:root:epoch 55, relative change 0.037570
INFO:root:epoch 56, relative change 0.036194
INFO:root:epoch 57, relative change 0.035001
INFO:root:epoch 58, relative change 0.033347
INFO:root:epoch 59, relative change 0.031501
INFO:root:save output to output/tmp_60.jpg
INFO:root:epoch 60, relative change 0.030112
INFO:root:epoch 61, relative change 0.029601
INFO:root:epoch 62, relative change 0.028336
INFO:root:epoch 63, relative change 0.026492
INFO:root:epoch 64, relative change 0.024966
INFO:root:save output to output/tmp_65.jpg
INFO:root:epoch 65, relative change 0.024791
INFO:root:epoch 66, relative change 0.023735
INFO:root:epoch 67, relative change 0.022268
INFO:root:epoch 68, relative change 0.021095
INFO:root:epoch 69, relative change 0.020309
INFO:root:save output to output/tmp_70.jpg
INFO:root:epoch 70, relative change 0.019250
INFO:root:epoch 71, relative change 0.018436
INFO:root:epoch 72, relative change 0.018109
INFO:root:epoch 73, relative change 0.017370
INFO:root:epoch 74, relative change 0.016093
INFO:root:save output to output/tmp_75.jpg
INFO:root:epoch 75, relative change 0.015659
INFO:root:epoch 76, relative change 0.015593
INFO:root:epoch 77, relative change 0.014399
INFO:root:epoch 78, relative change 0.013977
INFO:root:epoch 79, relative change 0.014538
INFO:root:save output to output/tmp_80.jpg
INFO:root:epoch 80, relative change 0.013217
INFO:root:Update[81]: Change learning rate to 9.00000e-04
INFO:root:epoch 81, relative change 0.013265
INFO:root:epoch 82, relative change 0.013514
INFO:root:epoch 83, relative change 0.011478
INFO:root:epoch 84, relative change 0.012817
INFO:root:save output to output/tmp_85.jpg
INFO:root:epoch 85, relative change 0.012138
INFO:root:epoch 86, relative change 0.010352
INFO:root:epoch 87, relative change 0.011734
INFO:root:epoch 88, relative change 0.011426
INFO:root:epoch 89, relative change 0.009562
INFO:root:save output to output/tmp_90.jpg
INFO:root:epoch 90, relative change 0.010812
INFO:root:epoch 91, relative change 0.011101
INFO:root:epoch 92, relative change 0.008917
INFO:root:epoch 93, relative change 0.011147
INFO:root:epoch 94, relative change 0.011191
INFO:root:save output to output/tmp_95.jpg
INFO:root:epoch 95, relative change 0.008437
INFO:root:epoch 96, relative change 0.010790
INFO:root:epoch 97, relative change 0.010585
INFO:root:epoch 98, relative change 0.008555
INFO:root:epoch 99, relative change 0.010048
INFO:root:save output to output/tmp_100.jpg
INFO:root:epoch 100, relative change 0.010170
INFO:root:epoch 101, relative change 0.008023
INFO:root:epoch 102, relative change 0.010191
INFO:root:epoch 103, relative change 0.010229
INFO:root:epoch 104, relative change 0.007881
INFO:root:save output to output/tmp_105.jpg
INFO:root:epoch 105, relative change 0.009874
INFO:root:epoch 106, relative change 0.009752
INFO:root:epoch 107, relative change 0.007555
INFO:root:epoch 108, relative change 0.010496
INFO:root:epoch 109, relative change 0.010892
INFO:root:save output to output/tmp_110.jpg
INFO:root:epoch 110, relative change 0.007635
INFO:root:epoch 111, relative change 0.009457
INFO:root:epoch 112, relative change 0.010332
INFO:root:epoch 113, relative change 0.010210
INFO:root:epoch 114, relative change 0.008455
INFO:root:save output to output/tmp_115.jpg
INFO:root:epoch 115, relative change 0.010676
INFO:root:epoch 116, relative change 0.010095
INFO:root:epoch 117, relative change 0.007849
INFO:root:epoch 118, relative change 0.010051
INFO:root:epoch 119, relative change 0.010006
INFO:root:save output to output/tmp_120.jpg
INFO:root:save output to output/sailing_qibaishi/sailing_qibaishi_120.jpg
INFO:root:PROC_TIME: [5100523ms], [5100s] [85min] [1h]
[1.0850695e-09, 1.0879707e-09, 1.09382e-09, 1.1057093e-09, 4.4826054e-09, 10.0]
+ date
+ echo MONITOR: END at Sat Aug 27 05:06:09 UTC 2016
MONITOR: END at Sat Aug 27 05:06:09 UTC 2016
