+ date
+ echo MONITOR: START at Sat Aug 27 03:41:41 UTC 2016
MONITOR: START at Sat Aug 27 03:41:41 UTC 2016
+ python=python
+ input_file=input/sailing.jpg
+ style_file=style/vanGogh.jpg
+ output_name=sailing_vanGogh
+ uniq_id=20160827_11:41:42_sailing_vanGogh_120
+ max_num_epochs=120
+ mkdir -p output/sailing_vanGogh/
+ /bin/rm -rf output/sailing_vanGogh/*
+ output_file=output/sailing_vanGogh/sailing_vanGogh_120.jpg
+ python run.py --content-image input/sailing.jpg --style-image style/vanGogh.jpg --gpu -1 --save-epochs 5 --max-num-epochs 120 --output output/sailing_vanGogh/sailing_vanGogh_120.jpg
libdc1394 error: Failed to initialize libdc1394
INFO:root:load the content image, size = (800, 1280)
INFO:root:resize the content image to (375, 600)
[03:41:42] src/operator/./reshape-inl.h:249: Using target_shape will be deprecated.
[03:41:42] src/operator/./reshape-inl.h:249: Using target_shape will be deprecated.
[03:41:42] src/operator/./reshape-inl.h:249: Using target_shape will be deprecated.
[03:41:42] src/operator/./reshape-inl.h:249: Using target_shape will be deprecated.
[03:41:42] src/operator/./reshape-inl.h:249: Using target_shape will be deprecated.
[03:41:42] src/operator/./reshape-inl.h:249: Using target_shape will be deprecated.
[03:41:42] src/operator/./reshape-inl.h:249: Using target_shape will be deprecated.
[03:41:42] src/operator/./reshape-inl.h:249: Using target_shape will be deprecated.
[03:41:42] src/operator/./reshape-inl.h:249: Using target_shape will be deprecated.
[03:41:42] src/operator/./reshape-inl.h:249: Using target_shape will be deprecated.
[03:41:42] src/operator/./reshape-inl.h:249: Using target_shape will be deprecated.
[03:41:42] src/operator/./reshape-inl.h:249: Using target_shape will be deprecated.
[03:41:42] src/operator/./reshape-inl.h:249: Using target_shape will be deprecated.
[03:41:42] src/operator/./reshape-inl.h:249: Using target_shape will be deprecated.
[03:41:42] src/operator/./reshape-inl.h:249: Using target_shape will be deprecated.
[03:42:19] src/operator/./reshape-inl.h:249: Using target_shape will be deprecated.
[03:42:19] src/operator/./reshape-inl.h:249: Using target_shape will be deprecated.
[03:42:19] src/operator/./reshape-inl.h:249: Using target_shape will be deprecated.
[03:42:19] src/operator/./reshape-inl.h:249: Using target_shape will be deprecated.
[03:42:19] src/operator/./reshape-inl.h:249: Using target_shape will be deprecated.
Skip argument target_gram_0
Skip argument target_gram_1
Skip argument target_gram_2
Skip argument target_gram_3
Skip argument target_gram_4
Skip argument target_content
[03:42:19] src/operator/./reshape-inl.h:249: Using target_shape will be deprecated.
[03:42:19] src/operator/./reshape-inl.h:249: Using target_shape will be deprecated.
[03:42:19] src/operator/./reshape-inl.h:249: Using target_shape will be deprecated.
[03:42:19] src/operator/./reshape-inl.h:249: Using target_shape will be deprecated.
[03:42:19] src/operator/./reshape-inl.h:249: Using target_shape will be deprecated.
[03:42:19] src/operator/./reshape-inl.h:249: Using target_shape will be deprecated.
[03:42:19] src/operator/./reshape-inl.h:249: Using target_shape will be deprecated.
[03:42:19] src/operator/./reshape-inl.h:249: Using target_shape will be deprecated.
[03:42:19] src/operator/./reshape-inl.h:249: Using target_shape will be deprecated.
[03:42:19] src/operator/./reshape-inl.h:249: Using target_shape will be deprecated.
INFO:root:start training arguments Namespace(content_image='input/sailing.jpg', content_weight=10, gpu=-1, lr=0.001, max_long_edge=600, max_num_epochs=120, model='vgg19', output='output/sailing_vanGogh/sailing_vanGogh_120.jpg', remove_noise=0.02, save_epochs=5, stop_eps=0.005, style_image='style/vanGogh.jpg', style_weight=1, tv_weight=0.01)
INFO:root:epoch 0, relative change 0.993724
INFO:root:epoch 1, relative change 0.645301
INFO:root:epoch 2, relative change 0.480770
INFO:root:epoch 3, relative change 0.385220
INFO:root:epoch 4, relative change 0.320043
INFO:root:save output to output/tmp_5.jpg
/usr/local/lib/python2.7/dist-packages/skimage/util/dtype.py:110: UserWarning: Possible precision loss when converting from float64 to uint8
  "%s to %s" % (dtypeobj_in, dtypeobj))
INFO:root:epoch 5, relative change 0.270362
INFO:root:epoch 6, relative change 0.205223
INFO:root:epoch 7, relative change 0.152764
INFO:root:epoch 8, relative change 0.123329
INFO:root:epoch 9, relative change 0.110601
INFO:root:save output to output/tmp_10.jpg
INFO:root:epoch 10, relative change 0.108313
INFO:root:epoch 11, relative change 0.110871
INFO:root:epoch 12, relative change 0.113579
INFO:root:epoch 13, relative change 0.113882
INFO:root:epoch 14, relative change 0.113621
INFO:root:save output to output/tmp_15.jpg
INFO:root:epoch 15, relative change 0.114430
INFO:root:epoch 16, relative change 0.110480
INFO:root:epoch 17, relative change 0.095144
INFO:root:epoch 18, relative change 0.085633
INFO:root:epoch 19, relative change 0.081563
INFO:root:save output to output/tmp_20.jpg
INFO:root:epoch 20, relative change 0.078076
INFO:root:epoch 21, relative change 0.075799
INFO:root:epoch 22, relative change 0.078431
INFO:root:epoch 23, relative change 0.082598
INFO:root:epoch 24, relative change 0.081719
INFO:root:save output to output/tmp_25.jpg
INFO:root:epoch 25, relative change 0.084252
INFO:root:epoch 26, relative change 0.085423
INFO:root:epoch 27, relative change 0.087205
INFO:root:epoch 28, relative change 0.080514
INFO:root:epoch 29, relative change 0.076935
INFO:root:save output to output/tmp_30.jpg
INFO:root:epoch 30, relative change 0.072574
INFO:root:epoch 31, relative change 0.071557
INFO:root:epoch 32, relative change 0.066420
INFO:root:epoch 33, relative change 0.063325
INFO:root:epoch 34, relative change 0.060551
INFO:root:save output to output/tmp_35.jpg
INFO:root:epoch 35, relative change 0.053725
INFO:root:epoch 36, relative change 0.052001
INFO:root:epoch 37, relative change 0.047572
INFO:root:epoch 38, relative change 0.046604
INFO:root:epoch 39, relative change 0.042208
INFO:root:save output to output/tmp_40.jpg
INFO:root:epoch 40, relative change 0.046001
INFO:root:epoch 41, relative change 0.039918
INFO:root:epoch 42, relative change 0.044275
INFO:root:epoch 43, relative change 0.034615
INFO:root:epoch 44, relative change 0.036417
INFO:root:save output to output/tmp_45.jpg
INFO:root:epoch 45, relative change 0.041996
INFO:root:epoch 46, relative change 0.035715
INFO:root:epoch 47, relative change 0.040166
INFO:root:epoch 48, relative change 0.031656
INFO:root:epoch 49, relative change 0.033068
INFO:root:save output to output/tmp_50.jpg
INFO:root:epoch 50, relative change 0.033139
INFO:root:epoch 51, relative change 0.029929
INFO:root:epoch 52, relative change 0.029136
INFO:root:epoch 53, relative change 0.032376
INFO:root:epoch 54, relative change 0.027287
INFO:root:save output to output/tmp_55.jpg
INFO:root:epoch 55, relative change 0.033714
INFO:root:epoch 56, relative change 0.024636
INFO:root:epoch 57, relative change 0.029378
INFO:root:epoch 58, relative change 0.028015
INFO:root:epoch 59, relative change 0.026125
INFO:root:save output to output/tmp_60.jpg
INFO:root:epoch 60, relative change 0.027387
INFO:root:epoch 61, relative change 0.023841
INFO:root:epoch 62, relative change 0.028453
INFO:root:epoch 63, relative change 0.022319
INFO:root:epoch 64, relative change 0.027260
INFO:root:save output to output/tmp_65.jpg
INFO:root:epoch 65, relative change 0.023406
INFO:root:epoch 66, relative change 0.022148
INFO:root:epoch 67, relative change 0.024872
INFO:root:epoch 68, relative change 0.019382
INFO:root:epoch 69, relative change 0.028710
INFO:root:save output to output/tmp_70.jpg
INFO:root:epoch 70, relative change 0.019758
INFO:root:epoch 71, relative change 0.023839
INFO:root:epoch 72, relative change 0.027972
INFO:root:epoch 73, relative change 0.019426
INFO:root:epoch 74, relative change 0.023240
INFO:root:save output to output/tmp_75.jpg
INFO:root:epoch 75, relative change 0.024614
INFO:root:epoch 76, relative change 0.016643
INFO:root:epoch 77, relative change 0.022275
INFO:root:epoch 78, relative change 0.021429
INFO:root:epoch 79, relative change 0.015688
INFO:root:save output to output/tmp_80.jpg
INFO:root:epoch 80, relative change 0.026505
INFO:root:Update[81]: Change learning rate to 9.00000e-04
INFO:root:epoch 81, relative change 0.018047
INFO:root:epoch 82, relative change 0.018519
INFO:root:epoch 83, relative change 0.021478
INFO:root:epoch 84, relative change 0.024162
INFO:root:save output to output/tmp_85.jpg
INFO:root:epoch 85, relative change 0.015312
INFO:root:epoch 86, relative change 0.021395
INFO:root:epoch 87, relative change 0.021347
INFO:root:epoch 88, relative change 0.018803
INFO:root:epoch 89, relative change 0.015420
INFO:root:save output to output/tmp_90.jpg
INFO:root:epoch 90, relative change 0.022011
INFO:root:epoch 91, relative change 0.015257
INFO:root:epoch 92, relative change 0.020230
INFO:root:epoch 93, relative change 0.016400
INFO:root:epoch 94, relative change 0.019045
INFO:root:save output to output/tmp_95.jpg
INFO:root:epoch 95, relative change 0.015879
INFO:root:epoch 96, relative change 0.022617
INFO:root:epoch 97, relative change 0.013251
INFO:root:epoch 98, relative change 0.019230
INFO:root:epoch 99, relative change 0.019383
INFO:root:save output to output/tmp_100.jpg
INFO:root:epoch 100, relative change 0.017260
INFO:root:epoch 101, relative change 0.017038
INFO:root:epoch 102, relative change 0.017087
INFO:root:epoch 103, relative change 0.015822
INFO:root:epoch 104, relative change 0.014149
INFO:root:save output to output/tmp_105.jpg
INFO:root:epoch 105, relative change 0.020353
INFO:root:epoch 106, relative change 0.013754
INFO:root:epoch 107, relative change 0.018567
INFO:root:epoch 108, relative change 0.017667
INFO:root:epoch 109, relative change 0.016769
INFO:root:save output to output/tmp_110.jpg
INFO:root:epoch 110, relative change 0.014124
INFO:root:epoch 111, relative change 0.018410
INFO:root:epoch 112, relative change 0.014740
INFO:root:epoch 113, relative change 0.016267
INFO:root:epoch 114, relative change 0.015415
INFO:root:save output to output/tmp_115.jpg
INFO:root:epoch 115, relative change 0.013927
INFO:root:epoch 116, relative change 0.015811
INFO:root:epoch 117, relative change 0.012862
INFO:root:epoch 118, relative change 0.015798
INFO:root:epoch 119, relative change 0.012863
INFO:root:save output to output/tmp_120.jpg
INFO:root:save output to output/sailing_vanGogh/sailing_vanGogh_120.jpg
INFO:root:PROC_TIME: [5101500ms], [5101s] [85min] [1h]
[1.0850695e-09, 1.0879707e-09, 1.09382e-09, 1.1057093e-09, 4.4826054e-09, 10.0]
+ date
+ echo MONITOR: END at Sat Aug 27 05:06:43 UTC 2016
MONITOR: END at Sat Aug 27 05:06:43 UTC 2016
