+ date
+ echo MONITOR: START at Fri Aug 26 19:58:06 UTC 2016
MONITOR: START at Fri Aug 26 19:58:06 UTC 2016
+ python=python
+ input_file=./static/upload/shuimohua2.jpg
+ style_file=./static/upload/sysu.jpg
+ output_name=shuimohua2_sysu
+ uniq_id=20160827_03:58:06_shuimohua2_sysu_200
+ max_num_epochs=20160827_03:58:06_shuimohua2_sysu_200
+ mkdir -p output/shuimohua2_sysu/
+ /bin/rm -rf output/shuimohua2_sysu/*
+ output_file=output/shuimohua2_sysu/shuimohua2_sysu_20160827_03:58:06_shuimohua2_sysu_200.jpg
+ sh -x update_status.sh 20160827_03:58:06_shuimohua2_sysu_200
+ report_table=neural_style_report
+ status_table=neural_style
+ date +%Y-%m-%d %H:%M:%S
+ end_date=2016-08-26 19:58:06
+ uniq_id=20160827_03:58:06_shuimohua2_sysu_200
+ status=finished
+ mysql=mysql -h 180.76.146.23 -P 3306 -uroot -p123
+ mysql -h 180.76.146.23 -P 3306 -uroot -p123 -e  use artist_at_ease;update neural_style set endtime = '2016-08-26 19:58:06', status = 'finished' where uniq_id = '20160827_03:58:06_shuimohua2_sysu_200';
+ mysql -h 180.76.146.23 -P 3306 -uroot -p123 -e  use artist_at_ease;update neural_style_report set endtime = '2016-08-26 19:58:06', status = 'finished' where uniq_id = '20160827_03:58:06_shuimohua2_sysu_200';
+ echo 0
0
+ date
+ echo MONITOR: END at Fri Aug 26 19:58:06 UTC 2016
MONITOR: END at Fri Aug 26 19:58:06 UTC 2016
