+ date
+ echo MONITOR: START at Sat Aug 27 03:42:49 UTC 2016
MONITOR: START at Sat Aug 27 03:42:49 UTC 2016
+ python=python
+ input_file=input/sunset.jpg
+ style_file=style/qibaishi.jpg
+ output_name=sunset_qibaishi
+ uniq_id=20160827_11:42:49_sunset_qibaishi_120
+ max_num_epochs=120
+ mkdir -p output/sunset_qibaishi/
+ /bin/rm -rf output/sunset_qibaishi/*
+ output_file=output/sunset_qibaishi/sunset_qibaishi_120.jpg
+ python run.py --content-image input/sunset.jpg --style-image style/qibaishi.jpg --gpu -1 --save-epochs 5 --max-num-epochs 120 --output output/sunset_qibaishi/sunset_qibaishi_120.jpg
libdc1394 error: Failed to initialize libdc1394
INFO:root:load the content image, size = (220, 391)
INFO:root:resize the content image to (337, 600)
[03:42:49] src/operator/./reshape-inl.h:249: Using target_shape will be deprecated.
[03:42:49] src/operator/./reshape-inl.h:249: Using target_shape will be deprecated.
[03:42:49] src/operator/./reshape-inl.h:249: Using target_shape will be deprecated.
[03:42:49] src/operator/./reshape-inl.h:249: Using target_shape will be deprecated.
[03:42:49] src/operator/./reshape-inl.h:249: Using target_shape will be deprecated.
[03:42:49] src/operator/./reshape-inl.h:249: Using target_shape will be deprecated.
[03:42:49] src/operator/./reshape-inl.h:249: Using target_shape will be deprecated.
[03:42:49] src/operator/./reshape-inl.h:249: Using target_shape will be deprecated.
[03:42:49] src/operator/./reshape-inl.h:249: Using target_shape will be deprecated.
[03:42:49] src/operator/./reshape-inl.h:249: Using target_shape will be deprecated.
[03:42:49] src/operator/./reshape-inl.h:249: Using target_shape will be deprecated.
[03:42:49] src/operator/./reshape-inl.h:249: Using target_shape will be deprecated.
[03:42:49] src/operator/./reshape-inl.h:249: Using target_shape will be deprecated.
[03:42:49] src/operator/./reshape-inl.h:249: Using target_shape will be deprecated.
[03:42:49] src/operator/./reshape-inl.h:249: Using target_shape will be deprecated.
[03:43:23] src/operator/./reshape-inl.h:249: Using target_shape will be deprecated.
[03:43:23] src/operator/./reshape-inl.h:249: Using target_shape will be deprecated.
[03:43:23] src/operator/./reshape-inl.h:249: Using target_shape will be deprecated.
[03:43:23] src/operator/./reshape-inl.h:249: Using target_shape will be deprecated.
[03:43:23] src/operator/./reshape-inl.h:249: Using target_shape will be deprecated.
Skip argument target_gram_0
Skip argument target_gram_1
Skip argument target_gram_2
Skip argument target_gram_3
Skip argument target_gram_4
Skip argument target_content
[03:43:23] src/operator/./reshape-inl.h:249: Using target_shape will be deprecated.
[03:43:23] src/operator/./reshape-inl.h:249: Using target_shape will be deprecated.
[03:43:23] src/operator/./reshape-inl.h:249: Using target_shape will be deprecated.
[03:43:23] src/operator/./reshape-inl.h:249: Using target_shape will be deprecated.
[03:43:23] src/operator/./reshape-inl.h:249: Using target_shape will be deprecated.
[03:43:23] src/operator/./reshape-inl.h:249: Using target_shape will be deprecated.
[03:43:23] src/operator/./reshape-inl.h:249: Using target_shape will be deprecated.
[03:43:23] src/operator/./reshape-inl.h:249: Using target_shape will be deprecated.
[03:43:23] src/operator/./reshape-inl.h:249: Using target_shape will be deprecated.
[03:43:23] src/operator/./reshape-inl.h:249: Using target_shape will be deprecated.
INFO:root:start training arguments Namespace(content_image='input/sunset.jpg', content_weight=10, gpu=-1, lr=0.001, max_long_edge=600, max_num_epochs=120, model='vgg19', output='output/sunset_qibaishi/sunset_qibaishi_120.jpg', remove_noise=0.02, save_epochs=5, stop_eps=0.005, style_image='style/qibaishi.jpg', style_weight=1, tv_weight=0.01)
INFO:root:epoch 0, relative change 0.994953
INFO:root:epoch 1, relative change 0.642341
INFO:root:epoch 2, relative change 0.483748
INFO:root:epoch 3, relative change 0.390377
INFO:root:epoch 4, relative change 0.322273
INFO:root:save output to output/tmp_5.jpg
/usr/local/lib/python2.7/dist-packages/skimage/util/dtype.py:110: UserWarning: Possible precision loss when converting from float64 to uint8
  "%s to %s" % (dtypeobj_in, dtypeobj))
INFO:root:epoch 5, relative change 0.255947
INFO:root:epoch 6, relative change 0.196650
INFO:root:epoch 7, relative change 0.156767
INFO:root:epoch 8, relative change 0.134145
INFO:root:epoch 9, relative change 0.125225
INFO:root:save output to output/tmp_10.jpg
INFO:root:epoch 10, relative change 0.125551
INFO:root:epoch 11, relative change 0.130332
INFO:root:epoch 12, relative change 0.134070
INFO:root:epoch 13, relative change 0.132363
INFO:root:epoch 14, relative change 0.126435
INFO:root:save output to output/tmp_15.jpg
INFO:root:epoch 15, relative change 0.114468
INFO:root:epoch 16, relative change 0.099476
INFO:root:epoch 17, relative change 0.087997
INFO:root:epoch 18, relative change 0.081521
INFO:root:epoch 19, relative change 0.079348
INFO:root:save output to output/tmp_20.jpg
INFO:root:epoch 20, relative change 0.079749
INFO:root:epoch 21, relative change 0.081096
INFO:root:epoch 22, relative change 0.082306
INFO:root:epoch 23, relative change 0.082690
INFO:root:epoch 24, relative change 0.082105
INFO:root:save output to output/tmp_25.jpg
INFO:root:epoch 25, relative change 0.080690
INFO:root:epoch 26, relative change 0.078663
INFO:root:epoch 27, relative change 0.076400
INFO:root:epoch 28, relative change 0.074164
INFO:root:epoch 29, relative change 0.071941
INFO:root:save output to output/tmp_30.jpg
INFO:root:epoch 30, relative change 0.069821
INFO:root:epoch 31, relative change 0.067804
INFO:root:epoch 32, relative change 0.065446
INFO:root:epoch 33, relative change 0.063345
INFO:root:epoch 34, relative change 0.061099
INFO:root:save output to output/tmp_35.jpg
INFO:root:epoch 35, relative change 0.059195
INFO:root:epoch 36, relative change 0.057333
INFO:root:epoch 37, relative change 0.055567
INFO:root:epoch 38, relative change 0.054040
INFO:root:epoch 39, relative change 0.052855
INFO:root:save output to output/tmp_40.jpg
INFO:root:epoch 40, relative change 0.051527
INFO:root:epoch 41, relative change 0.050590
INFO:root:epoch 42, relative change 0.049403
INFO:root:epoch 43, relative change 0.048619
INFO:root:epoch 44, relative change 0.047497
INFO:root:save output to output/tmp_45.jpg
INFO:root:epoch 45, relative change 0.046651
INFO:root:epoch 46, relative change 0.045635
INFO:root:epoch 47, relative change 0.045092
INFO:root:epoch 48, relative change 0.044337
INFO:root:epoch 49, relative change 0.043805
INFO:root:save output to output/tmp_50.jpg
INFO:root:epoch 50, relative change 0.043123
INFO:root:epoch 51, relative change 0.042561
INFO:root:epoch 52, relative change 0.041785
INFO:root:epoch 53, relative change 0.041192
INFO:root:epoch 54, relative change 0.040458
INFO:root:save output to output/tmp_55.jpg
INFO:root:epoch 55, relative change 0.039729
INFO:root:epoch 56, relative change 0.038306
INFO:root:epoch 57, relative change 0.036793
INFO:root:epoch 58, relative change 0.035193
INFO:root:epoch 59, relative change 0.033969
INFO:root:save output to output/tmp_60.jpg
INFO:root:epoch 60, relative change 0.032766
INFO:root:epoch 61, relative change 0.031462
INFO:root:epoch 62, relative change 0.029868
INFO:root:epoch 63, relative change 0.028352
INFO:root:epoch 64, relative change 0.026949
INFO:root:save output to output/tmp_65.jpg
INFO:root:epoch 65, relative change 0.025986
INFO:root:epoch 66, relative change 0.024984
INFO:root:epoch 67, relative change 0.023781
INFO:root:epoch 68, relative change 0.022553
INFO:root:epoch 69, relative change 0.021750
INFO:root:save output to output/tmp_70.jpg
INFO:root:epoch 70, relative change 0.020660
INFO:root:epoch 71, relative change 0.019586
INFO:root:epoch 72, relative change 0.018802
INFO:root:epoch 73, relative change 0.018208
INFO:root:epoch 74, relative change 0.017088
INFO:root:save output to output/tmp_75.jpg
INFO:root:epoch 75, relative change 0.016220
INFO:root:epoch 76, relative change 0.015878
INFO:root:epoch 77, relative change 0.015379
INFO:root:epoch 78, relative change 0.014254
INFO:root:epoch 79, relative change 0.013895
INFO:root:save output to output/tmp_80.jpg
INFO:root:epoch 80, relative change 0.013801
INFO:root:Update[81]: Change learning rate to 9.00000e-04
INFO:root:epoch 81, relative change 0.013136
INFO:root:epoch 82, relative change 0.011864
INFO:root:epoch 83, relative change 0.012583
INFO:root:epoch 84, relative change 0.012959
INFO:root:save output to output/tmp_85.jpg
INFO:root:epoch 85, relative change 0.010735
INFO:root:epoch 86, relative change 0.011831
INFO:root:epoch 87, relative change 0.011373
INFO:root:epoch 88, relative change 0.009691
INFO:root:epoch 89, relative change 0.011166
INFO:root:save output to output/tmp_90.jpg
INFO:root:epoch 90, relative change 0.011470
INFO:root:epoch 91, relative change 0.009210
INFO:root:epoch 92, relative change 0.011080
INFO:root:epoch 93, relative change 0.010864
INFO:root:epoch 94, relative change 0.008889
INFO:root:save output to output/tmp_95.jpg
INFO:root:epoch 95, relative change 0.010109
INFO:root:epoch 96, relative change 0.010522
INFO:root:epoch 97, relative change 0.009375
INFO:root:epoch 98, relative change 0.009492
INFO:root:epoch 99, relative change 0.010568
INFO:root:save output to output/tmp_100.jpg
INFO:root:epoch 100, relative change 0.009559
INFO:root:epoch 101, relative change 0.009246
INFO:root:epoch 102, relative change 0.010332
INFO:root:epoch 103, relative change 0.008966
INFO:root:epoch 104, relative change 0.010409
INFO:root:save output to output/tmp_105.jpg
INFO:root:epoch 105, relative change 0.010115
INFO:root:epoch 106, relative change 0.008140
INFO:root:epoch 107, relative change 0.010012
INFO:root:epoch 108, relative change 0.010429
INFO:root:epoch 109, relative change 0.007503
INFO:root:save output to output/tmp_110.jpg
INFO:root:epoch 110, relative change 0.009990
INFO:root:epoch 111, relative change 0.009838
INFO:root:epoch 112, relative change 0.007853
INFO:root:epoch 113, relative change 0.009852
INFO:root:epoch 114, relative change 0.010662
INFO:root:save output to output/tmp_115.jpg
INFO:root:epoch 115, relative change 0.007537
INFO:root:epoch 116, relative change 0.009496
INFO:root:epoch 117, relative change 0.009979
INFO:root:epoch 118, relative change 0.009724
INFO:root:epoch 119, relative change 0.008211
INFO:root:save output to output/tmp_120.jpg
INFO:root:save output to output/sunset_qibaishi/sunset_qibaishi_120.jpg
INFO:root:PROC_TIME: [4600553ms], [4600s] [76min] [1h]
[1.2074215e-09, 1.211015e-09, 1.211015e-09, 1.211015e-09, 4.9095203e-09, 10.0]
+ date
+ echo MONITOR: END at Sat Aug 27 04:59:30 UTC 2016
MONITOR: END at Sat Aug 27 04:59:30 UTC 2016
