+ date
+ echo MONITOR: START at Sat Aug 27 03:42:17 UTC 2016
MONITOR: START at Sat Aug 27 03:42:17 UTC 2016
+ python=python
+ input_file=input/sunset.jpg
+ style_file=style/vanGogh.jpg
+ output_name=sunset_vanGogh
+ uniq_id=20160827_11:42:17_sunset_vanGogh_120
+ max_num_epochs=120
+ mkdir -p output/sunset_vanGogh/
+ /bin/rm -rf output/sunset_vanGogh/*
+ output_file=output/sunset_vanGogh/sunset_vanGogh_120.jpg
+ python run.py --content-image input/sunset.jpg --style-image style/vanGogh.jpg --gpu -1 --save-epochs 5 --max-num-epochs 120 --output output/sunset_vanGogh/sunset_vanGogh_120.jpg
libdc1394 error: Failed to initialize libdc1394
INFO:root:load the content image, size = (220, 391)
INFO:root:resize the content image to (337, 600)
[03:42:17] src/operator/./reshape-inl.h:249: Using target_shape will be deprecated.
[03:42:17] src/operator/./reshape-inl.h:249: Using target_shape will be deprecated.
[03:42:17] src/operator/./reshape-inl.h:249: Using target_shape will be deprecated.
[03:42:17] src/operator/./reshape-inl.h:249: Using target_shape will be deprecated.
[03:42:17] src/operator/./reshape-inl.h:249: Using target_shape will be deprecated.
[03:42:17] src/operator/./reshape-inl.h:249: Using target_shape will be deprecated.
[03:42:17] src/operator/./reshape-inl.h:249: Using target_shape will be deprecated.
[03:42:17] src/operator/./reshape-inl.h:249: Using target_shape will be deprecated.
[03:42:17] src/operator/./reshape-inl.h:249: Using target_shape will be deprecated.
[03:42:17] src/operator/./reshape-inl.h:249: Using target_shape will be deprecated.
[03:42:17] src/operator/./reshape-inl.h:249: Using target_shape will be deprecated.
[03:42:17] src/operator/./reshape-inl.h:249: Using target_shape will be deprecated.
[03:42:17] src/operator/./reshape-inl.h:249: Using target_shape will be deprecated.
[03:42:17] src/operator/./reshape-inl.h:249: Using target_shape will be deprecated.
[03:42:17] src/operator/./reshape-inl.h:249: Using target_shape will be deprecated.
[03:42:51] src/operator/./reshape-inl.h:249: Using target_shape will be deprecated.
[03:42:51] src/operator/./reshape-inl.h:249: Using target_shape will be deprecated.
[03:42:51] src/operator/./reshape-inl.h:249: Using target_shape will be deprecated.
[03:42:51] src/operator/./reshape-inl.h:249: Using target_shape will be deprecated.
[03:42:51] src/operator/./reshape-inl.h:249: Using target_shape will be deprecated.
Skip argument target_gram_0
Skip argument target_gram_1
Skip argument target_gram_2
Skip argument target_gram_3
Skip argument target_gram_4
Skip argument target_content
[03:42:51] src/operator/./reshape-inl.h:249: Using target_shape will be deprecated.
[03:42:51] src/operator/./reshape-inl.h:249: Using target_shape will be deprecated.
[03:42:51] src/operator/./reshape-inl.h:249: Using target_shape will be deprecated.
[03:42:51] src/operator/./reshape-inl.h:249: Using target_shape will be deprecated.
[03:42:51] src/operator/./reshape-inl.h:249: Using target_shape will be deprecated.
[03:42:51] src/operator/./reshape-inl.h:249: Using target_shape will be deprecated.
[03:42:51] src/operator/./reshape-inl.h:249: Using target_shape will be deprecated.
[03:42:51] src/operator/./reshape-inl.h:249: Using target_shape will be deprecated.
[03:42:51] src/operator/./reshape-inl.h:249: Using target_shape will be deprecated.
[03:42:51] src/operator/./reshape-inl.h:249: Using target_shape will be deprecated.
INFO:root:start training arguments Namespace(content_image='input/sunset.jpg', content_weight=10, gpu=-1, lr=0.001, max_long_edge=600, max_num_epochs=120, model='vgg19', output='output/sunset_vanGogh/sunset_vanGogh_120.jpg', remove_noise=0.02, save_epochs=5, stop_eps=0.005, style_image='style/vanGogh.jpg', style_weight=1, tv_weight=0.01)
INFO:root:epoch 0, relative change 0.991391
INFO:root:epoch 1, relative change 0.642496
INFO:root:epoch 2, relative change 0.479052
INFO:root:epoch 3, relative change 0.386795
INFO:root:epoch 4, relative change 0.322515
INFO:root:save output to output/tmp_5.jpg
/usr/local/lib/python2.7/dist-packages/skimage/util/dtype.py:110: UserWarning: Possible precision loss when converting from float64 to uint8
  "%s to %s" % (dtypeobj_in, dtypeobj))
INFO:root:epoch 5, relative change 0.271653
INFO:root:epoch 6, relative change 0.208034
INFO:root:epoch 7, relative change 0.158096
INFO:root:epoch 8, relative change 0.130080
INFO:root:epoch 9, relative change 0.118034
INFO:root:save output to output/tmp_10.jpg
INFO:root:epoch 10, relative change 0.115424
INFO:root:epoch 11, relative change 0.115413
INFO:root:epoch 12, relative change 0.112217
INFO:root:epoch 13, relative change 0.110061
INFO:root:epoch 14, relative change 0.110854
INFO:root:save output to output/tmp_15.jpg
INFO:root:epoch 15, relative change 0.112857
INFO:root:epoch 16, relative change 0.104219
INFO:root:epoch 17, relative change 0.093874
INFO:root:epoch 18, relative change 0.088489
INFO:root:epoch 19, relative change 0.085845
INFO:root:save output to output/tmp_20.jpg
INFO:root:epoch 20, relative change 0.081895
INFO:root:epoch 21, relative change 0.080746
INFO:root:epoch 22, relative change 0.080870
INFO:root:epoch 23, relative change 0.079626
INFO:root:epoch 24, relative change 0.081405
INFO:root:save output to output/tmp_25.jpg
INFO:root:epoch 25, relative change 0.084872
INFO:root:epoch 26, relative change 0.086798
INFO:root:epoch 27, relative change 0.082558
INFO:root:epoch 28, relative change 0.079994
INFO:root:epoch 29, relative change 0.075898
INFO:root:save output to output/tmp_30.jpg
INFO:root:epoch 30, relative change 0.073843
INFO:root:epoch 31, relative change 0.070042
INFO:root:epoch 32, relative change 0.066720
INFO:root:epoch 33, relative change 0.062818
INFO:root:epoch 34, relative change 0.059053
INFO:root:save output to output/tmp_35.jpg
INFO:root:epoch 35, relative change 0.054999
INFO:root:epoch 36, relative change 0.052441
INFO:root:epoch 37, relative change 0.049085
INFO:root:epoch 38, relative change 0.047749
INFO:root:epoch 39, relative change 0.045164
INFO:root:save output to output/tmp_40.jpg
INFO:root:epoch 40, relative change 0.043716
INFO:root:epoch 41, relative change 0.042234
INFO:root:epoch 42, relative change 0.040635
INFO:root:epoch 43, relative change 0.038485
INFO:root:epoch 44, relative change 0.038300
INFO:root:save output to output/tmp_45.jpg
INFO:root:epoch 45, relative change 0.036105
INFO:root:epoch 46, relative change 0.036563
INFO:root:epoch 47, relative change 0.034606
INFO:root:epoch 48, relative change 0.033682
INFO:root:epoch 49, relative change 0.032426
INFO:root:save output to output/tmp_50.jpg
INFO:root:epoch 50, relative change 0.031096
INFO:root:epoch 51, relative change 0.029633
INFO:root:epoch 52, relative change 0.029320
INFO:root:epoch 53, relative change 0.026977
INFO:root:epoch 54, relative change 0.028099
INFO:root:save output to output/tmp_55.jpg
INFO:root:epoch 55, relative change 0.026592
INFO:root:epoch 56, relative change 0.026153
INFO:root:epoch 57, relative change 0.025140
INFO:root:epoch 58, relative change 0.024656
INFO:root:epoch 59, relative change 0.023281
INFO:root:save output to output/tmp_60.jpg
INFO:root:epoch 60, relative change 0.023173
INFO:root:epoch 61, relative change 0.021749
INFO:root:epoch 62, relative change 0.021996
INFO:root:epoch 63, relative change 0.020873
INFO:root:epoch 64, relative change 0.020762
INFO:root:save output to output/tmp_65.jpg
INFO:root:epoch 65, relative change 0.020011
INFO:root:epoch 66, relative change 0.019533
INFO:root:epoch 67, relative change 0.019104
INFO:root:epoch 68, relative change 0.018374
INFO:root:epoch 69, relative change 0.018906
INFO:root:save output to output/tmp_70.jpg
INFO:root:epoch 70, relative change 0.017490
INFO:root:epoch 71, relative change 0.020188
INFO:root:epoch 72, relative change 0.018341
INFO:root:epoch 73, relative change 0.021322
INFO:root:epoch 74, relative change 0.016912
INFO:root:save output to output/tmp_75.jpg
INFO:root:epoch 75, relative change 0.021407
INFO:root:epoch 76, relative change 0.017585
INFO:root:epoch 77, relative change 0.018592
INFO:root:epoch 78, relative change 0.018631
INFO:root:epoch 79, relative change 0.015608
INFO:root:save output to output/tmp_80.jpg
INFO:root:epoch 80, relative change 0.018895
INFO:root:Update[81]: Change learning rate to 9.00000e-04
INFO:root:epoch 81, relative change 0.015275
INFO:root:epoch 82, relative change 0.017827
INFO:root:epoch 83, relative change 0.015290
INFO:root:epoch 84, relative change 0.015750
INFO:root:save output to output/tmp_85.jpg
INFO:root:epoch 85, relative change 0.015678
INFO:root:epoch 86, relative change 0.014395
INFO:root:epoch 87, relative change 0.014942
INFO:root:epoch 88, relative change 0.014567
INFO:root:epoch 89, relative change 0.013208
INFO:root:save output to output/tmp_90.jpg
INFO:root:epoch 90, relative change 0.015003
INFO:root:epoch 91, relative change 0.012677
INFO:root:epoch 92, relative change 0.014619
INFO:root:epoch 93, relative change 0.011770
INFO:root:epoch 94, relative change 0.014313
INFO:root:save output to output/tmp_95.jpg
INFO:root:epoch 95, relative change 0.013305
INFO:root:epoch 96, relative change 0.012058
INFO:root:epoch 97, relative change 0.015958
INFO:root:epoch 98, relative change 0.012180
INFO:root:epoch 99, relative change 0.017832
INFO:root:save output to output/tmp_100.jpg
INFO:root:epoch 100, relative change 0.014033
INFO:root:epoch 101, relative change 0.015480
INFO:root:epoch 102, relative change 0.014957
INFO:root:epoch 103, relative change 0.013903
INFO:root:epoch 104, relative change 0.013327
INFO:root:save output to output/tmp_105.jpg
INFO:root:epoch 105, relative change 0.013740
INFO:root:epoch 106, relative change 0.014101
INFO:root:epoch 107, relative change 0.011515
INFO:root:epoch 108, relative change 0.016920
INFO:root:epoch 109, relative change 0.011745
INFO:root:save output to output/tmp_110.jpg
INFO:root:epoch 110, relative change 0.016085
INFO:root:epoch 111, relative change 0.014565
INFO:root:epoch 112, relative change 0.011074
INFO:root:epoch 113, relative change 0.017827
INFO:root:epoch 114, relative change 0.010310
INFO:root:save output to output/tmp_115.jpg
INFO:root:epoch 115, relative change 0.015704
INFO:root:epoch 116, relative change 0.015295
INFO:root:epoch 117, relative change 0.011275
INFO:root:epoch 118, relative change 0.014087
INFO:root:epoch 119, relative change 0.013877
INFO:root:save output to output/tmp_120.jpg
INFO:root:save output to output/sunset_vanGogh/sunset_vanGogh_120.jpg
INFO:root:PROC_TIME: [4600135ms], [4600s] [76min] [1h]
[1.2074215e-09, 1.211015e-09, 1.211015e-09, 1.211015e-09, 4.9095203e-09, 10.0]
+ date
+ echo MONITOR: END at Sat Aug 27 04:58:57 UTC 2016
MONITOR: END at Sat Aug 27 04:58:57 UTC 2016
