+ date
+ echo MONITOR: START at Fri Aug 26 19:54:37 UTC 2016
MONITOR: START at Fri Aug 26 19:54:37 UTC 2016
+ python=python
+ input_file=./static/upload/sysu.jpg
+ style_file=./static/upload/baidu.jpg
+ output_name=sysu_baidu
+ uniq_id=20160827_03:54:38_sysu_baidu_200
+ max_num_epochs=20160827_03:54:38_sysu_baidu_200
+ mkdir -p output/sysu_baidu/
+ /bin/rm -rf output/sysu_baidu/*
+ output_file=output/sysu_baidu/sysu_baidu_20160827_03:54:38_sysu_baidu_200.jpg
+ sh -x update_status.sh 20160827_03:54:38_sysu_baidu_200
+ report_table=neural_style_report
+ status_table=neural_style
+ date +%Y-%m-%d %H:%M:%S
+ end_date=2016-08-26 19:54:37
+ uniq_id=20160827_03:54:38_sysu_baidu_200
+ status=finished
+ mysql=mysql -h 180.76.146.23 -P 3306 -uroot -p123
+ mysql -h 180.76.146.23 -P 3306 -uroot -p123 -e  use artist_at_ease;update neural_style set endtime = '2016-08-26 19:54:37', status = 'finished' where uniq_id = '20160827_03:54:38_sysu_baidu_200';
+ mysql -h 180.76.146.23 -P 3306 -uroot -p123 -e  use artist_at_ease;update neural_style_report set endtime = '2016-08-26 19:54:37', status = 'finished' where uniq_id = '20160827_03:54:38_sysu_baidu_200';
+ date
+ echo MONITOR: END at Fri Aug 26 19:54:38 UTC 2016
MONITOR: END at Fri Aug 26 19:54:38 UTC 2016
