+ date
+ echo MONITOR: START at Fri Aug 26 09:45:04 UTC 2016
MONITOR: START at Fri Aug 26 09:45:04 UTC 2016
+ python=python
+ input_file=/notebooks/daiwk/mxnet/example/neural-style//input//sysu.jpg
+ style_file=/notebooks/daiwk/mxnet/example/neural-style//style//style-picasso.jpg
+ output_name=sysu_picasso
+ max_num_epochs=200
+ mkdir -p output/sysu_picasso/
+ /bin/rm -rf output/sysu_picasso/*
+ output_file=output/sysu_picasso/sysu_picasso_200.jpg
+ python run.py --content-image /notebooks/daiwk/mxnet/example/neural-style//input//sysu.jpg --style-image /notebooks/daiwk/mxnet/example/neural-style//style//style-picasso.jpg --gpu -1 --save-epochs 5 --max-num-epochs 200 --output output/sysu_picasso/sysu_picasso_200.jpg
libdc1394 error: Failed to initialize libdc1394
INFO:root:load the content image, size = (537, 800)
INFO:root:resize the content image to (402, 600)
[09:45:05] src/operator/./reshape-inl.h:249: Using target_shape will be deprecated.
[09:45:05] src/operator/./reshape-inl.h:249: Using target_shape will be deprecated.
[09:45:05] src/operator/./reshape-inl.h:249: Using target_shape will be deprecated.
[09:45:05] src/operator/./reshape-inl.h:249: Using target_shape will be deprecated.
[09:45:05] src/operator/./reshape-inl.h:249: Using target_shape will be deprecated.
[09:45:05] src/operator/./reshape-inl.h:249: Using target_shape will be deprecated.
[09:45:05] src/operator/./reshape-inl.h:249: Using target_shape will be deprecated.
[09:45:05] src/operator/./reshape-inl.h:249: Using target_shape will be deprecated.
[09:45:05] src/operator/./reshape-inl.h:249: Using target_shape will be deprecated.
[09:45:05] src/operator/./reshape-inl.h:249: Using target_shape will be deprecated.
[09:45:05] src/operator/./reshape-inl.h:249: Using target_shape will be deprecated.
[09:45:05] src/operator/./reshape-inl.h:249: Using target_shape will be deprecated.
[09:45:05] src/operator/./reshape-inl.h:249: Using target_shape will be deprecated.
[09:45:05] src/operator/./reshape-inl.h:249: Using target_shape will be deprecated.
[09:45:05] src/operator/./reshape-inl.h:249: Using target_shape will be deprecated.
[09:45:46] src/operator/./reshape-inl.h:249: Using target_shape will be deprecated.
[09:45:46] src/operator/./reshape-inl.h:249: Using target_shape will be deprecated.
[09:45:46] src/operator/./reshape-inl.h:249: Using target_shape will be deprecated.
[09:45:46] src/operator/./reshape-inl.h:249: Using target_shape will be deprecated.
[09:45:46] src/operator/./reshape-inl.h:249: Using target_shape will be deprecated.
Skip argument target_gram_0
Skip argument target_gram_1
Skip argument target_gram_2
Skip argument target_gram_3
Skip argument target_gram_4
Skip argument target_content
[09:45:46] src/operator/./reshape-inl.h:249: Using target_shape will be deprecated.
[09:45:46] src/operator/./reshape-inl.h:249: Using target_shape will be deprecated.
[09:45:46] src/operator/./reshape-inl.h:249: Using target_shape will be deprecated.
[09:45:46] src/operator/./reshape-inl.h:249: Using target_shape will be deprecated.
[09:45:46] src/operator/./reshape-inl.h:249: Using target_shape will be deprecated.
[09:45:46] src/operator/./reshape-inl.h:249: Using target_shape will be deprecated.
[09:45:46] src/operator/./reshape-inl.h:249: Using target_shape will be deprecated.
[09:45:46] src/operator/./reshape-inl.h:249: Using target_shape will be deprecated.
[09:45:46] src/operator/./reshape-inl.h:249: Using target_shape will be deprecated.
[09:45:46] src/operator/./reshape-inl.h:249: Using target_shape will be deprecated.
INFO:root:start training arguments Namespace(content_image='/notebooks/daiwk/mxnet/example/neural-style//input//sysu.jpg', content_weight=10, gpu=-1, lr=0.001, max_long_edge=600, max_num_epochs=200, model='vgg19', output='output/sysu_picasso/sysu_picasso_200.jpg', remove_noise=0.02, save_epochs=5, stop_eps=0.005, style_image='/notebooks/daiwk/mxnet/example/neural-style//style//style-picasso.jpg', style_weight=1, tv_weight=0.01)
INFO:root:epoch 0, relative change 0.995582
INFO:root:epoch 1, relative change 0.643265
INFO:root:epoch 2, relative change 0.480847
INFO:root:epoch 3, relative change 0.387313
INFO:root:epoch 4, relative change 0.322314
INFO:root:save output to output/tmp_5.jpg
/usr/local/lib/python2.7/dist-packages/skimage/util/dtype.py:110: UserWarning: Possible precision loss when converting from float64 to uint8
  "%s to %s" % (dtypeobj_in, dtypeobj))
INFO:root:epoch 5, relative change 0.270617
INFO:root:epoch 6, relative change 0.206891
INFO:root:epoch 7, relative change 0.158360
INFO:root:epoch 8, relative change 0.128644
INFO:root:epoch 9, relative change 0.113778
INFO:root:save output to output/tmp_10.jpg
INFO:root:epoch 10, relative change 0.110490
INFO:root:epoch 11, relative change 0.114813
INFO:root:epoch 12, relative change 0.120597
INFO:root:epoch 13, relative change 0.121527
INFO:root:epoch 14, relative change 0.119842
INFO:root:save output to output/tmp_15.jpg
INFO:root:epoch 15, relative change 0.117622
INFO:root:epoch 16, relative change 0.109786
INFO:root:epoch 17, relative change 0.096522
INFO:root:epoch 18, relative change 0.087423
INFO:root:epoch 19, relative change 0.082610
INFO:root:save output to output/tmp_20.jpg
INFO:root:epoch 20, relative change 0.079670
INFO:root:epoch 21, relative change 0.078362
INFO:root:epoch 22, relative change 0.078738
INFO:root:epoch 23, relative change 0.078788
INFO:root:epoch 24, relative change 0.078690
INFO:root:save output to output/tmp_25.jpg
INFO:root:epoch 25, relative change 0.078731
INFO:root:epoch 26, relative change 0.078508
INFO:root:epoch 27, relative change 0.077483
INFO:root:epoch 28, relative change 0.075795
INFO:root:epoch 29, relative change 0.074408
INFO:root:save output to output/tmp_30.jpg
INFO:root:epoch 30, relative change 0.073014
INFO:root:epoch 31, relative change 0.071355
INFO:root:epoch 32, relative change 0.069970
INFO:root:epoch 33, relative change 0.068887
INFO:root:epoch 34, relative change 0.067278
INFO:root:save output to output/tmp_35.jpg
INFO:root:epoch 35, relative change 0.065838
INFO:root:epoch 36, relative change 0.064557
INFO:root:epoch 37, relative change 0.063271
INFO:root:epoch 38, relative change 0.062329
INFO:root:epoch 39, relative change 0.061239
INFO:root:save output to output/tmp_40.jpg
INFO:root:epoch 40, relative change 0.060362
INFO:root:epoch 41, relative change 0.058658
INFO:root:epoch 42, relative change 0.057114
INFO:root:epoch 43, relative change 0.053690
INFO:root:epoch 44, relative change 0.051803
INFO:root:save output to output/tmp_45.jpg
INFO:root:epoch 45, relative change 0.051152
INFO:root:epoch 46, relative change 0.050754
INFO:root:epoch 47, relative change 0.048306
INFO:root:epoch 48, relative change 0.045707
INFO:root:epoch 49, relative change 0.044306
INFO:root:save output to output/tmp_50.jpg
INFO:root:epoch 50, relative change 0.043616
INFO:root:epoch 51, relative change 0.041333
INFO:root:epoch 52, relative change 0.039872
INFO:root:epoch 53, relative change 0.039570
INFO:root:epoch 54, relative change 0.037408
INFO:root:save output to output/tmp_55.jpg
INFO:root:epoch 55, relative change 0.036329
INFO:root:epoch 56, relative change 0.035875
INFO:root:epoch 57, relative change 0.033940
INFO:root:epoch 58, relative change 0.032189
INFO:root:epoch 59, relative change 0.032701
INFO:root:save output to output/tmp_60.jpg
INFO:root:epoch 60, relative change 0.030171
INFO:root:epoch 61, relative change 0.031927
INFO:root:epoch 62, relative change 0.032070
INFO:root:epoch 63, relative change 0.027677
INFO:root:epoch 64, relative change 0.031007
INFO:root:save output to output/tmp_65.jpg
INFO:root:epoch 65, relative change 0.030134
INFO:root:epoch 66, relative change 0.026123
INFO:root:epoch 67, relative change 0.029111
INFO:root:epoch 68, relative change 0.029058
INFO:root:epoch 69, relative change 0.024532
INFO:root:save output to output/tmp_70.jpg
INFO:root:epoch 70, relative change 0.026956
INFO:root:epoch 71, relative change 0.024995
INFO:root:epoch 72, relative change 0.023324
INFO:root:epoch 73, relative change 0.024311
INFO:root:epoch 74, relative change 0.023681
INFO:root:save output to output/tmp_75.jpg
INFO:root:epoch 75, relative change 0.021327
INFO:root:epoch 76, relative change 0.023234
INFO:root:epoch 77, relative change 0.022538
INFO:root:epoch 78, relative change 0.021044
INFO:root:epoch 79, relative change 0.020416
INFO:root:save output to output/tmp_80.jpg
INFO:root:epoch 80, relative change 0.019574
INFO:root:Update[81]: Change learning rate to 9.00000e-04
INFO:root:epoch 81, relative change 0.019733
INFO:root:epoch 82, relative change 0.019219
INFO:root:epoch 83, relative change 0.020223
INFO:root:epoch 84, relative change 0.018077
INFO:root:save output to output/tmp_85.jpg
INFO:root:epoch 85, relative change 0.020419
INFO:root:epoch 86, relative change 0.017992
INFO:root:epoch 87, relative change 0.019599
INFO:root:epoch 88, relative change 0.017970
INFO:root:epoch 89, relative change 0.019765
INFO:root:save output to output/tmp_90.jpg
INFO:root:epoch 90, relative change 0.016315
INFO:root:epoch 91, relative change 0.020782
INFO:root:epoch 92, relative change 0.016961
INFO:root:epoch 93, relative change 0.020140
INFO:root:epoch 94, relative change 0.016143
INFO:root:save output to output/tmp_95.jpg
INFO:root:epoch 95, relative change 0.017622
INFO:root:epoch 96, relative change 0.015866
INFO:root:epoch 97, relative change 0.018493
INFO:root:epoch 98, relative change 0.016299
INFO:root:epoch 99, relative change 0.016743
INFO:root:save output to output/tmp_100.jpg
INFO:root:epoch 100, relative change 0.016274
INFO:root:epoch 101, relative change 0.017533
INFO:root:epoch 102, relative change 0.014758
INFO:root:epoch 103, relative change 0.018161
INFO:root:epoch 104, relative change 0.016110
INFO:root:save output to output/tmp_105.jpg
INFO:root:epoch 105, relative change 0.017230
INFO:root:epoch 106, relative change 0.014180
INFO:root:epoch 107, relative change 0.018581
INFO:root:epoch 108, relative change 0.014234
INFO:root:epoch 109, relative change 0.018560
INFO:root:save output to output/tmp_110.jpg
INFO:root:epoch 110, relative change 0.013989
INFO:root:epoch 111, relative change 0.016125
INFO:root:epoch 112, relative change 0.015204
INFO:root:epoch 113, relative change 0.016569
INFO:root:epoch 114, relative change 0.013384
INFO:root:save output to output/tmp_115.jpg
INFO:root:epoch 115, relative change 0.016273
INFO:root:epoch 116, relative change 0.015203
INFO:root:epoch 117, relative change 0.014749
INFO:root:epoch 118, relative change 0.014019
INFO:root:epoch 119, relative change 0.013980
INFO:root:save output to output/tmp_120.jpg
INFO:root:epoch 120, relative change 0.013264
INFO:root:epoch 121, relative change 0.017291
INFO:root:epoch 122, relative change 0.014528
INFO:root:epoch 123, relative change 0.018147
INFO:root:epoch 124, relative change 0.017348
INFO:root:save output to output/tmp_125.jpg
INFO:root:epoch 125, relative change 0.013443
INFO:root:epoch 126, relative change 0.016118
INFO:root:epoch 127, relative change 0.014940
INFO:root:epoch 128, relative change 0.014243
INFO:root:epoch 129, relative change 0.015584
INFO:root:save output to output/tmp_130.jpg
INFO:root:epoch 130, relative change 0.016078
INFO:root:epoch 131, relative change 0.013620
INFO:root:epoch 132, relative change 0.016187
INFO:root:epoch 133, relative change 0.014309
INFO:root:epoch 134, relative change 0.014421
INFO:root:save output to output/tmp_135.jpg
INFO:root:epoch 135, relative change 0.014615
INFO:root:epoch 136, relative change 0.014344
INFO:root:epoch 137, relative change 0.013728
INFO:root:epoch 138, relative change 0.012653
INFO:root:epoch 139, relative change 0.014666
INFO:root:save output to output/tmp_140.jpg
INFO:root:epoch 140, relative change 0.012737
INFO:root:epoch 141, relative change 0.014714
INFO:root:epoch 142, relative change 0.013870
INFO:root:epoch 143, relative change 0.012683
INFO:root:epoch 144, relative change 0.012764
INFO:root:save output to output/tmp_145.jpg
INFO:root:epoch 145, relative change 0.013708
INFO:root:epoch 146, relative change 0.011380
INFO:root:epoch 147, relative change 0.014514
INFO:root:epoch 148, relative change 0.012800
INFO:root:epoch 149, relative change 0.014665
INFO:root:save output to output/tmp_150.jpg
INFO:root:epoch 150, relative change 0.011077
INFO:root:epoch 151, relative change 0.017336
INFO:root:epoch 152, relative change 0.012623
INFO:root:epoch 153, relative change 0.014799
INFO:root:epoch 154, relative change 0.013245
INFO:root:save output to output/tmp_155.jpg
INFO:root:epoch 155, relative change 0.013105
INFO:root:epoch 156, relative change 0.014870
INFO:root:epoch 157, relative change 0.011833
INFO:root:epoch 158, relative change 0.016844
INFO:root:epoch 159, relative change 0.014696
INFO:root:save output to output/tmp_160.jpg
INFO:root:epoch 160, relative change 0.014111
INFO:root:Update[161]: Change learning rate to 8.10000e-04
INFO:root:epoch 161, relative change 0.011624
INFO:root:epoch 162, relative change 0.012700
INFO:root:epoch 163, relative change 0.013207
INFO:root:epoch 164, relative change 0.012001
INFO:root:save output to output/tmp_165.jpg
INFO:root:epoch 165, relative change 0.014377
INFO:root:epoch 166, relative change 0.013448
INFO:root:epoch 167, relative change 0.012520
INFO:root:epoch 168, relative change 0.012513
INFO:root:epoch 169, relative change 0.012282
INFO:root:save output to output/tmp_170.jpg
INFO:root:epoch 170, relative change 0.012113
INFO:root:epoch 171, relative change 0.010953
INFO:root:epoch 172, relative change 0.012350
INFO:root:epoch 173, relative change 0.011707
INFO:root:epoch 174, relative change 0.010736
INFO:root:save output to output/tmp_175.jpg
INFO:root:epoch 175, relative change 0.012310
INFO:root:epoch 176, relative change 0.011290
INFO:root:epoch 177, relative change 0.011887
INFO:root:epoch 178, relative change 0.009872
INFO:root:epoch 179, relative change 0.013850
INFO:root:save output to output/tmp_180.jpg
INFO:root:epoch 180, relative change 0.011751
INFO:root:epoch 181, relative change 0.013416
INFO:root:epoch 182, relative change 0.010569
INFO:root:epoch 183, relative change 0.013859
INFO:root:epoch 184, relative change 0.011189
INFO:root:save output to output/tmp_185.jpg
INFO:root:epoch 185, relative change 0.013294
INFO:root:epoch 186, relative change 0.009861
INFO:root:epoch 187, relative change 0.012760
INFO:root:epoch 188, relative change 0.011842
INFO:root:epoch 189, relative change 0.010248
INFO:root:save output to output/tmp_190.jpg
INFO:root:epoch 190, relative change 0.011553
INFO:root:epoch 191, relative change 0.010884
INFO:root:epoch 192, relative change 0.011480
INFO:root:epoch 193, relative change 0.010041
INFO:root:epoch 194, relative change 0.011275
INFO:root:save output to output/tmp_195.jpg
INFO:root:epoch 195, relative change 0.010217
INFO:root:epoch 196, relative change 0.013161
INFO:root:epoch 197, relative change 0.010633
INFO:root:epoch 198, relative change 0.012655
INFO:root:epoch 199, relative change 0.012107
INFO:root:save output to output/tmp_200.jpg
INFO:root:save output to output/sysu_picasso/sysu_picasso_200.jpg
INFO:root:PROC_TIME: [9179420ms], [9179s] [152min] [2h]
[1.0121917e-09, 1.0121917e-09, 1.0172526e-09, 1.0172526e-09, 4.1239971e-09, 10.0]
+ date
+ echo MONITOR: END at Fri Aug 26 12:18:04 UTC 2016
MONITOR: END at Fri Aug 26 12:18:04 UTC 2016
