+ date
+ echo MONITOR: START at Sat Aug 27 01:47:38 UTC 2016
MONITOR: START at Sat Aug 27 01:47:38 UTC 2016
+ python=python
+ input_file=input/train.jpg
+ style_file=style/qibaishi.jpg
+ output_name=train_qibaishi
+ uniq_id=20160827_09:47:38_train_qibaishi_120
+ max_num_epochs=120
+ mkdir -p output/train_qibaishi/
+ /bin/rm -rf output/train_qibaishi/*
+ output_file=output/train_qibaishi/train_qibaishi_120.jpg
+ python run.py --content-image input/train.jpg --style-image style/qibaishi.jpg --gpu -1 --save-epochs 5 --max-num-epochs 120 --output output/train_qibaishi/train_qibaishi_120.jpg
libdc1394 error: Failed to initialize libdc1394
INFO:root:load the content image, size = (668, 1000)
INFO:root:resize the content image to (400, 600)
[01:47:39] src/operator/./reshape-inl.h:249: Using target_shape will be deprecated.
[01:47:39] src/operator/./reshape-inl.h:249: Using target_shape will be deprecated.
[01:47:39] src/operator/./reshape-inl.h:249: Using target_shape will be deprecated.
[01:47:39] src/operator/./reshape-inl.h:249: Using target_shape will be deprecated.
[01:47:39] src/operator/./reshape-inl.h:249: Using target_shape will be deprecated.
[01:47:39] src/operator/./reshape-inl.h:249: Using target_shape will be deprecated.
[01:47:39] src/operator/./reshape-inl.h:249: Using target_shape will be deprecated.
[01:47:39] src/operator/./reshape-inl.h:249: Using target_shape will be deprecated.
[01:47:39] src/operator/./reshape-inl.h:249: Using target_shape will be deprecated.
[01:47:39] src/operator/./reshape-inl.h:249: Using target_shape will be deprecated.
[01:47:39] src/operator/./reshape-inl.h:249: Using target_shape will be deprecated.
[01:47:39] src/operator/./reshape-inl.h:249: Using target_shape will be deprecated.
[01:47:39] src/operator/./reshape-inl.h:249: Using target_shape will be deprecated.
[01:47:39] src/operator/./reshape-inl.h:249: Using target_shape will be deprecated.
[01:47:39] src/operator/./reshape-inl.h:249: Using target_shape will be deprecated.
[01:48:19] src/operator/./reshape-inl.h:249: Using target_shape will be deprecated.
[01:48:19] src/operator/./reshape-inl.h:249: Using target_shape will be deprecated.
[01:48:19] src/operator/./reshape-inl.h:249: Using target_shape will be deprecated.
[01:48:19] src/operator/./reshape-inl.h:249: Using target_shape will be deprecated.
[01:48:19] src/operator/./reshape-inl.h:249: Using target_shape will be deprecated.
Skip argument target_gram_0
Skip argument target_gram_1
Skip argument target_gram_2
Skip argument target_gram_3
Skip argument target_gram_4
Skip argument target_content
[01:48:19] src/operator/./reshape-inl.h:249: Using target_shape will be deprecated.
[01:48:19] src/operator/./reshape-inl.h:249: Using target_shape will be deprecated.
[01:48:19] src/operator/./reshape-inl.h:249: Using target_shape will be deprecated.
[01:48:19] src/operator/./reshape-inl.h:249: Using target_shape will be deprecated.
[01:48:19] src/operator/./reshape-inl.h:249: Using target_shape will be deprecated.
[01:48:19] src/operator/./reshape-inl.h:249: Using target_shape will be deprecated.
[01:48:19] src/operator/./reshape-inl.h:249: Using target_shape will be deprecated.
[01:48:19] src/operator/./reshape-inl.h:249: Using target_shape will be deprecated.
[01:48:19] src/operator/./reshape-inl.h:249: Using target_shape will be deprecated.
[01:48:19] src/operator/./reshape-inl.h:249: Using target_shape will be deprecated.
INFO:root:start training arguments Namespace(content_image='input/train.jpg', content_weight=10, gpu=-1, lr=0.001, max_long_edge=600, max_num_epochs=120, model='vgg19', output='output/train_qibaishi/train_qibaishi_120.jpg', remove_noise=0.02, save_epochs=5, stop_eps=0.005, style_image='style/qibaishi.jpg', style_weight=1, tv_weight=0.01)
INFO:root:epoch 0, relative change 0.996180
INFO:root:epoch 1, relative change 0.642449
INFO:root:epoch 2, relative change 0.483252
INFO:root:epoch 3, relative change 0.390322
INFO:root:epoch 4, relative change 0.323281
INFO:root:save output to output/tmp_5.jpg
/usr/local/lib/python2.7/dist-packages/skimage/util/dtype.py:110: UserWarning: Possible precision loss when converting from float64 to uint8
  "%s to %s" % (dtypeobj_in, dtypeobj))
INFO:root:epoch 5, relative change 0.254496
INFO:root:epoch 6, relative change 0.192147
INFO:root:epoch 7, relative change 0.152163
INFO:root:epoch 8, relative change 0.131009
INFO:root:epoch 9, relative change 0.124459
INFO:root:save output to output/tmp_10.jpg
INFO:root:epoch 10, relative change 0.127365
INFO:root:epoch 11, relative change 0.133601
INFO:root:epoch 12, relative change 0.135891
INFO:root:epoch 13, relative change 0.132129
INFO:root:epoch 14, relative change 0.124909
INFO:root:save output to output/tmp_15.jpg
INFO:root:epoch 15, relative change 0.110845
INFO:root:epoch 16, relative change 0.097199
INFO:root:epoch 17, relative change 0.088578
INFO:root:epoch 18, relative change 0.084948
INFO:root:epoch 19, relative change 0.084799
INFO:root:save output to output/tmp_20.jpg
INFO:root:epoch 20, relative change 0.086287
INFO:root:epoch 21, relative change 0.087731
INFO:root:epoch 22, relative change 0.088020
INFO:root:epoch 23, relative change 0.087164
INFO:root:epoch 24, relative change 0.085639
INFO:root:save output to output/tmp_25.jpg
INFO:root:epoch 25, relative change 0.083782
INFO:root:epoch 26, relative change 0.081694
INFO:root:epoch 27, relative change 0.079491
INFO:root:epoch 28, relative change 0.077492
INFO:root:epoch 29, relative change 0.075318
INFO:root:save output to output/tmp_30.jpg
INFO:root:epoch 30, relative change 0.073280
INFO:root:epoch 31, relative change 0.071170
INFO:root:epoch 32, relative change 0.069040
INFO:root:epoch 33, relative change 0.067098
INFO:root:epoch 34, relative change 0.065035
INFO:root:save output to output/tmp_35.jpg
INFO:root:epoch 35, relative change 0.063333
INFO:root:epoch 36, relative change 0.061689
INFO:root:epoch 37, relative change 0.060122
INFO:root:epoch 38, relative change 0.058622
INFO:root:epoch 39, relative change 0.057233
INFO:root:save output to output/tmp_40.jpg
INFO:root:epoch 40, relative change 0.055900
INFO:root:epoch 41, relative change 0.054561
INFO:root:epoch 42, relative change 0.053115
INFO:root:epoch 43, relative change 0.051855
INFO:root:epoch 44, relative change 0.050705
INFO:root:save output to output/tmp_45.jpg
INFO:root:epoch 45, relative change 0.049457
INFO:root:epoch 46, relative change 0.048395
INFO:root:epoch 47, relative change 0.047308
INFO:root:epoch 48, relative change 0.046134
INFO:root:epoch 49, relative change 0.044893
INFO:root:save output to output/tmp_50.jpg
INFO:root:epoch 50, relative change 0.043544
INFO:root:epoch 51, relative change 0.042269
INFO:root:epoch 52, relative change 0.041007
INFO:root:epoch 53, relative change 0.039605
INFO:root:epoch 54, relative change 0.038216
INFO:root:save output to output/tmp_55.jpg
INFO:root:epoch 55, relative change 0.035937
INFO:root:epoch 56, relative change 0.033583
INFO:root:epoch 57, relative change 0.031751
INFO:root:epoch 58, relative change 0.031047
INFO:root:epoch 59, relative change 0.029994
INFO:root:save output to output/tmp_60.jpg
INFO:root:epoch 60, relative change 0.028593
INFO:root:epoch 61, relative change 0.026572
INFO:root:epoch 62, relative change 0.025025
INFO:root:epoch 63, relative change 0.024385
INFO:root:epoch 64, relative change 0.023887
INFO:root:save output to output/tmp_65.jpg
INFO:root:epoch 65, relative change 0.022507
INFO:root:epoch 66, relative change 0.020868
INFO:root:epoch 67, relative change 0.020510
INFO:root:epoch 68, relative change 0.020835
INFO:root:epoch 69, relative change 0.020050
INFO:root:save output to output/tmp_70.jpg
INFO:root:epoch 70, relative change 0.018529
INFO:root:epoch 71, relative change 0.017230
INFO:root:epoch 72, relative change 0.017662
INFO:root:epoch 73, relative change 0.017068
INFO:root:epoch 74, relative change 0.016145
INFO:root:save output to output/tmp_75.jpg
INFO:root:epoch 75, relative change 0.015255
INFO:root:epoch 76, relative change 0.014641
INFO:root:epoch 77, relative change 0.014432
INFO:root:epoch 78, relative change 0.014173
INFO:root:epoch 79, relative change 0.013526
INFO:root:save output to output/tmp_80.jpg
INFO:root:epoch 80, relative change 0.012760
INFO:root:Update[81]: Change learning rate to 9.00000e-04
INFO:root:epoch 81, relative change 0.012361
INFO:root:epoch 82, relative change 0.012017
INFO:root:epoch 83, relative change 0.011714
INFO:root:epoch 84, relative change 0.011234
INFO:root:save output to output/tmp_85.jpg
INFO:root:epoch 85, relative change 0.010785
INFO:root:epoch 86, relative change 0.010886
INFO:root:epoch 87, relative change 0.010599
INFO:root:epoch 88, relative change 0.010069
INFO:root:epoch 89, relative change 0.010037
INFO:root:save output to output/tmp_90.jpg
INFO:root:epoch 90, relative change 0.009921
INFO:root:epoch 91, relative change 0.009591
INFO:root:epoch 92, relative change 0.009569
INFO:root:epoch 93, relative change 0.009499
INFO:root:epoch 94, relative change 0.009465
INFO:root:save output to output/tmp_95.jpg
INFO:root:epoch 95, relative change 0.009247
INFO:root:epoch 96, relative change 0.008964
INFO:root:epoch 97, relative change 0.009376
INFO:root:epoch 98, relative change 0.009120
INFO:root:epoch 99, relative change 0.008478
INFO:root:save output to output/tmp_100.jpg
INFO:root:epoch 100, relative change 0.009107
INFO:root:epoch 101, relative change 0.009302
INFO:root:epoch 102, relative change 0.009246
INFO:root:epoch 103, relative change 0.008911
INFO:root:epoch 104, relative change 0.008554
INFO:root:save output to output/tmp_105.jpg
INFO:root:epoch 105, relative change 0.009100
INFO:root:epoch 106, relative change 0.009221
INFO:root:epoch 107, relative change 0.008324
INFO:root:epoch 108, relative change 0.009019
INFO:root:epoch 109, relative change 0.010324
INFO:root:save output to output/tmp_110.jpg
INFO:root:epoch 110, relative change 0.009344
INFO:root:epoch 111, relative change 0.008787
INFO:root:epoch 112, relative change 0.009666
INFO:root:epoch 113, relative change 0.009885
INFO:root:epoch 114, relative change 0.009323
INFO:root:save output to output/tmp_115.jpg
INFO:root:epoch 115, relative change 0.009030
INFO:root:epoch 116, relative change 0.008437
INFO:root:epoch 117, relative change 0.009559
INFO:root:epoch 118, relative change 0.010136
INFO:root:epoch 119, relative change 0.008758
INFO:root:save output to output/tmp_120.jpg
INFO:root:save output to output/train_qibaishi/train_qibaishi_120.jpg
INFO:root:PROC_TIME: [5465526ms], [5465s] [91min] [1h]
[1.0172526e-09, 1.0172526e-09, 1.0172526e-09, 1.0172526e-09, 4.1239971e-09, 10.0]
+ date
+ echo MONITOR: END at Sat Aug 27 03:18:44 UTC 2016
MONITOR: END at Sat Aug 27 03:18:44 UTC 2016
