+ date
+ echo MONITOR: START at Sat Aug 27 05:48:03 UTC 2016
MONITOR: START at Sat Aug 27 05:48:03 UTC 2016
+ python=python
+ input_file=input/waterfall.jpg
+ style_file=style/monai.jpg
+ output_name=waterfall_monai
+ uniq_id=20160827_13:48:03_waterfall_monai_120
+ max_num_epochs=120
+ mkdir -p output/waterfall_monai/
+ /bin/rm -rf output/waterfall_monai/*
+ output_file=output/waterfall_monai/waterfall_monai_120.jpg
+ python run.py --content-image input/waterfall.jpg --style-image style/monai.jpg --gpu -1 --save-epochs 5 --max-num-epochs 120 --output output/waterfall_monai/waterfall_monai_120.jpg
libdc1394 error: Failed to initialize libdc1394
INFO:root:load the content image, size = (678, 1024)
INFO:root:resize the content image to (397, 600)
[05:48:04] src/operator/./reshape-inl.h:249: Using target_shape will be deprecated.
[05:48:04] src/operator/./reshape-inl.h:249: Using target_shape will be deprecated.
[05:48:04] src/operator/./reshape-inl.h:249: Using target_shape will be deprecated.
[05:48:04] src/operator/./reshape-inl.h:249: Using target_shape will be deprecated.
[05:48:04] src/operator/./reshape-inl.h:249: Using target_shape will be deprecated.
[05:48:04] src/operator/./reshape-inl.h:249: Using target_shape will be deprecated.
[05:48:04] src/operator/./reshape-inl.h:249: Using target_shape will be deprecated.
[05:48:04] src/operator/./reshape-inl.h:249: Using target_shape will be deprecated.
[05:48:04] src/operator/./reshape-inl.h:249: Using target_shape will be deprecated.
[05:48:04] src/operator/./reshape-inl.h:249: Using target_shape will be deprecated.
[05:48:04] src/operator/./reshape-inl.h:249: Using target_shape will be deprecated.
[05:48:04] src/operator/./reshape-inl.h:249: Using target_shape will be deprecated.
[05:48:04] src/operator/./reshape-inl.h:249: Using target_shape will be deprecated.
[05:48:04] src/operator/./reshape-inl.h:249: Using target_shape will be deprecated.
[05:48:04] src/operator/./reshape-inl.h:249: Using target_shape will be deprecated.
[05:48:43] src/operator/./reshape-inl.h:249: Using target_shape will be deprecated.
[05:48:43] src/operator/./reshape-inl.h:249: Using target_shape will be deprecated.
[05:48:43] src/operator/./reshape-inl.h:249: Using target_shape will be deprecated.
[05:48:43] src/operator/./reshape-inl.h:249: Using target_shape will be deprecated.
[05:48:43] src/operator/./reshape-inl.h:249: Using target_shape will be deprecated.
Skip argument target_gram_0
Skip argument target_gram_1
Skip argument target_gram_2
Skip argument target_gram_3
Skip argument target_gram_4
Skip argument target_content
[05:48:43] src/operator/./reshape-inl.h:249: Using target_shape will be deprecated.
[05:48:43] src/operator/./reshape-inl.h:249: Using target_shape will be deprecated.
[05:48:43] src/operator/./reshape-inl.h:249: Using target_shape will be deprecated.
[05:48:43] src/operator/./reshape-inl.h:249: Using target_shape will be deprecated.
[05:48:43] src/operator/./reshape-inl.h:249: Using target_shape will be deprecated.
[05:48:43] src/operator/./reshape-inl.h:249: Using target_shape will be deprecated.
[05:48:43] src/operator/./reshape-inl.h:249: Using target_shape will be deprecated.
[05:48:43] src/operator/./reshape-inl.h:249: Using target_shape will be deprecated.
[05:48:43] src/operator/./reshape-inl.h:249: Using target_shape will be deprecated.
[05:48:43] src/operator/./reshape-inl.h:249: Using target_shape will be deprecated.
INFO:root:start training arguments Namespace(content_image='input/waterfall.jpg', content_weight=10, gpu=-1, lr=0.001, max_long_edge=600, max_num_epochs=120, model='vgg19', output='output/waterfall_monai/waterfall_monai_120.jpg', remove_noise=0.02, save_epochs=5, stop_eps=0.005, style_image='style/monai.jpg', style_weight=1, tv_weight=0.01)
INFO:root:epoch 0, relative change 0.992832
INFO:root:epoch 1, relative change 0.639695
INFO:root:epoch 2, relative change 0.478070
INFO:root:epoch 3, relative change 0.388040
INFO:root:epoch 4, relative change 0.325198
INFO:root:save output to output/tmp_5.jpg
/usr/local/lib/python2.7/dist-packages/skimage/util/dtype.py:110: UserWarning: Possible precision loss when converting from float64 to uint8
  "%s to %s" % (dtypeobj_in, dtypeobj))
INFO:root:epoch 5, relative change 0.272144
INFO:root:epoch 6, relative change 0.202650
INFO:root:epoch 7, relative change 0.155108
INFO:root:epoch 8, relative change 0.129208
INFO:root:epoch 9, relative change 0.116336
INFO:root:save output to output/tmp_10.jpg
INFO:root:epoch 10, relative change 0.111193
INFO:root:epoch 11, relative change 0.109954
INFO:root:epoch 12, relative change 0.111217
INFO:root:epoch 13, relative change 0.114541
INFO:root:epoch 14, relative change 0.118922
INFO:root:save output to output/tmp_15.jpg
INFO:root:epoch 15, relative change 0.113398
INFO:root:epoch 16, relative change 0.102884
INFO:root:epoch 17, relative change 0.098296
INFO:root:epoch 18, relative change 0.086989
INFO:root:epoch 19, relative change 0.081791
INFO:root:save output to output/tmp_20.jpg
INFO:root:epoch 20, relative change 0.075213
INFO:root:epoch 21, relative change 0.074020
INFO:root:epoch 22, relative change 0.079448
INFO:root:epoch 23, relative change 0.078300
INFO:root:epoch 24, relative change 0.084713
INFO:root:save output to output/tmp_25.jpg
INFO:root:epoch 25, relative change 0.079157
INFO:root:epoch 26, relative change 0.080228
INFO:root:epoch 27, relative change 0.072069
INFO:root:epoch 28, relative change 0.072356
INFO:root:epoch 29, relative change 0.063177
INFO:root:save output to output/tmp_30.jpg
INFO:root:epoch 30, relative change 0.064627
INFO:root:epoch 31, relative change 0.056263
INFO:root:epoch 32, relative change 0.057857
INFO:root:epoch 33, relative change 0.050148
INFO:root:epoch 34, relative change 0.054080
INFO:root:save output to output/tmp_35.jpg
INFO:root:epoch 35, relative change 0.045731
INFO:root:epoch 36, relative change 0.049676
INFO:root:epoch 37, relative change 0.042294
INFO:root:epoch 38, relative change 0.045146
INFO:root:epoch 39, relative change 0.039911
INFO:root:save output to output/tmp_40.jpg
INFO:root:epoch 40, relative change 0.040199
INFO:root:epoch 41, relative change 0.038470
INFO:root:epoch 42, relative change 0.036740
INFO:root:epoch 43, relative change 0.036274
INFO:root:epoch 44, relative change 0.035514
INFO:root:save output to output/tmp_45.jpg
INFO:root:epoch 45, relative change 0.033485
INFO:root:epoch 46, relative change 0.033739
INFO:root:epoch 47, relative change 0.031726
INFO:root:epoch 48, relative change 0.032139
INFO:root:epoch 49, relative change 0.029501
INFO:root:save output to output/tmp_50.jpg
INFO:root:epoch 50, relative change 0.030647
INFO:root:epoch 51, relative change 0.027912
INFO:root:epoch 52, relative change 0.029732
INFO:root:epoch 53, relative change 0.026930
INFO:root:epoch 54, relative change 0.029939
INFO:root:save output to output/tmp_55.jpg
INFO:root:epoch 55, relative change 0.024843
INFO:root:epoch 56, relative change 0.031482
INFO:root:epoch 57, relative change 0.023037
INFO:root:epoch 58, relative change 0.035591
INFO:root:epoch 59, relative change 0.022250
INFO:root:save output to output/tmp_60.jpg
INFO:root:epoch 60, relative change 0.031078
INFO:root:epoch 61, relative change 0.028683
INFO:root:epoch 62, relative change 0.024409
INFO:root:epoch 63, relative change 0.031972
INFO:root:epoch 64, relative change 0.023155
INFO:root:save output to output/tmp_65.jpg
INFO:root:epoch 65, relative change 0.027028
INFO:root:epoch 66, relative change 0.026826
INFO:root:epoch 67, relative change 0.021707
INFO:root:epoch 68, relative change 0.025446
INFO:root:epoch 69, relative change 0.023336
INFO:root:save output to output/tmp_70.jpg
INFO:root:epoch 70, relative change 0.020902
INFO:root:epoch 71, relative change 0.028119
INFO:root:epoch 72, relative change 0.021004
INFO:root:epoch 73, relative change 0.026946
INFO:root:epoch 74, relative change 0.024380
INFO:root:save output to output/tmp_75.jpg
INFO:root:epoch 75, relative change 0.019691
INFO:root:epoch 76, relative change 0.033427
INFO:root:epoch 77, relative change 0.023660
INFO:root:epoch 78, relative change 0.029314
INFO:root:epoch 79, relative change 0.023002
INFO:root:save output to output/tmp_80.jpg
INFO:root:epoch 80, relative change 0.032653
INFO:root:Update[81]: Change learning rate to 9.00000e-04
INFO:root:epoch 81, relative change 0.019674
INFO:root:epoch 82, relative change 0.025556
INFO:root:epoch 83, relative change 0.022985
INFO:root:epoch 84, relative change 0.025125
INFO:root:save output to output/tmp_85.jpg
INFO:root:epoch 85, relative change 0.017785
INFO:root:epoch 86, relative change 0.024472
INFO:root:epoch 87, relative change 0.019885
INFO:root:epoch 88, relative change 0.023474
INFO:root:epoch 89, relative change 0.019731
INFO:root:save output to output/tmp_90.jpg
INFO:root:epoch 90, relative change 0.027120
INFO:root:epoch 91, relative change 0.016837
INFO:root:epoch 92, relative change 0.025573
INFO:root:epoch 93, relative change 0.019414
INFO:root:epoch 94, relative change 0.022165
INFO:root:save output to output/tmp_95.jpg
INFO:root:epoch 95, relative change 0.018097
INFO:root:epoch 96, relative change 0.026211
INFO:root:epoch 97, relative change 0.013310
INFO:root:epoch 98, relative change 0.024881
INFO:root:epoch 99, relative change 0.016070
INFO:root:save output to output/tmp_100.jpg
INFO:root:epoch 100, relative change 0.022041
INFO:root:epoch 101, relative change 0.016200
INFO:root:epoch 102, relative change 0.025695
INFO:root:epoch 103, relative change 0.015135
INFO:root:epoch 104, relative change 0.025548
INFO:root:save output to output/tmp_105.jpg
INFO:root:epoch 105, relative change 0.015759
INFO:root:epoch 106, relative change 0.022895
INFO:root:epoch 107, relative change 0.014703
INFO:root:epoch 108, relative change 0.023902
INFO:root:epoch 109, relative change 0.012794
INFO:root:save output to output/tmp_110.jpg
INFO:root:epoch 110, relative change 0.023891
INFO:root:epoch 111, relative change 0.013678
INFO:root:epoch 112, relative change 0.022325
INFO:root:epoch 113, relative change 0.013684
INFO:root:epoch 114, relative change 0.021795
INFO:root:save output to output/tmp_115.jpg
INFO:root:epoch 115, relative change 0.014997
INFO:root:epoch 116, relative change 0.020592
INFO:root:epoch 117, relative change 0.015568
INFO:root:epoch 118, relative change 0.020443
INFO:root:epoch 119, relative change 0.015295
INFO:root:save output to output/tmp_120.jpg
INFO:root:save output to output/waterfall_monai/waterfall_monai_120.jpg
INFO:root:PROC_TIME: [5419627ms], [5419s] [90min] [1h]
[1.0249397e-09, 1.0275278e-09, 1.0275278e-09, 1.0380129e-09, 4.2958304e-09, 10.0]
+ date
+ echo MONITOR: END at Sat Aug 27 07:18:23 UTC 2016
MONITOR: END at Sat Aug 27 07:18:23 UTC 2016
